running develop
running egg_info
creating f112th_2501_control_teleop.egg-info
writing f112th_2501_control_teleop.egg-info/PKG-INFO
writing dependency_links to f112th_2501_control_teleop.egg-info/dependency_links.txt
writing entry points to f112th_2501_control_teleop.egg-info/entry_points.txt
writing requirements to f112th_2501_control_teleop.egg-info/requires.txt
writing top-level names to f112th_2501_control_teleop.egg-info/top_level.txt
writing manifest file 'f112th_2501_control_teleop.egg-info/SOURCES.txt'
reading manifest file 'f112th_2501_control_teleop.egg-info/SOURCES.txt'
writing manifest file 'f112th_2501_control_teleop.egg-info/SOURCES.txt'
running build_ext
Creating /root/f112th_2501_camel/install/f112th_2501_control_teleop/lib/python3.10/site-packages/f112th-2501-control-teleop.egg-link (link to .)
Installing control_teleop script to /root/f112th_2501_camel/install/f112th_2501_control_teleop/lib/f112th_2501_control_teleop

Installed /root/f112th_2501_camel/build/f112th_2501_control_teleop
running symlink_data
creating /root/f112th_2501_camel/install/f112th_2501_control_teleop/share/ament_index
creating /root/f112th_2501_camel/install/f112th_2501_control_teleop/share/ament_index/resource_index
creating /root/f112th_2501_camel/install/f112th_2501_control_teleop/share/ament_index/resource_index/packages
symbolically linking /root/f112th_2501_camel/build/f112th_2501_control_teleop/resource/f112th_2501_control_teleop -> /root/f112th_2501_camel/install/f112th_2501_control_teleop/share/ament_index/resource_index/packages
symbolically linking /root/f112th_2501_camel/build/f112th_2501_control_teleop/package.xml -> /root/f112th_2501_camel/install/f112th_2501_control_teleop/share/f112th_2501_control_teleop
creating /root/f112th_2501_camel/install/f112th_2501_control_teleop/share/f112th_2501_control_teleop/launch
symbolically linking /root/f112th_2501_camel/build/f112th_2501_control_teleop/launch/launch_joy_input_launch.py -> /root/f112th_2501_camel/install/f112th_2501_control_teleop/share/f112th_2501_control_teleop/launch
