[1.037s] Invoking command in '/root/f112th_2501_camel/build/f112th_2501_control_teleop': PYTHONPATH=/root/f112th_2501_camel/build/f112th_2501_control_teleop/prefix_override:/usr/lib/python3/dist-packages/colcon_core/task/python/colcon_distutils_commands:/root/f112th_2501_camel/install/f112th_2501_control_teleop/lib/python3.10/site-packages:${PYTHONPATH} /usr/bin/python3 -W ignore:setup.py install is deprecated -W ignore:easy_install command is deprecated setup.py develop --editable --build-directory /root/f112th_2501_camel/build/f112th_2501_control_teleop/build --no-deps symlink_data
[1.339s] running develop
[1.513s] running egg_info
[1.513s] creating f112th_2501_control_teleop.egg-info
[1.515s] writing f112th_2501_control_teleop.egg-info/PKG-INFO
[1.515s] writing dependency_links to f112th_2501_control_teleop.egg-info/dependency_links.txt
[1.517s] writing entry points to f112th_2501_control_teleop.egg-info/entry_points.txt
[1.517s] writing requirements to f112th_2501_control_teleop.egg-info/requires.txt
[1.517s] writing top-level names to f112th_2501_control_teleop.egg-info/top_level.txt
[1.517s] writing manifest file 'f112th_2501_control_teleop.egg-info/SOURCES.txt'
[1.518s] reading manifest file 'f112th_2501_control_teleop.egg-info/SOURCES.txt'
[1.518s] writing manifest file 'f112th_2501_control_teleop.egg-info/SOURCES.txt'
[1.520s] running build_ext
[1.520s] Creating /root/f112th_2501_camel/install/f112th_2501_control_teleop/lib/python3.10/site-packages/f112th-2501-control-teleop.egg-link (link to .)
[1.521s] Installing control_teleop script to /root/f112th_2501_camel/install/f112th_2501_control_teleop/lib/f112th_2501_control_teleop
[1.522s] 
[1.522s] Installed /root/f112th_2501_camel/build/f112th_2501_control_teleop
[1.522s] running symlink_data
[1.522s] creating /root/f112th_2501_camel/install/f112th_2501_control_teleop/share/ament_index
[1.523s] creating /root/f112th_2501_camel/install/f112th_2501_control_teleop/share/ament_index/resource_index
[1.523s] creating /root/f112th_2501_camel/install/f112th_2501_control_teleop/share/ament_index/resource_index/packages
[1.524s] symbolically linking /root/f112th_2501_camel/build/f112th_2501_control_teleop/resource/f112th_2501_control_teleop -> /root/f112th_2501_camel/install/f112th_2501_control_teleop/share/ament_index/resource_index/packages
[1.524s] symbolically linking /root/f112th_2501_camel/build/f112th_2501_control_teleop/package.xml -> /root/f112th_2501_camel/install/f112th_2501_control_teleop/share/f112th_2501_control_teleop
[1.525s] creating /root/f112th_2501_camel/install/f112th_2501_control_teleop/share/f112th_2501_control_teleop/launch
[1.526s] symbolically linking /root/f112th_2501_camel/build/f112th_2501_control_teleop/launch/launch_joy_input_launch.py -> /root/f112th_2501_camel/install/f112th_2501_control_teleop/share/f112th_2501_control_teleop/launch
[1.557s] Invoked command in '/root/f112th_2501_camel/build/f112th_2501_control_teleop' returned '0': PYTHONPATH=/root/f112th_2501_camel/build/f112th_2501_control_teleop/prefix_override:/usr/lib/python3/dist-packages/colcon_core/task/python/colcon_distutils_commands:/root/f112th_2501_camel/install/f112th_2501_control_teleop/lib/python3.10/site-packages:${PYTHONPATH} /usr/bin/python3 -W ignore:setup.py install is deprecated -W ignore:easy_install command is deprecated setup.py develop --editable --build-directory /root/f112th_2501_camel/build/f112th_2501_control_teleop/build --no-deps symlink_data
