[0.392s] DEBUG:colcon:Command line arguments: ['/usr/bin/colcon', 'build', '--symlink-install']
[0.392s] DEBUG:colcon:Parsed command line arguments: Namespace(log_base=None, log_level=None, verb_name='build', build_base='build', install_base='install', merge_install=False, symlink_install=True, test_result_base=None, continue_on_error=False, executor='parallel', parallel_workers=12, event_handlers=None, ignore_user_meta=False, metas=['./colcon.meta'], base_paths=['.'], packages_ignore=None, packages_ignore_regex=None, paths=None, packages_up_to=None, packages_up_to_regex=None, packages_above=None, packages_above_and_dependencies=None, packages_above_depth=None, packages_select_by_dep=None, packages_skip_by_dep=None, packages_skip_up_to=None, packages_select_build_failed=False, packages_skip_build_finished=False, packages_select_test_failures=False, packages_skip_test_passed=False, packages_select=None, packages_skip=None, packages_select_regex=None, packages_skip_regex=None, packages_start=None, packages_end=None, cmake_args=None, cmake_target=None, cmake_target_skip_unavailable=False, cmake_clean_cache=False, cmake_clean_first=False, cmake_force_configure=False, ament_cmake_args=None, catkin_cmake_args=None, catkin_skip_building_tests=False, mixin_files=None, mixin=None, verb_parser=<colcon_mixin.mixin.mixin_argument.MixinArgumentDecorator object at 0x7f1732378790>, verb_extension=<colcon_core.verb.build.BuildVerb object at 0x7f173249d630>, main=<bound method BuildVerb.main of <colcon_core.verb.build.BuildVerb object at 0x7f173249d630>>, mixin_verb=('build',))
[0.755s] Level 1:colcon.colcon_core.package_discovery:discover_packages(colcon_meta) check parameters
[0.757s] INFO:colcon.colcon_metadata.package_discovery.colcon_meta:Using configuration from '/root/.colcon/metadata/default/Gazebo.meta'
[0.759s] INFO:colcon.colcon_metadata.package_discovery.colcon_meta:Using configuration from '/root/.colcon/metadata/default/fastrtps.meta'
[0.759s] Level 1:colcon.colcon_core.package_discovery:discover_packages(recursive) check parameters
[0.759s] Level 1:colcon.colcon_core.package_discovery:discover_packages(ignore) check parameters
[0.759s] Level 1:colcon.colcon_core.package_discovery:discover_packages(path) check parameters
[0.759s] Level 1:colcon.colcon_core.package_discovery:discover_packages(colcon_meta) discover
[0.759s] Level 1:colcon.colcon_core.package_discovery:discover_packages(recursive) discover
[0.759s] INFO:colcon.colcon_core.package_discovery:Crawling recursively for packages in '/root/f112th_2501_camel'
[0.760s] Level 1:colcon.colcon_core.package_identification:_identify(.) by extensions ['ignore', 'ignore_ament_install']
[0.760s] Level 1:colcon.colcon_core.package_identification:_identify(.) by extension 'ignore'
[0.760s] Level 1:colcon.colcon_core.package_identification:_identify(.) by extension 'ignore_ament_install'
[0.760s] Level 1:colcon.colcon_core.package_identification:_identify(.) by extensions ['colcon_pkg']
[0.760s] Level 1:colcon.colcon_core.package_identification:_identify(.) by extension 'colcon_pkg'
[0.760s] Level 1:colcon.colcon_core.package_identification:_identify(.) by extensions ['colcon_meta']
[0.761s] Level 1:colcon.colcon_core.package_identification:_identify(.) by extension 'colcon_meta'
[0.761s] Level 1:colcon.colcon_core.package_identification:_identify(.) by extensions ['ros']
[0.761s] Level 1:colcon.colcon_core.package_identification:_identify(.) by extension 'ros'
[0.794s] Level 1:colcon.colcon_core.package_identification:_identify(.) by extensions ['cmake', 'python']
[0.794s] Level 1:colcon.colcon_core.package_identification:_identify(.) by extension 'cmake'
[0.795s] Level 1:colcon.colcon_core.package_identification:_identify(.) by extension 'python'
[0.795s] Level 1:colcon.colcon_core.package_identification:_identify(.) by extensions ['python_setup_py']
[0.795s] Level 1:colcon.colcon_core.package_identification:_identify(.) by extension 'python_setup_py'
[0.795s] Level 1:colcon.colcon_core.package_identification:_identify(Resources) by extensions ['ignore', 'ignore_ament_install']
[0.795s] Level 1:colcon.colcon_core.package_identification:_identify(Resources) by extension 'ignore'
[0.795s] Level 1:colcon.colcon_core.package_identification:_identify(Resources) by extension 'ignore_ament_install'
[0.796s] Level 1:colcon.colcon_core.package_identification:_identify(Resources) by extensions ['colcon_pkg']
[0.796s] Level 1:colcon.colcon_core.package_identification:_identify(Resources) by extension 'colcon_pkg'
[0.796s] Level 1:colcon.colcon_core.package_identification:_identify(Resources) by extensions ['colcon_meta']
[0.796s] Level 1:colcon.colcon_core.package_identification:_identify(Resources) by extension 'colcon_meta'
[0.796s] Level 1:colcon.colcon_core.package_identification:_identify(Resources) by extensions ['ros']
[0.796s] Level 1:colcon.colcon_core.package_identification:_identify(Resources) by extension 'ros'
[0.796s] Level 1:colcon.colcon_core.package_identification:_identify(Resources) by extensions ['cmake', 'python']
[0.796s] Level 1:colcon.colcon_core.package_identification:_identify(Resources) by extension 'cmake'
[0.797s] Level 1:colcon.colcon_core.package_identification:_identify(Resources) by extension 'python'
[0.797s] Level 1:colcon.colcon_core.package_identification:_identify(Resources) by extensions ['python_setup_py']
[0.797s] Level 1:colcon.colcon_core.package_identification:_identify(Resources) by extension 'python_setup_py'
[0.798s] Level 1:colcon.colcon_core.package_identification:_identify(build) by extensions ['ignore', 'ignore_ament_install']
[0.798s] Level 1:colcon.colcon_core.package_identification:_identify(build) by extension 'ignore'
[0.798s] Level 1:colcon.colcon_core.package_identification:_identify(build) ignored
[0.798s] Level 1:colcon.colcon_core.package_identification:_identify(install) by extensions ['ignore', 'ignore_ament_install']
[0.799s] Level 1:colcon.colcon_core.package_identification:_identify(install) by extension 'ignore'
[0.799s] Level 1:colcon.colcon_core.package_identification:_identify(install) ignored
[0.799s] Level 1:colcon.colcon_core.package_identification:_identify(log) by extensions ['ignore', 'ignore_ament_install']
[0.799s] Level 1:colcon.colcon_core.package_identification:_identify(log) by extension 'ignore'
[0.799s] Level 1:colcon.colcon_core.package_identification:_identify(log) ignored
[0.800s] Level 1:colcon.colcon_core.package_identification:_identify(src) by extensions ['ignore', 'ignore_ament_install']
[0.800s] Level 1:colcon.colcon_core.package_identification:_identify(src) by extension 'ignore'
[0.800s] Level 1:colcon.colcon_core.package_identification:_identify(src) by extension 'ignore_ament_install'
[0.800s] Level 1:colcon.colcon_core.package_identification:_identify(src) by extensions ['colcon_pkg']
[0.800s] Level 1:colcon.colcon_core.package_identification:_identify(src) by extension 'colcon_pkg'
[0.800s] Level 1:colcon.colcon_core.package_identification:_identify(src) by extensions ['colcon_meta']
[0.800s] Level 1:colcon.colcon_core.package_identification:_identify(src) by extension 'colcon_meta'
[0.800s] Level 1:colcon.colcon_core.package_identification:_identify(src) by extensions ['ros']
[0.800s] Level 1:colcon.colcon_core.package_identification:_identify(src) by extension 'ros'
[0.801s] Level 1:colcon.colcon_core.package_identification:_identify(src) by extensions ['cmake', 'python']
[0.801s] Level 1:colcon.colcon_core.package_identification:_identify(src) by extension 'cmake'
[0.801s] Level 1:colcon.colcon_core.package_identification:_identify(src) by extension 'python'
[0.801s] Level 1:colcon.colcon_core.package_identification:_identify(src) by extensions ['python_setup_py']
[0.801s] Level 1:colcon.colcon_core.package_identification:_identify(src) by extension 'python_setup_py'
[0.801s] Level 1:colcon.colcon_core.package_identification:_identify(src/f112th_2501_control_teleop) by extensions ['ignore', 'ignore_ament_install']
[0.801s] Level 1:colcon.colcon_core.package_identification:_identify(src/f112th_2501_control_teleop) by extension 'ignore'
[0.801s] Level 1:colcon.colcon_core.package_identification:_identify(src/f112th_2501_control_teleop) by extension 'ignore_ament_install'
[0.802s] Level 1:colcon.colcon_core.package_identification:_identify(src/f112th_2501_control_teleop) by extensions ['colcon_pkg']
[0.802s] Level 1:colcon.colcon_core.package_identification:_identify(src/f112th_2501_control_teleop) by extension 'colcon_pkg'
[0.802s] Level 1:colcon.colcon_core.package_identification:_identify(src/f112th_2501_control_teleop) by extensions ['colcon_meta']
[0.802s] Level 1:colcon.colcon_core.package_identification:_identify(src/f112th_2501_control_teleop) by extension 'colcon_meta'
[0.802s] Level 1:colcon.colcon_core.package_identification:_identify(src/f112th_2501_control_teleop) by extensions ['ros']
[0.802s] Level 1:colcon.colcon_core.package_identification:_identify(src/f112th_2501_control_teleop) by extension 'ros'
[0.807s] DEBUG:colcon.colcon_core.package_identification:Package 'src/f112th_2501_control_teleop' with type 'ros.ament_python' and name 'f112th_2501_control_teleop'
[0.807s] Level 1:colcon.colcon_core.package_identification:_identify(src/f112th_sim_2501_camel) by extensions ['ignore', 'ignore_ament_install']
[0.808s] Level 1:colcon.colcon_core.package_identification:_identify(src/f112th_sim_2501_camel) by extension 'ignore'
[0.808s] Level 1:colcon.colcon_core.package_identification:_identify(src/f112th_sim_2501_camel) by extension 'ignore_ament_install'
[0.808s] Level 1:colcon.colcon_core.package_identification:_identify(src/f112th_sim_2501_camel) by extensions ['colcon_pkg']
[0.809s] Level 1:colcon.colcon_core.package_identification:_identify(src/f112th_sim_2501_camel) by extension 'colcon_pkg'
[0.809s] Level 1:colcon.colcon_core.package_identification:_identify(src/f112th_sim_2501_camel) by extensions ['colcon_meta']
[0.809s] Level 1:colcon.colcon_core.package_identification:_identify(src/f112th_sim_2501_camel) by extension 'colcon_meta'
[0.809s] Level 1:colcon.colcon_core.package_identification:_identify(src/f112th_sim_2501_camel) by extensions ['ros']
[0.810s] Level 1:colcon.colcon_core.package_identification:_identify(src/f112th_sim_2501_camel) by extension 'ros'
[0.811s] DEBUG:colcon.colcon_core.package_identification:Package 'src/f112th_sim_2501_camel' with type 'ros.ament_python' and name 'f112th_sim_2501_camel'
[0.812s] Level 1:colcon.colcon_core.package_discovery:discover_packages(recursive) using defaults
[0.812s] Level 1:colcon.colcon_core.package_discovery:discover_packages(ignore) discover
[0.812s] Level 1:colcon.colcon_core.package_discovery:discover_packages(ignore) using defaults
[0.812s] Level 1:colcon.colcon_core.package_discovery:discover_packages(path) discover
[0.813s] Level 1:colcon.colcon_core.package_discovery:discover_packages(path) using defaults
[0.876s] Level 5:colcon.colcon_core.verb:set package 'f112th_2501_control_teleop' build argument 'cmake_args' from command line to 'None'
[0.876s] Level 5:colcon.colcon_core.verb:set package 'f112th_2501_control_teleop' build argument 'cmake_target' from command line to 'None'
[0.877s] Level 5:colcon.colcon_core.verb:set package 'f112th_2501_control_teleop' build argument 'cmake_target_skip_unavailable' from command line to 'False'
[0.877s] Level 5:colcon.colcon_core.verb:set package 'f112th_2501_control_teleop' build argument 'cmake_clean_cache' from command line to 'False'
[0.877s] Level 5:colcon.colcon_core.verb:set package 'f112th_2501_control_teleop' build argument 'cmake_clean_first' from command line to 'False'
[0.878s] Level 5:colcon.colcon_core.verb:set package 'f112th_2501_control_teleop' build argument 'cmake_force_configure' from command line to 'False'
[0.878s] Level 5:colcon.colcon_core.verb:set package 'f112th_2501_control_teleop' build argument 'ament_cmake_args' from command line to 'None'
[0.878s] Level 5:colcon.colcon_core.verb:set package 'f112th_2501_control_teleop' build argument 'catkin_cmake_args' from command line to 'None'
[0.878s] Level 5:colcon.colcon_core.verb:set package 'f112th_2501_control_teleop' build argument 'catkin_skip_building_tests' from command line to 'False'
[0.878s] DEBUG:colcon.colcon_core.verb:Building package 'f112th_2501_control_teleop' with the following arguments: {'ament_cmake_args': None, 'build_base': '/root/f112th_2501_camel/build/f112th_2501_control_teleop', 'catkin_cmake_args': None, 'catkin_skip_building_tests': False, 'cmake_args': None, 'cmake_clean_cache': False, 'cmake_clean_first': False, 'cmake_force_configure': False, 'cmake_target': None, 'cmake_target_skip_unavailable': False, 'install_base': '/root/f112th_2501_camel/install/f112th_2501_control_teleop', 'merge_install': False, 'path': '/root/f112th_2501_camel/src/f112th_2501_control_teleop', 'symlink_install': True, 'test_result_base': None}
[0.880s] Level 5:colcon.colcon_core.verb:set package 'f112th_sim_2501_camel' build argument 'cmake_args' from command line to 'None'
[0.880s] Level 5:colcon.colcon_core.verb:set package 'f112th_sim_2501_camel' build argument 'cmake_target' from command line to 'None'
[0.880s] Level 5:colcon.colcon_core.verb:set package 'f112th_sim_2501_camel' build argument 'cmake_target_skip_unavailable' from command line to 'False'
[0.880s] Level 5:colcon.colcon_core.verb:set package 'f112th_sim_2501_camel' build argument 'cmake_clean_cache' from command line to 'False'
[0.880s] Level 5:colcon.colcon_core.verb:set package 'f112th_sim_2501_camel' build argument 'cmake_clean_first' from command line to 'False'
[0.880s] Level 5:colcon.colcon_core.verb:set package 'f112th_sim_2501_camel' build argument 'cmake_force_configure' from command line to 'False'
[0.880s] Level 5:colcon.colcon_core.verb:set package 'f112th_sim_2501_camel' build argument 'ament_cmake_args' from command line to 'None'
[0.880s] Level 5:colcon.colcon_core.verb:set package 'f112th_sim_2501_camel' build argument 'catkin_cmake_args' from command line to 'None'
[0.881s] Level 5:colcon.colcon_core.verb:set package 'f112th_sim_2501_camel' build argument 'catkin_skip_building_tests' from command line to 'False'
[0.881s] DEBUG:colcon.colcon_core.verb:Building package 'f112th_sim_2501_camel' with the following arguments: {'ament_cmake_args': None, 'build_base': '/root/f112th_2501_camel/build/f112th_sim_2501_camel', 'catkin_cmake_args': None, 'catkin_skip_building_tests': False, 'cmake_args': None, 'cmake_clean_cache': False, 'cmake_clean_first': False, 'cmake_force_configure': False, 'cmake_target': None, 'cmake_target_skip_unavailable': False, 'install_base': '/root/f112th_2501_camel/install/f112th_sim_2501_camel', 'merge_install': False, 'path': '/root/f112th_2501_camel/src/f112th_sim_2501_camel', 'symlink_install': True, 'test_result_base': None}
[0.881s] INFO:colcon.colcon_core.executor:Executing jobs using 'parallel' executor
[0.885s] DEBUG:colcon.colcon_parallel_executor.executor.parallel:run_until_complete
[0.886s] INFO:colcon.colcon_ros.task.ament_python.build:Building ROS package in '/root/f112th_2501_camel/src/f112th_2501_control_teleop' with build type 'ament_python'
[0.886s] Level 1:colcon.colcon_core.shell:create_environment_hook('f112th_2501_control_teleop', 'ament_prefix_path')
[0.893s] INFO:colcon.colcon_core.plugin_system:Skipping extension 'colcon_core.shell.bat': Not used on non-Windows systems
[0.894s] INFO:colcon.colcon_core.shell:Creating environment hook '/root/f112th_2501_camel/install/f112th_2501_control_teleop/share/f112th_2501_control_teleop/hook/ament_prefix_path.ps1'
[0.895s] INFO:colcon.colcon_core.shell:Creating environment descriptor '/root/f112th_2501_camel/install/f112th_2501_control_teleop/share/f112th_2501_control_teleop/hook/ament_prefix_path.dsv'
[0.897s] INFO:colcon.colcon_core.shell:Creating environment hook '/root/f112th_2501_camel/install/f112th_2501_control_teleop/share/f112th_2501_control_teleop/hook/ament_prefix_path.sh'
[0.899s] INFO:colcon.colcon_core.shell:Skip shell extension 'powershell' for command environment: Not usable outside of PowerShell
[0.899s] DEBUG:colcon.colcon_core.shell:Skip shell extension 'dsv' for command environment
[0.912s] INFO:colcon.colcon_ros.task.ament_python.build:Building ROS package in '/root/f112th_2501_camel/src/f112th_sim_2501_camel' with build type 'ament_python'
[0.912s] Level 1:colcon.colcon_core.shell:create_environment_hook('f112th_sim_2501_camel', 'ament_prefix_path')
[0.913s] INFO:colcon.colcon_core.shell:Creating environment hook '/root/f112th_2501_camel/install/f112th_sim_2501_camel/share/f112th_sim_2501_camel/hook/ament_prefix_path.ps1'
[0.915s] INFO:colcon.colcon_core.shell:Creating environment descriptor '/root/f112th_2501_camel/install/f112th_sim_2501_camel/share/f112th_sim_2501_camel/hook/ament_prefix_path.dsv'
[0.917s] INFO:colcon.colcon_core.shell:Creating environment hook '/root/f112th_2501_camel/install/f112th_sim_2501_camel/share/f112th_sim_2501_camel/hook/ament_prefix_path.sh'
[0.920s] INFO:colcon.colcon_core.shell:Skip shell extension 'powershell' for command environment: Not usable outside of PowerShell
[0.921s] DEBUG:colcon.colcon_core.shell:Skip shell extension 'dsv' for command environment
[1.660s] INFO:colcon.colcon_core.task.python.build:Building Python package in '/root/f112th_2501_camel/src/f112th_2501_control_teleop'
[1.661s] INFO:colcon.colcon_core.shell:Skip shell extension 'powershell' for command environment: Not usable outside of PowerShell
[1.661s] DEBUG:colcon.colcon_core.shell:Skip shell extension 'dsv' for command environment
[2.143s] INFO:colcon.colcon_core.task.python.build:Building Python package in '/root/f112th_2501_camel/src/f112th_sim_2501_camel'
[2.144s] INFO:colcon.colcon_core.shell:Skip shell extension 'powershell' for command environment: Not usable outside of PowerShell
[2.144s] DEBUG:colcon.colcon_core.shell:Skip shell extension 'dsv' for command environment
[3.052s] DEBUG:colcon.colcon_core.event_handler.log_command:Invoking command in '/root/f112th_2501_camel/build/f112th_2501_control_teleop': PYTHONPATH=/root/f112th_2501_camel/build/f112th_2501_control_teleop/prefix_override:/usr/lib/python3/dist-packages/colcon_core/task/python/colcon_distutils_commands:/root/f112th_2501_camel/install/f112th_2501_control_teleop/lib/python3.10/site-packages:${PYTHONPATH} /usr/bin/python3 -W ignore:setup.py install is deprecated -W ignore:easy_install command is deprecated setup.py develop --editable --build-directory /root/f112th_2501_camel/build/f112th_2501_control_teleop/build --no-deps symlink_data
[3.072s] DEBUG:colcon.colcon_core.event_handler.log_command:Invoking command in '/root/f112th_2501_camel/build/f112th_sim_2501_camel': PYTHONPATH=/root/f112th_2501_camel/build/f112th_sim_2501_camel/prefix_override:/usr/lib/python3/dist-packages/colcon_core/task/python/colcon_distutils_commands:/root/f112th_2501_camel/install/f112th_sim_2501_camel/lib/python3.10/site-packages:${PYTHONPATH} /usr/bin/python3 -W ignore:setup.py install is deprecated -W ignore:easy_install command is deprecated setup.py develop --editable --build-directory /root/f112th_2501_camel/build/f112th_sim_2501_camel/build --no-deps symlink_data
[4.176s] Level 1:colcon.colcon_core.shell:create_environment_hook('f112th_2501_control_teleop', 'pythonpath_develop')
[4.177s] DEBUG:colcon.colcon_core.event_handler.log_command:Invoked command in '/root/f112th_2501_camel/build/f112th_2501_control_teleop' returned '0': PYTHONPATH=/root/f112th_2501_camel/build/f112th_2501_control_teleop/prefix_override:/usr/lib/python3/dist-packages/colcon_core/task/python/colcon_distutils_commands:/root/f112th_2501_camel/install/f112th_2501_control_teleop/lib/python3.10/site-packages:${PYTHONPATH} /usr/bin/python3 -W ignore:setup.py install is deprecated -W ignore:easy_install command is deprecated setup.py develop --editable --build-directory /root/f112th_2501_camel/build/f112th_2501_control_teleop/build --no-deps symlink_data
[4.178s] INFO:colcon.colcon_core.shell:Creating environment hook '/root/f112th_2501_camel/build/f112th_2501_control_teleop/share/f112th_2501_control_teleop/hook/pythonpath_develop.ps1'
[4.179s] INFO:colcon.colcon_core.shell:Creating environment descriptor '/root/f112th_2501_camel/build/f112th_2501_control_teleop/share/f112th_2501_control_teleop/hook/pythonpath_develop.dsv'
[4.179s] INFO:colcon.colcon_core.shell:Creating environment hook '/root/f112th_2501_camel/build/f112th_2501_control_teleop/share/f112th_2501_control_teleop/hook/pythonpath_develop.sh'
[4.188s] Level 1:colcon.colcon_core.environment:checking '/root/f112th_2501_camel/install/f112th_2501_control_teleop' for CMake module files
[4.189s] Level 1:colcon.colcon_core.environment:checking '/root/f112th_2501_camel/install/f112th_2501_control_teleop' for CMake config files
[4.190s] Level 1:colcon.colcon_core.environment:checking '/root/f112th_2501_camel/install/f112th_2501_control_teleop/lib'
[4.191s] Level 1:colcon.colcon_core.environment:checking '/root/f112th_2501_camel/install/f112th_2501_control_teleop/bin'
[4.191s] Level 1:colcon.colcon_core.environment:checking '/root/f112th_2501_camel/install/f112th_2501_control_teleop/lib/pkgconfig/f112th_2501_control_teleop.pc'
[4.191s] Level 1:colcon.colcon_core.environment:checking '/root/f112th_2501_camel/install/f112th_2501_control_teleop/lib/python3.10/site-packages'
[4.192s] Level 1:colcon.colcon_core.shell:create_environment_hook('f112th_2501_control_teleop', 'pythonpath')
[4.192s] INFO:colcon.colcon_core.shell:Creating environment hook '/root/f112th_2501_camel/install/f112th_2501_control_teleop/share/f112th_2501_control_teleop/hook/pythonpath.ps1'
[4.193s] INFO:colcon.colcon_core.shell:Creating environment descriptor '/root/f112th_2501_camel/install/f112th_2501_control_teleop/share/f112th_2501_control_teleop/hook/pythonpath.dsv'
[4.194s] INFO:colcon.colcon_core.shell:Creating environment hook '/root/f112th_2501_camel/install/f112th_2501_control_teleop/share/f112th_2501_control_teleop/hook/pythonpath.sh'
[4.195s] Level 1:colcon.colcon_core.environment:checking '/root/f112th_2501_camel/install/f112th_2501_control_teleop/bin'
[4.196s] Level 1:colcon.colcon_core.environment:create_environment_scripts_only(f112th_2501_control_teleop)
[4.198s] INFO:colcon.colcon_core.shell:Creating package script '/root/f112th_2501_camel/install/f112th_2501_control_teleop/share/f112th_2501_control_teleop/package.ps1'
[4.201s] INFO:colcon.colcon_core.shell:Creating package descriptor '/root/f112th_2501_camel/install/f112th_2501_control_teleop/share/f112th_2501_control_teleop/package.dsv'
[4.202s] INFO:colcon.colcon_core.shell:Creating package script '/root/f112th_2501_camel/install/f112th_2501_control_teleop/share/f112th_2501_control_teleop/package.sh'
[4.205s] INFO:colcon.colcon_core.shell:Creating package script '/root/f112th_2501_camel/install/f112th_2501_control_teleop/share/f112th_2501_control_teleop/package.bash'
[4.207s] INFO:colcon.colcon_core.shell:Creating package script '/root/f112th_2501_camel/install/f112th_2501_control_teleop/share/f112th_2501_control_teleop/package.zsh'
[4.210s] Level 1:colcon.colcon_core.environment:create_file_with_runtime_dependencies(/root/f112th_2501_camel/install/f112th_2501_control_teleop/share/colcon-core/packages/f112th_2501_control_teleop)
[4.228s] Level 1:colcon.colcon_core.shell:create_environment_hook('f112th_sim_2501_camel', 'pythonpath_develop')
[4.229s] DEBUG:colcon.colcon_core.event_handler.log_command:Invoked command in '/root/f112th_2501_camel/build/f112th_sim_2501_camel' returned '0': PYTHONPATH=/root/f112th_2501_camel/build/f112th_sim_2501_camel/prefix_override:/usr/lib/python3/dist-packages/colcon_core/task/python/colcon_distutils_commands:/root/f112th_2501_camel/install/f112th_sim_2501_camel/lib/python3.10/site-packages:${PYTHONPATH} /usr/bin/python3 -W ignore:setup.py install is deprecated -W ignore:easy_install command is deprecated setup.py develop --editable --build-directory /root/f112th_2501_camel/build/f112th_sim_2501_camel/build --no-deps symlink_data
[4.230s] INFO:colcon.colcon_core.shell:Creating environment hook '/root/f112th_2501_camel/build/f112th_sim_2501_camel/share/f112th_sim_2501_camel/hook/pythonpath_develop.ps1'
[4.231s] INFO:colcon.colcon_core.shell:Creating environment descriptor '/root/f112th_2501_camel/build/f112th_sim_2501_camel/share/f112th_sim_2501_camel/hook/pythonpath_develop.dsv'
[4.232s] INFO:colcon.colcon_core.shell:Creating environment hook '/root/f112th_2501_camel/build/f112th_sim_2501_camel/share/f112th_sim_2501_camel/hook/pythonpath_develop.sh'
[4.233s] Level 1:colcon.colcon_core.environment:checking '/root/f112th_2501_camel/install/f112th_sim_2501_camel' for CMake module files
[4.234s] Level 1:colcon.colcon_core.environment:checking '/root/f112th_2501_camel/install/f112th_sim_2501_camel' for CMake config files
[4.235s] Level 1:colcon.colcon_core.environment:checking '/root/f112th_2501_camel/install/f112th_sim_2501_camel/lib'
[4.235s] Level 1:colcon.colcon_core.environment:checking '/root/f112th_2501_camel/install/f112th_sim_2501_camel/bin'
[4.235s] Level 1:colcon.colcon_core.environment:checking '/root/f112th_2501_camel/install/f112th_sim_2501_camel/lib/pkgconfig/f112th_sim_2501_camel.pc'
[4.236s] Level 1:colcon.colcon_core.environment:checking '/root/f112th_2501_camel/install/f112th_sim_2501_camel/lib/python3.10/site-packages'
[4.236s] Level 1:colcon.colcon_core.shell:create_environment_hook('f112th_sim_2501_camel', 'pythonpath')
[4.236s] INFO:colcon.colcon_core.shell:Creating environment hook '/root/f112th_2501_camel/install/f112th_sim_2501_camel/share/f112th_sim_2501_camel/hook/pythonpath.ps1'
[4.237s] INFO:colcon.colcon_core.shell:Creating environment descriptor '/root/f112th_2501_camel/install/f112th_sim_2501_camel/share/f112th_sim_2501_camel/hook/pythonpath.dsv'
[4.238s] INFO:colcon.colcon_core.shell:Creating environment hook '/root/f112th_2501_camel/install/f112th_sim_2501_camel/share/f112th_sim_2501_camel/hook/pythonpath.sh'
[4.242s] Level 1:colcon.colcon_core.environment:checking '/root/f112th_2501_camel/install/f112th_sim_2501_camel/bin'
[4.242s] Level 1:colcon.colcon_core.environment:create_environment_scripts_only(f112th_sim_2501_camel)
[4.243s] INFO:colcon.colcon_core.shell:Creating package script '/root/f112th_2501_camel/install/f112th_sim_2501_camel/share/f112th_sim_2501_camel/package.ps1'
[4.244s] INFO:colcon.colcon_core.shell:Creating package descriptor '/root/f112th_2501_camel/install/f112th_sim_2501_camel/share/f112th_sim_2501_camel/package.dsv'
[4.245s] INFO:colcon.colcon_core.shell:Creating package script '/root/f112th_2501_camel/install/f112th_sim_2501_camel/share/f112th_sim_2501_camel/package.sh'
[4.246s] INFO:colcon.colcon_core.shell:Creating package script '/root/f112th_2501_camel/install/f112th_sim_2501_camel/share/f112th_sim_2501_camel/package.bash'
[4.247s] INFO:colcon.colcon_core.shell:Creating package script '/root/f112th_2501_camel/install/f112th_sim_2501_camel/share/f112th_sim_2501_camel/package.zsh'
[4.248s] Level 1:colcon.colcon_core.environment:create_file_with_runtime_dependencies(/root/f112th_2501_camel/install/f112th_sim_2501_camel/share/colcon-core/packages/f112th_sim_2501_camel)
[4.249s] DEBUG:colcon.colcon_parallel_executor.executor.parallel:closing loop
[4.249s] DEBUG:colcon.colcon_parallel_executor.executor.parallel:loop closed
[4.249s] DEBUG:colcon.colcon_parallel_executor.executor.parallel:run_until_complete finished with '0'
[4.250s] DEBUG:colcon.colcon_core.event_reactor:joining thread
[4.264s] INFO:colcon.colcon_core.plugin_system:Skipping extension 'colcon_notification.desktop_notification.notify_send': Could not find 'notify-send'
[4.264s] INFO:colcon.colcon_core.plugin_system:Skipping extension 'colcon_notification.desktop_notification.terminal_notifier': Not used on non-Darwin systems
[4.264s] INFO:colcon.colcon_core.plugin_system:Skipping extension 'colcon_notification.desktop_notification.win32': Not used on non-Windows systems
[4.264s] INFO:colcon.colcon_notification.desktop_notification:Sending desktop notification using 'notify2'
[4.270s] DEBUG:colcon.colcon_notification.desktop_notification.notify2:Failed to initialize notify2: org.freedesktop.DBus.Error.Spawn.ExecFailed: /usr/bin/dbus-launch terminated abnormally without any error message
[4.271s] DEBUG:colcon.colcon_core.event_reactor:joined thread
[4.272s] INFO:colcon.colcon_core.shell:Creating prefix script '/root/f112th_2501_camel/install/local_setup.ps1'
[4.277s] INFO:colcon.colcon_core.shell:Creating prefix util module '/root/f112th_2501_camel/install/_local_setup_util_ps1.py'
[4.284s] INFO:colcon.colcon_core.shell:Creating prefix chain script '/root/f112th_2501_camel/install/setup.ps1'
[4.287s] INFO:colcon.colcon_core.shell:Creating prefix script '/root/f112th_2501_camel/install/local_setup.sh'
[4.289s] INFO:colcon.colcon_core.shell:Creating prefix util module '/root/f112th_2501_camel/install/_local_setup_util_sh.py'
[4.290s] INFO:colcon.colcon_core.shell:Creating prefix chain script '/root/f112th_2501_camel/install/setup.sh'
[4.293s] INFO:colcon.colcon_core.shell:Creating prefix script '/root/f112th_2501_camel/install/local_setup.bash'
[4.294s] INFO:colcon.colcon_core.shell:Creating prefix chain script '/root/f112th_2501_camel/install/setup.bash'
[4.296s] INFO:colcon.colcon_core.shell:Creating prefix script '/root/f112th_2501_camel/install/local_setup.zsh'
[4.302s] INFO:colcon.colcon_core.shell:Creating prefix chain script '/root/f112th_2501_camel/install/setup.zsh'
