[1.155s] Invoking command in '/home/laxted/f112th_2501_camel/build/f112th_2501_control_teleop': PYTHONPATH=/home/laxted/f112th_2501_camel/build/f112th_2501_control_teleop/prefix_override:/usr/lib/python3/dist-packages/colcon_core/task/python/colcon_distutils_commands:/home/laxted/f112th_2501_camel/install/f112th_2501_control_teleop/lib/python3.10/site-packages:${PYTHONPATH} /usr/bin/python3 -W ignore:setup.py install is deprecated -W ignore:easy_install command is deprecated setup.py develop --editable --build-directory /home/laxted/f112th_2501_camel/build/f112th_2501_control_teleop/build --no-deps symlink_data
[1.711s] running develop
[2.051s] running egg_info
[2.052s] creating f112th_2501_control_teleop.egg-info
[2.052s] writing f112th_2501_control_teleop.egg-info/PKG-INFO
[2.053s] writing dependency_links to f112th_2501_control_teleop.egg-info/dependency_links.txt
[2.054s] writing entry points to f112th_2501_control_teleop.egg-info/entry_points.txt
[2.055s] writing requirements to f112th_2501_control_teleop.egg-info/requires.txt
[2.057s] writing top-level names to f112th_2501_control_teleop.egg-info/top_level.txt
[2.059s] writing manifest file 'f112th_2501_control_teleop.egg-info/SOURCES.txt'
[2.063s] reading manifest file 'f112th_2501_control_teleop.egg-info/SOURCES.txt'
[2.065s] writing manifest file 'f112th_2501_control_teleop.egg-info/SOURCES.txt'
[2.068s] running build_ext
[2.069s] Creating /home/laxted/f112th_2501_camel/install/f112th_2501_control_teleop/lib/python3.10/site-packages/f112th-2501-control-teleop.egg-link (link to .)
[2.071s] Installing control_teleop script to /home/laxted/f112th_2501_camel/install/f112th_2501_control_teleop/lib/f112th_2501_control_teleop
[2.072s] 
[2.073s] Installed /home/laxted/f112th_2501_camel/build/f112th_2501_control_teleop
[2.073s] running symlink_data
[2.074s] creating /home/laxted/f112th_2501_camel/install/f112th_2501_control_teleop/share/ament_index
[2.074s] creating /home/laxted/f112th_2501_camel/install/f112th_2501_control_teleop/share/ament_index/resource_index
[2.075s] creating /home/laxted/f112th_2501_camel/install/f112th_2501_control_teleop/share/ament_index/resource_index/packages
[2.075s] symbolically linking /home/laxted/f112th_2501_camel/build/f112th_2501_control_teleop/resource/f112th_2501_control_teleop -> /home/laxted/f112th_2501_camel/install/f112th_2501_control_teleop/share/ament_index/resource_index/packages
[2.076s] symbolically linking /home/laxted/f112th_2501_camel/build/f112th_2501_control_teleop/package.xml -> /home/laxted/f112th_2501_camel/install/f112th_2501_control_teleop/share/f112th_2501_control_teleop
[2.076s] creating /home/laxted/f112th_2501_camel/install/f112th_2501_control_teleop/share/f112th_2501_control_teleop/launch
[2.076s] symbolically linking /home/laxted/f112th_2501_camel/build/f112th_2501_control_teleop/launch/launch_joy_input_launch.py -> /home/laxted/f112th_2501_camel/install/f112th_2501_control_teleop/share/f112th_2501_control_teleop/launch
[2.137s] Invoked command in '/home/laxted/f112th_2501_camel/build/f112th_2501_control_teleop' returned '0': PYTHONPATH=/home/laxted/f112th_2501_camel/build/f112th_2501_control_teleop/prefix_override:/usr/lib/python3/dist-packages/colcon_core/task/python/colcon_distutils_commands:/home/laxted/f112th_2501_camel/install/f112th_2501_control_teleop/lib/python3.10/site-packages:${PYTHONPATH} /usr/bin/python3 -W ignore:setup.py install is deprecated -W ignore:easy_install command is deprecated setup.py develop --editable --build-directory /home/laxted/f112th_2501_camel/build/f112th_2501_control_teleop/build --no-deps symlink_data
