[1.753s] Invoking command in '/home/laxted/f112th_2501_camel/build/f112th_2501_control_teleop': PYTHONPATH=/home/laxted/f112th_2501_camel/build/f112th_2501_control_teleop/prefix_override:/usr/lib/python3/dist-packages/colcon_core/task/python/colcon_distutils_commands:/home/laxted/f112th_2501_camel/install/f112th_2501_control_teleop/lib/python3.10/site-packages:${PYTHONPATH} /usr/bin/python3 -W ignore:setup.py install is deprecated -W ignore:easy_install command is deprecated setup.py develop --editable --build-directory /home/laxted/f112th_2501_camel/build/f112th_2501_control_teleop/build --no-deps symlink_data
[2.355s] running develop
[2.757s] running egg_info
[2.757s] creating f112th_2501_control_teleop.egg-info
[2.758s] writing f112th_2501_control_teleop.egg-info/PKG-INFO
[2.758s] writing dependency_links to f112th_2501_control_teleop.egg-info/dependency_links.txt
[2.758s] writing entry points to f112th_2501_control_teleop.egg-info/entry_points.txt
[2.759s] writing requirements to f112th_2501_control_teleop.egg-info/requires.txt
[2.759s] writing top-level names to f112th_2501_control_teleop.egg-info/top_level.txt
[2.759s] writing manifest file 'f112th_2501_control_teleop.egg-info/SOURCES.txt'
[2.762s] reading manifest file 'f112th_2501_control_teleop.egg-info/SOURCES.txt'
[2.763s] writing manifest file 'f112th_2501_control_teleop.egg-info/SOURCES.txt'
[2.766s] running build_ext
[2.766s] Creating /home/laxted/f112th_2501_camel/install/f112th_2501_control_teleop/lib/python3.10/site-packages/f112th-2501-control-teleop.egg-link (link to .)
[2.769s] Installing control_teleop script to /home/laxted/f112th_2501_camel/install/f112th_2501_control_teleop/lib/f112th_2501_control_teleop
[2.769s] 
[2.770s] Installed /home/laxted/f112th_2501_camel/build/f112th_2501_control_teleop
[2.770s] running symlink_data
[2.772s] creating /home/laxted/f112th_2501_camel/install/f112th_2501_control_teleop/share/ament_index
[2.772s] creating /home/laxted/f112th_2501_camel/install/f112th_2501_control_teleop/share/ament_index/resource_index
[2.773s] creating /home/laxted/f112th_2501_camel/install/f112th_2501_control_teleop/share/ament_index/resource_index/packages
[2.773s] symbolically linking /home/laxted/f112th_2501_camel/build/f112th_2501_control_teleop/resource/f112th_2501_control_teleop -> /home/laxted/f112th_2501_camel/install/f112th_2501_control_teleop/share/ament_index/resource_index/packages
[2.773s] symbolically linking /home/laxted/f112th_2501_camel/build/f112th_2501_control_teleop/package.xml -> /home/laxted/f112th_2501_camel/install/f112th_2501_control_teleop/share/f112th_2501_control_teleop
[2.774s] creating /home/laxted/f112th_2501_camel/install/f112th_2501_control_teleop/share/f112th_2501_control_teleop/launch
[2.774s] symbolically linking /home/laxted/f112th_2501_camel/build/f112th_2501_control_teleop/launch/launch_joy_input_launch.py -> /home/laxted/f112th_2501_camel/install/f112th_2501_control_teleop/share/f112th_2501_control_teleop/launch
[2.846s] Invoked command in '/home/laxted/f112th_2501_camel/build/f112th_2501_control_teleop' returned '0': PYTHONPATH=/home/laxted/f112th_2501_camel/build/f112th_2501_control_teleop/prefix_override:/usr/lib/python3/dist-packages/colcon_core/task/python/colcon_distutils_commands:/home/laxted/f112th_2501_camel/install/f112th_2501_control_teleop/lib/python3.10/site-packages:${PYTHONPATH} /usr/bin/python3 -W ignore:setup.py install is deprecated -W ignore:easy_install command is deprecated setup.py develop --editable --build-directory /home/laxted/f112th_2501_camel/build/f112th_2501_control_teleop/build --no-deps symlink_data
