[1.761s] Invoking command in '/home/laxted/f112th_2501_camel/build/f112th_sim_2501_camel': PYTHONPATH=/home/laxted/f112th_2501_camel/build/f112th_sim_2501_camel/prefix_override:/usr/lib/python3/dist-packages/colcon_core/task/python/colcon_distutils_commands:/home/laxted/f112th_2501_camel/install/f112th_sim_2501_camel/lib/python3.10/site-packages:${PYTHONPATH} /usr/bin/python3 -W ignore:setup.py install is deprecated -W ignore:easy_install command is deprecated setup.py develop --editable --build-directory /home/laxted/f112th_2501_camel/build/f112th_sim_2501_camel/build --no-deps symlink_data
[2.344s] running develop
[2.745s] running egg_info
[2.746s] creating f112th_sim_2501_camel.egg-info
[2.747s] writing f112th_sim_2501_camel.egg-info/PKG-INFO
[2.747s] writing dependency_links to f112th_sim_2501_camel.egg-info/dependency_links.txt
[2.747s] writing entry points to f112th_sim_2501_camel.egg-info/entry_points.txt
[2.748s] writing requirements to f112th_sim_2501_camel.egg-info/requires.txt
[2.749s] writing top-level names to f112th_sim_2501_camel.egg-info/top_level.txt
[2.749s] writing manifest file 'f112th_sim_2501_camel.egg-info/SOURCES.txt'
[2.755s] reading manifest file 'f112th_sim_2501_camel.egg-info/SOURCES.txt'
[2.756s] writing manifest file 'f112th_sim_2501_camel.egg-info/SOURCES.txt'
[2.765s] running build_ext
[2.766s] Creating /home/laxted/f112th_2501_camel/install/f112th_sim_2501_camel/lib/python3.10/site-packages/f112th-sim-2501-camel.egg-link (link to .)
[2.768s] Installing aeb_brake script to /home/laxted/f112th_2501_camel/install/f112th_sim_2501_camel/lib/f112th_sim_2501_camel
[2.769s] 
[2.769s] Installed /home/laxted/f112th_2501_camel/build/f112th_sim_2501_camel
[2.769s] running symlink_data
[2.769s] creating /home/laxted/f112th_2501_camel/install/f112th_sim_2501_camel/share/ament_index
[2.770s] creating /home/laxted/f112th_2501_camel/install/f112th_sim_2501_camel/share/ament_index/resource_index
[2.770s] creating /home/laxted/f112th_2501_camel/install/f112th_sim_2501_camel/share/ament_index/resource_index/packages
[2.770s] symbolically linking /home/laxted/f112th_2501_camel/build/f112th_sim_2501_camel/resource/f112th_sim_2501_camel -> /home/laxted/f112th_2501_camel/install/f112th_sim_2501_camel/share/ament_index/resource_index/packages
[2.770s] symbolically linking /home/laxted/f112th_2501_camel/build/f112th_sim_2501_camel/package.xml -> /home/laxted/f112th_2501_camel/install/f112th_sim_2501_camel/share/f112th_sim_2501_camel
[2.771s] creating /home/laxted/f112th_2501_camel/install/f112th_sim_2501_camel/share/f112th_sim_2501_camel/launch
[2.771s] symbolically linking /home/laxted/f112th_2501_camel/build/f112th_sim_2501_camel/launch/launch_sim_launch.py -> /home/laxted/f112th_2501_camel/install/f112th_sim_2501_camel/share/f112th_sim_2501_camel/launch
[2.772s] symbolically linking /home/laxted/f112th_2501_camel/build/f112th_sim_2501_camel/launch/robot_description_launch.py -> /home/laxted/f112th_2501_camel/install/f112th_sim_2501_camel/share/f112th_sim_2501_camel/launch
[2.772s] creating /home/laxted/f112th_2501_camel/install/f112th_sim_2501_camel/share/f112th_sim_2501_camel/description
[2.772s] symbolically linking /home/laxted/f112th_2501_camel/build/f112th_sim_2501_camel/description/ros2_control.xacro -> /home/laxted/f112th_2501_camel/install/f112th_sim_2501_camel/share/f112th_sim_2501_camel/description
[2.773s] symbolically linking /home/laxted/f112th_2501_camel/build/f112th_sim_2501_camel/description/inertial_macros.xacro -> /home/laxted/f112th_2501_camel/install/f112th_sim_2501_camel/share/f112th_sim_2501_camel/description
[2.774s] symbolically linking /home/laxted/f112th_2501_camel/build/f112th_sim_2501_camel/description/gazebo_control.xacro -> /home/laxted/f112th_2501_camel/install/f112th_sim_2501_camel/share/f112th_sim_2501_camel/description
[2.777s] symbolically linking /home/laxted/f112th_2501_camel/build/f112th_sim_2501_camel/description/properties.xacro -> /home/laxted/f112th_2501_camel/install/f112th_sim_2501_camel/share/f112th_sim_2501_camel/description
[2.778s] symbolically linking /home/laxted/f112th_2501_camel/build/f112th_sim_2501_camel/description/robot_core.xacro -> /home/laxted/f112th_2501_camel/install/f112th_sim_2501_camel/share/f112th_sim_2501_camel/description
[2.778s] symbolically linking /home/laxted/f112th_2501_camel/build/f112th_sim_2501_camel/description/lidar.xacro -> /home/laxted/f112th_2501_camel/install/f112th_sim_2501_camel/share/f112th_sim_2501_camel/description
[2.779s] symbolically linking /home/laxted/f112th_2501_camel/build/f112th_sim_2501_camel/description/robot.urdf.xacro -> /home/laxted/f112th_2501_camel/install/f112th_sim_2501_camel/share/f112th_sim_2501_camel/description
[2.779s] creating /home/laxted/f112th_2501_camel/install/f112th_sim_2501_camel/share/f112th_sim_2501_camel/worlds
[2.779s] creating /home/laxted/f112th_2501_camel/install/f112th_sim_2501_camel/share/f112th_sim_2501_camel/config
[2.779s] symbolically linking /home/laxted/f112th_2501_camel/build/f112th_sim_2501_camel/config/my_controllers.yaml -> /home/laxted/f112th_2501_camel/install/f112th_sim_2501_camel/share/f112th_sim_2501_camel/config
[2.779s] symbolically linking /home/laxted/f112th_2501_camel/build/f112th_sim_2501_camel/config/gazebo_params.yaml -> /home/laxted/f112th_2501_camel/install/f112th_sim_2501_camel/share/f112th_sim_2501_camel/config
[2.870s] Invoked command in '/home/laxted/f112th_2501_camel/build/f112th_sim_2501_camel' returned '0': PYTHONPATH=/home/laxted/f112th_2501_camel/build/f112th_sim_2501_camel/prefix_override:/usr/lib/python3/dist-packages/colcon_core/task/python/colcon_distutils_commands:/home/laxted/f112th_2501_camel/install/f112th_sim_2501_camel/lib/python3.10/site-packages:${PYTHONPATH} /usr/bin/python3 -W ignore:setup.py install is deprecated -W ignore:easy_install command is deprecated setup.py develop --editable --build-directory /home/laxted/f112th_2501_camel/build/f112th_sim_2501_camel/build --no-deps symlink_data
