[0.158s] DEBUG:colcon:Command line arguments: ['/usr/bin/colcon', 'build', '--symlink-install']
[0.158s] DEBUG:colcon:Parsed command line arguments: Namespace(log_base=None, log_level=None, verb_name='build', build_base='build', install_base='install', merge_install=False, symlink_install=True, test_result_base=None, continue_on_error=False, executor='parallel', parallel_workers=4, event_handlers=None, ignore_user_meta=False, metas=['./colcon.meta'], base_paths=['.'], packages_ignore=None, packages_ignore_regex=None, paths=None, packages_up_to=None, packages_up_to_regex=None, packages_above=None, packages_above_and_dependencies=None, packages_above_depth=None, packages_select_by_dep=None, packages_skip_by_dep=None, packages_skip_up_to=None, packages_select_build_failed=False, packages_skip_build_finished=False, packages_select_test_failures=False, packages_skip_test_passed=False, packages_select=None, packages_skip=None, packages_select_regex=None, packages_skip_regex=None, packages_start=None, packages_end=None, allow_overriding=[], cmake_args=None, cmake_target=None, cmake_target_skip_unavailable=False, cmake_clean_cache=False, cmake_clean_first=False, cmake_force_configure=False, ament_cmake_args=None, catkin_cmake_args=None, catkin_skip_building_tests=False, verb_parser=<colcon_defaults.argument_parser.defaults.DefaultArgumentsDecorator object at 0x7f162dc4d5d0>, verb_extension=<colcon_core.verb.build.BuildVerb object at 0x7f162dc4d0c0>, main=<bound method BuildVerb.main of <colcon_core.verb.build.BuildVerb object at 0x7f162dc4d0c0>>)
[0.397s] Level 1:colcon.colcon_core.package_discovery:discover_packages(colcon_meta) check parameters
[0.397s] Level 1:colcon.colcon_core.package_discovery:discover_packages(recursive) check parameters
[0.423s] Level 1:colcon.colcon_core.package_discovery:discover_packages(ignore) check parameters
[0.423s] Level 1:colcon.colcon_core.package_discovery:discover_packages(path) check parameters
[0.423s] Level 1:colcon.colcon_core.package_discovery:discover_packages(colcon_meta) discover
[0.423s] Level 1:colcon.colcon_core.package_discovery:discover_packages(recursive) discover
[0.423s] INFO:colcon.colcon_core.package_discovery:Crawling recursively for packages in '/home/laxted/f112th_2501_camel'
[0.424s] Level 1:colcon.colcon_core.package_identification:_identify(.) by extensions ['ignore', 'ignore_ament_install']
[0.424s] Level 1:colcon.colcon_core.package_identification:_identify(.) by extension 'ignore'
[0.425s] Level 1:colcon.colcon_core.package_identification:_identify(.) by extension 'ignore_ament_install'
[0.425s] Level 1:colcon.colcon_core.package_identification:_identify(.) by extensions ['colcon_pkg']
[0.425s] Level 1:colcon.colcon_core.package_identification:_identify(.) by extension 'colcon_pkg'
[0.425s] Level 1:colcon.colcon_core.package_identification:_identify(.) by extensions ['colcon_meta']
[0.425s] Level 1:colcon.colcon_core.package_identification:_identify(.) by extension 'colcon_meta'
[0.426s] Level 1:colcon.colcon_core.package_identification:_identify(.) by extensions ['ros']
[0.426s] Level 1:colcon.colcon_core.package_identification:_identify(.) by extension 'ros'
[0.444s] Level 1:colcon.colcon_core.package_identification:_identify(.) by extensions ['cmake', 'python']
[0.445s] Level 1:colcon.colcon_core.package_identification:_identify(.) by extension 'cmake'
[0.445s] Level 1:colcon.colcon_core.package_identification:_identify(.) by extension 'python'
[0.445s] Level 1:colcon.colcon_core.package_identification:_identify(.) by extensions ['python_setup_py']
[0.445s] Level 1:colcon.colcon_core.package_identification:_identify(.) by extension 'python_setup_py'
[0.445s] Level 1:colcon.colcon_core.package_identification:_identify(Resources) by extensions ['ignore', 'ignore_ament_install']
[0.445s] Level 1:colcon.colcon_core.package_identification:_identify(Resources) by extension 'ignore'
[0.445s] Level 1:colcon.colcon_core.package_identification:_identify(Resources) by extension 'ignore_ament_install'
[0.445s] Level 1:colcon.colcon_core.package_identification:_identify(Resources) by extensions ['colcon_pkg']
[0.445s] Level 1:colcon.colcon_core.package_identification:_identify(Resources) by extension 'colcon_pkg'
[0.445s] Level 1:colcon.colcon_core.package_identification:_identify(Resources) by extensions ['colcon_meta']
[0.445s] Level 1:colcon.colcon_core.package_identification:_identify(Resources) by extension 'colcon_meta'
[0.446s] Level 1:colcon.colcon_core.package_identification:_identify(Resources) by extensions ['ros']
[0.446s] Level 1:colcon.colcon_core.package_identification:_identify(Resources) by extension 'ros'
[0.446s] Level 1:colcon.colcon_core.package_identification:_identify(Resources) by extensions ['cmake', 'python']
[0.446s] Level 1:colcon.colcon_core.package_identification:_identify(Resources) by extension 'cmake'
[0.446s] Level 1:colcon.colcon_core.package_identification:_identify(Resources) by extension 'python'
[0.446s] Level 1:colcon.colcon_core.package_identification:_identify(Resources) by extensions ['python_setup_py']
[0.446s] Level 1:colcon.colcon_core.package_identification:_identify(Resources) by extension 'python_setup_py'
[0.446s] Level 1:colcon.colcon_core.package_identification:_identify(build) by extensions ['ignore', 'ignore_ament_install']
[0.446s] Level 1:colcon.colcon_core.package_identification:_identify(build) by extension 'ignore'
[0.446s] Level 1:colcon.colcon_core.package_identification:_identify(build) ignored
[0.446s] Level 1:colcon.colcon_core.package_identification:_identify(install) by extensions ['ignore', 'ignore_ament_install']
[0.447s] Level 1:colcon.colcon_core.package_identification:_identify(install) by extension 'ignore'
[0.447s] Level 1:colcon.colcon_core.package_identification:_identify(install) ignored
[0.447s] Level 1:colcon.colcon_core.package_identification:_identify(log) by extensions ['ignore', 'ignore_ament_install']
[0.447s] Level 1:colcon.colcon_core.package_identification:_identify(log) by extension 'ignore'
[0.447s] Level 1:colcon.colcon_core.package_identification:_identify(log) ignored
[0.447s] Level 1:colcon.colcon_core.package_identification:_identify(src) by extensions ['ignore', 'ignore_ament_install']
[0.448s] Level 1:colcon.colcon_core.package_identification:_identify(src) by extension 'ignore'
[0.448s] Level 1:colcon.colcon_core.package_identification:_identify(src) by extension 'ignore_ament_install'
[0.448s] Level 1:colcon.colcon_core.package_identification:_identify(src) by extensions ['colcon_pkg']
[0.448s] Level 1:colcon.colcon_core.package_identification:_identify(src) by extension 'colcon_pkg'
[0.448s] Level 1:colcon.colcon_core.package_identification:_identify(src) by extensions ['colcon_meta']
[0.448s] Level 1:colcon.colcon_core.package_identification:_identify(src) by extension 'colcon_meta'
[0.448s] Level 1:colcon.colcon_core.package_identification:_identify(src) by extensions ['ros']
[0.448s] Level 1:colcon.colcon_core.package_identification:_identify(src) by extension 'ros'
[0.448s] Level 1:colcon.colcon_core.package_identification:_identify(src) by extensions ['cmake', 'python']
[0.448s] Level 1:colcon.colcon_core.package_identification:_identify(src) by extension 'cmake'
[0.448s] Level 1:colcon.colcon_core.package_identification:_identify(src) by extension 'python'
[0.448s] Level 1:colcon.colcon_core.package_identification:_identify(src) by extensions ['python_setup_py']
[0.448s] Level 1:colcon.colcon_core.package_identification:_identify(src) by extension 'python_setup_py'
[0.449s] Level 1:colcon.colcon_core.package_identification:_identify(src/f112th_2501_control_teleop) by extensions ['ignore', 'ignore_ament_install']
[0.449s] Level 1:colcon.colcon_core.package_identification:_identify(src/f112th_2501_control_teleop) by extension 'ignore'
[0.449s] Level 1:colcon.colcon_core.package_identification:_identify(src/f112th_2501_control_teleop) by extension 'ignore_ament_install'
[0.449s] Level 1:colcon.colcon_core.package_identification:_identify(src/f112th_2501_control_teleop) by extensions ['colcon_pkg']
[0.449s] Level 1:colcon.colcon_core.package_identification:_identify(src/f112th_2501_control_teleop) by extension 'colcon_pkg'
[0.449s] Level 1:colcon.colcon_core.package_identification:_identify(src/f112th_2501_control_teleop) by extensions ['colcon_meta']
[0.449s] Level 1:colcon.colcon_core.package_identification:_identify(src/f112th_2501_control_teleop) by extension 'colcon_meta'
[0.449s] Level 1:colcon.colcon_core.package_identification:_identify(src/f112th_2501_control_teleop) by extensions ['ros']
[0.449s] Level 1:colcon.colcon_core.package_identification:_identify(src/f112th_2501_control_teleop) by extension 'ros'
[0.452s] DEBUG:colcon.colcon_core.package_identification:Package 'src/f112th_2501_control_teleop' with type 'ros.ament_python' and name 'f112th_2501_control_teleop'
[0.453s] Level 1:colcon.colcon_core.package_identification:_identify(src/f112th_sim_2501_camel) by extensions ['ignore', 'ignore_ament_install']
[0.453s] Level 1:colcon.colcon_core.package_identification:_identify(src/f112th_sim_2501_camel) by extension 'ignore'
[0.453s] Level 1:colcon.colcon_core.package_identification:_identify(src/f112th_sim_2501_camel) by extension 'ignore_ament_install'
[0.453s] Level 1:colcon.colcon_core.package_identification:_identify(src/f112th_sim_2501_camel) by extensions ['colcon_pkg']
[0.453s] Level 1:colcon.colcon_core.package_identification:_identify(src/f112th_sim_2501_camel) by extension 'colcon_pkg'
[0.453s] Level 1:colcon.colcon_core.package_identification:_identify(src/f112th_sim_2501_camel) by extensions ['colcon_meta']
[0.453s] Level 1:colcon.colcon_core.package_identification:_identify(src/f112th_sim_2501_camel) by extension 'colcon_meta'
[0.453s] Level 1:colcon.colcon_core.package_identification:_identify(src/f112th_sim_2501_camel) by extensions ['ros']
[0.453s] Level 1:colcon.colcon_core.package_identification:_identify(src/f112th_sim_2501_camel) by extension 'ros'
[0.454s] DEBUG:colcon.colcon_core.package_identification:Package 'src/f112th_sim_2501_camel' with type 'ros.ament_python' and name 'f112th_sim_2501_camel'
[0.454s] Level 1:colcon.colcon_core.package_discovery:discover_packages(recursive) using defaults
[0.455s] Level 1:colcon.colcon_core.package_discovery:discover_packages(ignore) discover
[0.455s] Level 1:colcon.colcon_core.package_discovery:discover_packages(ignore) using defaults
[0.455s] Level 1:colcon.colcon_core.package_discovery:discover_packages(path) discover
[0.455s] Level 1:colcon.colcon_core.package_discovery:discover_packages(path) using defaults
[0.487s] Level 1:colcon.colcon_core.package_discovery:discover_packages(prefix_path) check parameters
[0.487s] Level 1:colcon.colcon_core.package_discovery:discover_packages(prefix_path) discover
[0.490s] WARNING:colcon.colcon_ros.prefix_path.ament:The path '/home/laxted/f112th_2501_camel/install/f112th_sim_2501_camel' in the environment variable AMENT_PREFIX_PATH doesn't exist
[0.490s] WARNING:colcon.colcon_ros.prefix_path.ament:The path '/home/laxted/f112th_2501_camel/install/f112th_2501_control_teleop' in the environment variable AMENT_PREFIX_PATH doesn't exist
[0.492s] DEBUG:colcon.colcon_installed_package_information.package_discovery:Found 0 installed packages in /home/laxted/f112th_2501_camel/install
[0.494s] DEBUG:colcon.colcon_installed_package_information.package_discovery:Found 390 installed packages in /opt/ros/humble
[0.512s] Level 1:colcon.colcon_core.package_discovery:discover_packages(prefix_path) using defaults
[0.579s] Level 5:colcon.colcon_core.verb:set package 'f112th_2501_control_teleop' build argument 'cmake_args' from command line to 'None'
[0.579s] Level 5:colcon.colcon_core.verb:set package 'f112th_2501_control_teleop' build argument 'cmake_target' from command line to 'None'
[0.579s] Level 5:colcon.colcon_core.verb:set package 'f112th_2501_control_teleop' build argument 'cmake_target_skip_unavailable' from command line to 'False'
[0.579s] Level 5:colcon.colcon_core.verb:set package 'f112th_2501_control_teleop' build argument 'cmake_clean_cache' from command line to 'False'
[0.579s] Level 5:colcon.colcon_core.verb:set package 'f112th_2501_control_teleop' build argument 'cmake_clean_first' from command line to 'False'
[0.579s] Level 5:colcon.colcon_core.verb:set package 'f112th_2501_control_teleop' build argument 'cmake_force_configure' from command line to 'False'
[0.580s] Level 5:colcon.colcon_core.verb:set package 'f112th_2501_control_teleop' build argument 'ament_cmake_args' from command line to 'None'
[0.580s] Level 5:colcon.colcon_core.verb:set package 'f112th_2501_control_teleop' build argument 'catkin_cmake_args' from command line to 'None'
[0.580s] Level 5:colcon.colcon_core.verb:set package 'f112th_2501_control_teleop' build argument 'catkin_skip_building_tests' from command line to 'False'
[0.580s] DEBUG:colcon.colcon_core.verb:Building package 'f112th_2501_control_teleop' with the following arguments: {'ament_cmake_args': None, 'build_base': '/home/laxted/f112th_2501_camel/build/f112th_2501_control_teleop', 'catkin_cmake_args': None, 'catkin_skip_building_tests': False, 'cmake_args': None, 'cmake_clean_cache': False, 'cmake_clean_first': False, 'cmake_force_configure': False, 'cmake_target': None, 'cmake_target_skip_unavailable': False, 'install_base': '/home/laxted/f112th_2501_camel/install/f112th_2501_control_teleop', 'merge_install': False, 'path': '/home/laxted/f112th_2501_camel/src/f112th_2501_control_teleop', 'symlink_install': True, 'test_result_base': None}
[0.580s] Level 5:colcon.colcon_core.verb:set package 'f112th_sim_2501_camel' build argument 'cmake_args' from command line to 'None'
[0.580s] Level 5:colcon.colcon_core.verb:set package 'f112th_sim_2501_camel' build argument 'cmake_target' from command line to 'None'
[0.580s] Level 5:colcon.colcon_core.verb:set package 'f112th_sim_2501_camel' build argument 'cmake_target_skip_unavailable' from command line to 'False'
[0.580s] Level 5:colcon.colcon_core.verb:set package 'f112th_sim_2501_camel' build argument 'cmake_clean_cache' from command line to 'False'
[0.580s] Level 5:colcon.colcon_core.verb:set package 'f112th_sim_2501_camel' build argument 'cmake_clean_first' from command line to 'False'
[0.580s] Level 5:colcon.colcon_core.verb:set package 'f112th_sim_2501_camel' build argument 'cmake_force_configure' from command line to 'False'
[0.580s] Level 5:colcon.colcon_core.verb:set package 'f112th_sim_2501_camel' build argument 'ament_cmake_args' from command line to 'None'
[0.580s] Level 5:colcon.colcon_core.verb:set package 'f112th_sim_2501_camel' build argument 'catkin_cmake_args' from command line to 'None'
[0.580s] Level 5:colcon.colcon_core.verb:set package 'f112th_sim_2501_camel' build argument 'catkin_skip_building_tests' from command line to 'False'
[0.580s] DEBUG:colcon.colcon_core.verb:Building package 'f112th_sim_2501_camel' with the following arguments: {'ament_cmake_args': None, 'build_base': '/home/laxted/f112th_2501_camel/build/f112th_sim_2501_camel', 'catkin_cmake_args': None, 'catkin_skip_building_tests': False, 'cmake_args': None, 'cmake_clean_cache': False, 'cmake_clean_first': False, 'cmake_force_configure': False, 'cmake_target': None, 'cmake_target_skip_unavailable': False, 'install_base': '/home/laxted/f112th_2501_camel/install/f112th_sim_2501_camel', 'merge_install': False, 'path': '/home/laxted/f112th_2501_camel/src/f112th_sim_2501_camel', 'symlink_install': True, 'test_result_base': None}
[0.581s] INFO:colcon.colcon_core.executor:Executing jobs using 'parallel' executor
[0.583s] DEBUG:colcon.colcon_parallel_executor.executor.parallel:run_until_complete
[0.583s] INFO:colcon.colcon_ros.task.ament_python.build:Building ROS package in '/home/laxted/f112th_2501_camel/src/f112th_2501_control_teleop' with build type 'ament_python'
[0.583s] Level 1:colcon.colcon_core.shell:create_environment_hook('f112th_2501_control_teleop', 'ament_prefix_path')
[0.586s] INFO:colcon.colcon_core.plugin_system:Skipping extension 'colcon_core.shell.bat': Not used on non-Windows systems
[0.586s] INFO:colcon.colcon_core.shell:Creating environment hook '/home/laxted/f112th_2501_camel/install/f112th_2501_control_teleop/share/f112th_2501_control_teleop/hook/ament_prefix_path.ps1'
[0.588s] INFO:colcon.colcon_core.shell:Creating environment descriptor '/home/laxted/f112th_2501_camel/install/f112th_2501_control_teleop/share/f112th_2501_control_teleop/hook/ament_prefix_path.dsv'
[0.589s] INFO:colcon.colcon_core.shell:Creating environment hook '/home/laxted/f112th_2501_camel/install/f112th_2501_control_teleop/share/f112th_2501_control_teleop/hook/ament_prefix_path.sh'
[0.590s] INFO:colcon.colcon_core.shell:Skip shell extension 'powershell' for command environment: Not usable outside of PowerShell
[0.590s] DEBUG:colcon.colcon_core.shell:Skip shell extension 'dsv' for command environment
[0.594s] INFO:colcon.colcon_ros.task.ament_python.build:Building ROS package in '/home/laxted/f112th_2501_camel/src/f112th_sim_2501_camel' with build type 'ament_python'
[0.594s] Level 1:colcon.colcon_core.shell:create_environment_hook('f112th_sim_2501_camel', 'ament_prefix_path')
[0.595s] INFO:colcon.colcon_core.shell:Creating environment hook '/home/laxted/f112th_2501_camel/install/f112th_sim_2501_camel/share/f112th_sim_2501_camel/hook/ament_prefix_path.ps1'
[0.596s] INFO:colcon.colcon_core.shell:Creating environment descriptor '/home/laxted/f112th_2501_camel/install/f112th_sim_2501_camel/share/f112th_sim_2501_camel/hook/ament_prefix_path.dsv'
[0.596s] INFO:colcon.colcon_core.shell:Creating environment hook '/home/laxted/f112th_2501_camel/install/f112th_sim_2501_camel/share/f112th_sim_2501_camel/hook/ament_prefix_path.sh'
[0.598s] INFO:colcon.colcon_core.shell:Skip shell extension 'powershell' for command environment: Not usable outside of PowerShell
[0.598s] DEBUG:colcon.colcon_core.shell:Skip shell extension 'dsv' for command environment
[1.130s] INFO:colcon.colcon_core.task.python.build:Building Python package in '/home/laxted/f112th_2501_camel/src/f112th_2501_control_teleop'
[1.131s] INFO:colcon.colcon_core.shell:Skip shell extension 'powershell' for command environment: Not usable outside of PowerShell
[1.131s] DEBUG:colcon.colcon_core.shell:Skip shell extension 'dsv' for command environment
[1.541s] INFO:colcon.colcon_core.task.python.build:Building Python package in '/home/laxted/f112th_2501_camel/src/f112th_sim_2501_camel'
[1.542s] INFO:colcon.colcon_core.shell:Skip shell extension 'powershell' for command environment: Not usable outside of PowerShell
[1.542s] DEBUG:colcon.colcon_core.shell:Skip shell extension 'dsv' for command environment
[2.337s] DEBUG:colcon.colcon_core.event_handler.log_command:Invoking command in '/home/laxted/f112th_2501_camel/build/f112th_2501_control_teleop': PYTHONPATH=/home/laxted/f112th_2501_camel/build/f112th_2501_control_teleop/prefix_override:/usr/lib/python3/dist-packages/colcon_core/task/python/colcon_distutils_commands:/home/laxted/f112th_2501_camel/install/f112th_2501_control_teleop/lib/python3.10/site-packages:${PYTHONPATH} /usr/bin/python3 -W ignore:setup.py install is deprecated -W ignore:easy_install command is deprecated setup.py develop --editable --build-directory /home/laxted/f112th_2501_camel/build/f112th_2501_control_teleop/build --no-deps symlink_data
[2.357s] DEBUG:colcon.colcon_core.event_handler.log_command:Invoking command in '/home/laxted/f112th_2501_camel/build/f112th_sim_2501_camel': PYTHONPATH=/home/laxted/f112th_2501_camel/build/f112th_sim_2501_camel/prefix_override:/usr/lib/python3/dist-packages/colcon_core/task/python/colcon_distutils_commands:/home/laxted/f112th_2501_camel/install/f112th_sim_2501_camel/lib/python3.10/site-packages:${PYTHONPATH} /usr/bin/python3 -W ignore:setup.py install is deprecated -W ignore:easy_install command is deprecated setup.py develop --editable --build-directory /home/laxted/f112th_2501_camel/build/f112th_sim_2501_camel/build --no-deps symlink_data
[3.428s] Level 1:colcon.colcon_core.shell:create_environment_hook('f112th_2501_control_teleop', 'pythonpath_develop')
[3.431s] INFO:colcon.colcon_core.shell:Creating environment hook '/home/laxted/f112th_2501_camel/build/f112th_2501_control_teleop/share/f112th_2501_control_teleop/hook/pythonpath_develop.ps1'
[3.430s] DEBUG:colcon.colcon_core.event_handler.log_command:Invoked command in '/home/laxted/f112th_2501_camel/build/f112th_2501_control_teleop' returned '0': PYTHONPATH=/home/laxted/f112th_2501_camel/build/f112th_2501_control_teleop/prefix_override:/usr/lib/python3/dist-packages/colcon_core/task/python/colcon_distutils_commands:/home/laxted/f112th_2501_camel/install/f112th_2501_control_teleop/lib/python3.10/site-packages:${PYTHONPATH} /usr/bin/python3 -W ignore:setup.py install is deprecated -W ignore:easy_install command is deprecated setup.py develop --editable --build-directory /home/laxted/f112th_2501_camel/build/f112th_2501_control_teleop/build --no-deps symlink_data
[3.434s] INFO:colcon.colcon_core.shell:Creating environment descriptor '/home/laxted/f112th_2501_camel/build/f112th_2501_control_teleop/share/f112th_2501_control_teleop/hook/pythonpath_develop.dsv'
[3.436s] INFO:colcon.colcon_core.shell:Creating environment hook '/home/laxted/f112th_2501_camel/build/f112th_2501_control_teleop/share/f112th_2501_control_teleop/hook/pythonpath_develop.sh'
[3.442s] Level 1:colcon.colcon_core.environment:checking '/home/laxted/f112th_2501_camel/install/f112th_2501_control_teleop' for CMake module files
[3.444s] Level 1:colcon.colcon_core.environment:checking '/home/laxted/f112th_2501_camel/install/f112th_2501_control_teleop' for CMake config files
[3.445s] Level 1:colcon.colcon_core.environment:checking '/home/laxted/f112th_2501_camel/install/f112th_2501_control_teleop/lib'
[3.446s] Level 1:colcon.colcon_core.environment:checking '/home/laxted/f112th_2501_camel/install/f112th_2501_control_teleop/bin'
[3.446s] Level 1:colcon.colcon_core.environment:checking '/home/laxted/f112th_2501_camel/install/f112th_2501_control_teleop/lib/pkgconfig/f112th_2501_control_teleop.pc'
[3.447s] Level 1:colcon.colcon_core.environment:checking '/home/laxted/f112th_2501_camel/install/f112th_2501_control_teleop/lib/python3.10/site-packages'
[3.447s] Level 1:colcon.colcon_core.shell:create_environment_hook('f112th_2501_control_teleop', 'pythonpath')
[3.448s] INFO:colcon.colcon_core.shell:Creating environment hook '/home/laxted/f112th_2501_camel/install/f112th_2501_control_teleop/share/f112th_2501_control_teleop/hook/pythonpath.ps1'
[3.451s] INFO:colcon.colcon_core.shell:Creating environment descriptor '/home/laxted/f112th_2501_camel/install/f112th_2501_control_teleop/share/f112th_2501_control_teleop/hook/pythonpath.dsv'
[3.452s] INFO:colcon.colcon_core.shell:Creating environment hook '/home/laxted/f112th_2501_camel/install/f112th_2501_control_teleop/share/f112th_2501_control_teleop/hook/pythonpath.sh'
[3.454s] Level 1:colcon.colcon_core.environment:checking '/home/laxted/f112th_2501_camel/install/f112th_2501_control_teleop/bin'
[3.455s] Level 1:colcon.colcon_core.environment:create_environment_scripts_only(f112th_2501_control_teleop)
[3.455s] INFO:colcon.colcon_core.shell:Creating package script '/home/laxted/f112th_2501_camel/install/f112th_2501_control_teleop/share/f112th_2501_control_teleop/package.ps1'
[3.457s] INFO:colcon.colcon_core.shell:Creating package descriptor '/home/laxted/f112th_2501_camel/install/f112th_2501_control_teleop/share/f112th_2501_control_teleop/package.dsv'
[3.458s] INFO:colcon.colcon_core.shell:Creating package script '/home/laxted/f112th_2501_camel/install/f112th_2501_control_teleop/share/f112th_2501_control_teleop/package.sh'
[3.459s] INFO:colcon.colcon_core.shell:Creating package script '/home/laxted/f112th_2501_camel/install/f112th_2501_control_teleop/share/f112th_2501_control_teleop/package.bash'
[3.460s] INFO:colcon.colcon_core.shell:Creating package script '/home/laxted/f112th_2501_camel/install/f112th_2501_control_teleop/share/f112th_2501_control_teleop/package.zsh'
[3.462s] Level 1:colcon.colcon_core.environment:create_file_with_runtime_dependencies(/home/laxted/f112th_2501_camel/install/f112th_2501_control_teleop/share/colcon-core/packages/f112th_2501_control_teleop)
[3.464s] Level 1:colcon.colcon_core.shell:create_environment_hook('f112th_sim_2501_camel', 'pythonpath_develop')
[3.464s] INFO:colcon.colcon_core.shell:Creating environment hook '/home/laxted/f112th_2501_camel/build/f112th_sim_2501_camel/share/f112th_sim_2501_camel/hook/pythonpath_develop.ps1'
[3.465s] DEBUG:colcon.colcon_core.event_handler.log_command:Invoked command in '/home/laxted/f112th_2501_camel/build/f112th_sim_2501_camel' returned '0': PYTHONPATH=/home/laxted/f112th_2501_camel/build/f112th_sim_2501_camel/prefix_override:/usr/lib/python3/dist-packages/colcon_core/task/python/colcon_distutils_commands:/home/laxted/f112th_2501_camel/install/f112th_sim_2501_camel/lib/python3.10/site-packages:${PYTHONPATH} /usr/bin/python3 -W ignore:setup.py install is deprecated -W ignore:easy_install command is deprecated setup.py develop --editable --build-directory /home/laxted/f112th_2501_camel/build/f112th_sim_2501_camel/build --no-deps symlink_data
[3.466s] INFO:colcon.colcon_core.shell:Creating environment descriptor '/home/laxted/f112th_2501_camel/build/f112th_sim_2501_camel/share/f112th_sim_2501_camel/hook/pythonpath_develop.dsv'
[3.467s] INFO:colcon.colcon_core.shell:Creating environment hook '/home/laxted/f112th_2501_camel/build/f112th_sim_2501_camel/share/f112th_sim_2501_camel/hook/pythonpath_develop.sh'
[3.468s] Level 1:colcon.colcon_core.environment:checking '/home/laxted/f112th_2501_camel/install/f112th_sim_2501_camel' for CMake module files
[3.469s] Level 1:colcon.colcon_core.environment:checking '/home/laxted/f112th_2501_camel/install/f112th_sim_2501_camel' for CMake config files
[3.470s] Level 1:colcon.colcon_core.environment:checking '/home/laxted/f112th_2501_camel/install/f112th_sim_2501_camel/lib'
[3.470s] Level 1:colcon.colcon_core.environment:checking '/home/laxted/f112th_2501_camel/install/f112th_sim_2501_camel/bin'
[3.470s] Level 1:colcon.colcon_core.environment:checking '/home/laxted/f112th_2501_camel/install/f112th_sim_2501_camel/lib/pkgconfig/f112th_sim_2501_camel.pc'
[3.471s] Level 1:colcon.colcon_core.environment:checking '/home/laxted/f112th_2501_camel/install/f112th_sim_2501_camel/lib/python3.10/site-packages'
[3.471s] Level 1:colcon.colcon_core.shell:create_environment_hook('f112th_sim_2501_camel', 'pythonpath')
[3.471s] INFO:colcon.colcon_core.shell:Creating environment hook '/home/laxted/f112th_2501_camel/install/f112th_sim_2501_camel/share/f112th_sim_2501_camel/hook/pythonpath.ps1'
[3.472s] INFO:colcon.colcon_core.shell:Creating environment descriptor '/home/laxted/f112th_2501_camel/install/f112th_sim_2501_camel/share/f112th_sim_2501_camel/hook/pythonpath.dsv'
[3.472s] INFO:colcon.colcon_core.shell:Creating environment hook '/home/laxted/f112th_2501_camel/install/f112th_sim_2501_camel/share/f112th_sim_2501_camel/hook/pythonpath.sh'
[3.473s] Level 1:colcon.colcon_core.environment:checking '/home/laxted/f112th_2501_camel/install/f112th_sim_2501_camel/bin'
[3.473s] Level 1:colcon.colcon_core.environment:create_environment_scripts_only(f112th_sim_2501_camel)
[3.473s] INFO:colcon.colcon_core.shell:Creating package script '/home/laxted/f112th_2501_camel/install/f112th_sim_2501_camel/share/f112th_sim_2501_camel/package.ps1'
[3.474s] INFO:colcon.colcon_core.shell:Creating package descriptor '/home/laxted/f112th_2501_camel/install/f112th_sim_2501_camel/share/f112th_sim_2501_camel/package.dsv'
[3.475s] INFO:colcon.colcon_core.shell:Creating package script '/home/laxted/f112th_2501_camel/install/f112th_sim_2501_camel/share/f112th_sim_2501_camel/package.sh'
[3.475s] INFO:colcon.colcon_core.shell:Creating package script '/home/laxted/f112th_2501_camel/install/f112th_sim_2501_camel/share/f112th_sim_2501_camel/package.bash'
[3.476s] INFO:colcon.colcon_core.shell:Creating package script '/home/laxted/f112th_2501_camel/install/f112th_sim_2501_camel/share/f112th_sim_2501_camel/package.zsh'
[3.476s] Level 1:colcon.colcon_core.environment:create_file_with_runtime_dependencies(/home/laxted/f112th_2501_camel/install/f112th_sim_2501_camel/share/colcon-core/packages/f112th_sim_2501_camel)
[3.477s] DEBUG:colcon.colcon_parallel_executor.executor.parallel:closing loop
[3.477s] DEBUG:colcon.colcon_parallel_executor.executor.parallel:loop closed
[3.477s] DEBUG:colcon.colcon_parallel_executor.executor.parallel:run_until_complete finished with '0'
[3.478s] DEBUG:colcon.colcon_core.event_reactor:joining thread
[3.487s] INFO:colcon.colcon_core.plugin_system:Skipping extension 'colcon_notification.desktop_notification.terminal_notifier': Not used on non-Darwin systems
[3.487s] INFO:colcon.colcon_core.plugin_system:Skipping extension 'colcon_notification.desktop_notification.win32': Not used on non-Windows systems
[3.487s] INFO:colcon.colcon_notification.desktop_notification:Sending desktop notification using 'notify2'
[3.503s] DEBUG:colcon.colcon_core.event_reactor:joined thread
[3.504s] INFO:colcon.colcon_core.shell:Creating prefix script '/home/laxted/f112th_2501_camel/install/local_setup.ps1'
[3.505s] INFO:colcon.colcon_core.shell:Creating prefix util module '/home/laxted/f112th_2501_camel/install/_local_setup_util_ps1.py'
[3.508s] INFO:colcon.colcon_core.shell:Creating prefix chain script '/home/laxted/f112th_2501_camel/install/setup.ps1'
[3.510s] INFO:colcon.colcon_core.shell:Creating prefix script '/home/laxted/f112th_2501_camel/install/local_setup.sh'
[3.511s] INFO:colcon.colcon_core.shell:Creating prefix util module '/home/laxted/f112th_2501_camel/install/_local_setup_util_sh.py'
[3.513s] INFO:colcon.colcon_core.shell:Creating prefix chain script '/home/laxted/f112th_2501_camel/install/setup.sh'
[3.515s] INFO:colcon.colcon_core.shell:Creating prefix script '/home/laxted/f112th_2501_camel/install/local_setup.bash'
[3.516s] INFO:colcon.colcon_core.shell:Creating prefix chain script '/home/laxted/f112th_2501_camel/install/setup.bash'
[3.518s] INFO:colcon.colcon_core.shell:Creating prefix script '/home/laxted/f112th_2501_camel/install/local_setup.zsh'
[3.518s] INFO:colcon.colcon_core.shell:Creating prefix chain script '/home/laxted/f112th_2501_camel/install/setup.zsh'
