[0.148s] DEBUG:colcon:Command line arguments: ['/usr/bin/colcon', 'build', '--symlink-install']
[0.148s] DEBUG:colcon:Parsed command line arguments: Namespace(log_base=None, log_level=None, verb_name='build', build_base='build', install_base='install', merge_install=False, symlink_install=True, test_result_base=None, continue_on_error=False, executor='parallel', parallel_workers=12, event_handlers=None, ignore_user_meta=False, metas=['./colcon.meta'], base_paths=['.'], packages_ignore=None, packages_ignore_regex=None, paths=None, packages_up_to=None, packages_up_to_regex=None, packages_above=None, packages_above_and_dependencies=None, packages_above_depth=None, packages_select_by_dep=None, packages_skip_by_dep=None, packages_skip_up_to=None, packages_select_build_failed=False, packages_skip_build_finished=False, packages_select_test_failures=False, packages_skip_test_passed=False, packages_select=None, packages_skip=None, packages_select_regex=None, packages_skip_regex=None, packages_start=None, packages_end=None, cmake_args=None, cmake_target=None, cmake_target_skip_unavailable=False, cmake_clean_cache=False, cmake_clean_first=False, cmake_force_configure=False, ament_cmake_args=None, catkin_cmake_args=None, catkin_skip_building_tests=False, mixin_files=None, mixin=None, verb_parser=<colcon_mixin.mixin.mixin_argument.MixinArgumentDecorator object at 0x7fef6dc0cd00>, verb_extension=<colcon_core.verb.build.BuildVerb object at 0x7fef6dd31c30>, main=<bound method BuildVerb.main of <colcon_core.verb.build.BuildVerb object at 0x7fef6dd31c30>>, mixin_verb=('build',))
[0.499s] Level 1:colcon.colcon_core.package_discovery:discover_packages(colcon_meta) check parameters
[0.500s] INFO:colcon.colcon_metadata.package_discovery.colcon_meta:Using configuration from '/root/.colcon/metadata/default/Gazebo.meta'
[0.501s] INFO:colcon.colcon_metadata.package_discovery.colcon_meta:Using configuration from '/root/.colcon/metadata/default/fastrtps.meta'
[0.501s] Level 1:colcon.colcon_core.package_discovery:discover_packages(recursive) check parameters
[0.501s] Level 1:colcon.colcon_core.package_discovery:discover_packages(ignore) check parameters
[0.502s] Level 1:colcon.colcon_core.package_discovery:discover_packages(path) check parameters
[0.502s] Level 1:colcon.colcon_core.package_discovery:discover_packages(colcon_meta) discover
[0.502s] Level 1:colcon.colcon_core.package_discovery:discover_packages(recursive) discover
[0.502s] INFO:colcon.colcon_core.package_discovery:Crawling recursively for packages in '/root/f112th_2501_camel'
[0.502s] Level 1:colcon.colcon_core.package_identification:_identify(.) by extensions ['ignore', 'ignore_ament_install']
[0.502s] Level 1:colcon.colcon_core.package_identification:_identify(.) by extension 'ignore'
[0.502s] Level 1:colcon.colcon_core.package_identification:_identify(.) by extension 'ignore_ament_install'
[0.502s] Level 1:colcon.colcon_core.package_identification:_identify(.) by extensions ['colcon_pkg']
[0.502s] Level 1:colcon.colcon_core.package_identification:_identify(.) by extension 'colcon_pkg'
[0.502s] Level 1:colcon.colcon_core.package_identification:_identify(.) by extensions ['colcon_meta']
[0.503s] Level 1:colcon.colcon_core.package_identification:_identify(.) by extension 'colcon_meta'
[0.503s] Level 1:colcon.colcon_core.package_identification:_identify(.) by extensions ['ros']
[0.503s] Level 1:colcon.colcon_core.package_identification:_identify(.) by extension 'ros'
[0.525s] Level 1:colcon.colcon_core.package_identification:_identify(.) by extensions ['cmake', 'python']
[0.526s] Level 1:colcon.colcon_core.package_identification:_identify(.) by extension 'cmake'
[0.526s] Level 1:colcon.colcon_core.package_identification:_identify(.) by extension 'python'
[0.526s] Level 1:colcon.colcon_core.package_identification:_identify(.) by extensions ['python_setup_py']
[0.527s] Level 1:colcon.colcon_core.package_identification:_identify(.) by extension 'python_setup_py'
[0.527s] Level 1:colcon.colcon_core.package_identification:_identify(Resources) by extensions ['ignore', 'ignore_ament_install']
[0.528s] Level 1:colcon.colcon_core.package_identification:_identify(Resources) by extension 'ignore'
[0.528s] Level 1:colcon.colcon_core.package_identification:_identify(Resources) by extension 'ignore_ament_install'
[0.529s] Level 1:colcon.colcon_core.package_identification:_identify(Resources) by extensions ['colcon_pkg']
[0.529s] Level 1:colcon.colcon_core.package_identification:_identify(Resources) by extension 'colcon_pkg'
[0.529s] Level 1:colcon.colcon_core.package_identification:_identify(Resources) by extensions ['colcon_meta']
[0.530s] Level 1:colcon.colcon_core.package_identification:_identify(Resources) by extension 'colcon_meta'
[0.531s] Level 1:colcon.colcon_core.package_identification:_identify(Resources) by extensions ['ros']
[0.531s] Level 1:colcon.colcon_core.package_identification:_identify(Resources) by extension 'ros'
[0.532s] Level 1:colcon.colcon_core.package_identification:_identify(Resources) by extensions ['cmake', 'python']
[0.532s] Level 1:colcon.colcon_core.package_identification:_identify(Resources) by extension 'cmake'
[0.532s] Level 1:colcon.colcon_core.package_identification:_identify(Resources) by extension 'python'
[0.533s] Level 1:colcon.colcon_core.package_identification:_identify(Resources) by extensions ['python_setup_py']
[0.533s] Level 1:colcon.colcon_core.package_identification:_identify(Resources) by extension 'python_setup_py'
[0.533s] Level 1:colcon.colcon_core.package_identification:_identify(build) by extensions ['ignore', 'ignore_ament_install']
[0.533s] Level 1:colcon.colcon_core.package_identification:_identify(build) by extension 'ignore'
[0.534s] Level 1:colcon.colcon_core.package_identification:_identify(build) ignored
[0.534s] Level 1:colcon.colcon_core.package_identification:_identify(install) by extensions ['ignore', 'ignore_ament_install']
[0.534s] Level 1:colcon.colcon_core.package_identification:_identify(install) by extension 'ignore'
[0.535s] Level 1:colcon.colcon_core.package_identification:_identify(install) ignored
[0.535s] Level 1:colcon.colcon_core.package_identification:_identify(log) by extensions ['ignore', 'ignore_ament_install']
[0.535s] Level 1:colcon.colcon_core.package_identification:_identify(log) by extension 'ignore'
[0.535s] Level 1:colcon.colcon_core.package_identification:_identify(log) ignored
[0.535s] Level 1:colcon.colcon_core.package_identification:_identify(src) by extensions ['ignore', 'ignore_ament_install']
[0.536s] Level 1:colcon.colcon_core.package_identification:_identify(src) by extension 'ignore'
[0.536s] Level 1:colcon.colcon_core.package_identification:_identify(src) by extension 'ignore_ament_install'
[0.536s] Level 1:colcon.colcon_core.package_identification:_identify(src) by extensions ['colcon_pkg']
[0.536s] Level 1:colcon.colcon_core.package_identification:_identify(src) by extension 'colcon_pkg'
[0.536s] Level 1:colcon.colcon_core.package_identification:_identify(src) by extensions ['colcon_meta']
[0.536s] Level 1:colcon.colcon_core.package_identification:_identify(src) by extension 'colcon_meta'
[0.536s] Level 1:colcon.colcon_core.package_identification:_identify(src) by extensions ['ros']
[0.536s] Level 1:colcon.colcon_core.package_identification:_identify(src) by extension 'ros'
[0.537s] Level 1:colcon.colcon_core.package_identification:_identify(src) by extensions ['cmake', 'python']
[0.537s] Level 1:colcon.colcon_core.package_identification:_identify(src) by extension 'cmake'
[0.537s] Level 1:colcon.colcon_core.package_identification:_identify(src) by extension 'python'
[0.537s] Level 1:colcon.colcon_core.package_identification:_identify(src) by extensions ['python_setup_py']
[0.537s] Level 1:colcon.colcon_core.package_identification:_identify(src) by extension 'python_setup_py'
[0.537s] Level 1:colcon.colcon_core.package_identification:_identify(src/f112th_2501_control_teleop) by extensions ['ignore', 'ignore_ament_install']
[0.538s] Level 1:colcon.colcon_core.package_identification:_identify(src/f112th_2501_control_teleop) by extension 'ignore'
[0.538s] Level 1:colcon.colcon_core.package_identification:_identify(src/f112th_2501_control_teleop) by extension 'ignore_ament_install'
[0.538s] Level 1:colcon.colcon_core.package_identification:_identify(src/f112th_2501_control_teleop) by extensions ['colcon_pkg']
[0.538s] Level 1:colcon.colcon_core.package_identification:_identify(src/f112th_2501_control_teleop) by extension 'colcon_pkg'
[0.538s] Level 1:colcon.colcon_core.package_identification:_identify(src/f112th_2501_control_teleop) by extensions ['colcon_meta']
[0.538s] Level 1:colcon.colcon_core.package_identification:_identify(src/f112th_2501_control_teleop) by extension 'colcon_meta'
[0.538s] Level 1:colcon.colcon_core.package_identification:_identify(src/f112th_2501_control_teleop) by extensions ['ros']
[0.538s] Level 1:colcon.colcon_core.package_identification:_identify(src/f112th_2501_control_teleop) by extension 'ros'
[0.543s] DEBUG:colcon.colcon_core.package_identification:Package 'src/f112th_2501_control_teleop' with type 'ros.ament_python' and name 'f112th_2501_control_teleop'
[0.543s] Level 1:colcon.colcon_core.package_identification:_identify(src/f112th_sim_2501_camel) by extensions ['ignore', 'ignore_ament_install']
[0.543s] Level 1:colcon.colcon_core.package_identification:_identify(src/f112th_sim_2501_camel) by extension 'ignore'
[0.543s] Level 1:colcon.colcon_core.package_identification:_identify(src/f112th_sim_2501_camel) by extension 'ignore_ament_install'
[0.544s] Level 1:colcon.colcon_core.package_identification:_identify(src/f112th_sim_2501_camel) by extensions ['colcon_pkg']
[0.544s] Level 1:colcon.colcon_core.package_identification:_identify(src/f112th_sim_2501_camel) by extension 'colcon_pkg'
[0.544s] Level 1:colcon.colcon_core.package_identification:_identify(src/f112th_sim_2501_camel) by extensions ['colcon_meta']
[0.544s] Level 1:colcon.colcon_core.package_identification:_identify(src/f112th_sim_2501_camel) by extension 'colcon_meta'
[0.544s] Level 1:colcon.colcon_core.package_identification:_identify(src/f112th_sim_2501_camel) by extensions ['ros']
[0.544s] Level 1:colcon.colcon_core.package_identification:_identify(src/f112th_sim_2501_camel) by extension 'ros'
[0.545s] DEBUG:colcon.colcon_core.package_identification:Package 'src/f112th_sim_2501_camel' with type 'ros.ament_python' and name 'f112th_sim_2501_camel'
[0.546s] Level 1:colcon.colcon_core.package_identification:_identify(src/wall_following_camel) by extensions ['ignore', 'ignore_ament_install']
[0.546s] Level 1:colcon.colcon_core.package_identification:_identify(src/wall_following_camel) by extension 'ignore'
[0.546s] Level 1:colcon.colcon_core.package_identification:_identify(src/wall_following_camel) by extension 'ignore_ament_install'
[0.546s] Level 1:colcon.colcon_core.package_identification:_identify(src/wall_following_camel) by extensions ['colcon_pkg']
[0.546s] Level 1:colcon.colcon_core.package_identification:_identify(src/wall_following_camel) by extension 'colcon_pkg'
[0.546s] Level 1:colcon.colcon_core.package_identification:_identify(src/wall_following_camel) by extensions ['colcon_meta']
[0.546s] Level 1:colcon.colcon_core.package_identification:_identify(src/wall_following_camel) by extension 'colcon_meta'
[0.546s] Level 1:colcon.colcon_core.package_identification:_identify(src/wall_following_camel) by extensions ['ros']
[0.546s] Level 1:colcon.colcon_core.package_identification:_identify(src/wall_following_camel) by extension 'ros'
[0.547s] DEBUG:colcon.colcon_core.package_identification:Package 'src/wall_following_camel' with type 'ros.ament_python' and name 'wall_following_camel'
[0.547s] Level 1:colcon.colcon_core.package_discovery:discover_packages(recursive) using defaults
[0.548s] Level 1:colcon.colcon_core.package_discovery:discover_packages(ignore) discover
[0.548s] Level 1:colcon.colcon_core.package_discovery:discover_packages(ignore) using defaults
[0.548s] Level 1:colcon.colcon_core.package_discovery:discover_packages(path) discover
[0.548s] Level 1:colcon.colcon_core.package_discovery:discover_packages(path) using defaults
[0.592s] Level 5:colcon.colcon_core.verb:set package 'f112th_2501_control_teleop' build argument 'cmake_args' from command line to 'None'
[0.592s] Level 5:colcon.colcon_core.verb:set package 'f112th_2501_control_teleop' build argument 'cmake_target' from command line to 'None'
[0.592s] Level 5:colcon.colcon_core.verb:set package 'f112th_2501_control_teleop' build argument 'cmake_target_skip_unavailable' from command line to 'False'
[0.592s] Level 5:colcon.colcon_core.verb:set package 'f112th_2501_control_teleop' build argument 'cmake_clean_cache' from command line to 'False'
[0.592s] Level 5:colcon.colcon_core.verb:set package 'f112th_2501_control_teleop' build argument 'cmake_clean_first' from command line to 'False'
[0.592s] Level 5:colcon.colcon_core.verb:set package 'f112th_2501_control_teleop' build argument 'cmake_force_configure' from command line to 'False'
[0.592s] Level 5:colcon.colcon_core.verb:set package 'f112th_2501_control_teleop' build argument 'ament_cmake_args' from command line to 'None'
[0.592s] Level 5:colcon.colcon_core.verb:set package 'f112th_2501_control_teleop' build argument 'catkin_cmake_args' from command line to 'None'
[0.592s] Level 5:colcon.colcon_core.verb:set package 'f112th_2501_control_teleop' build argument 'catkin_skip_building_tests' from command line to 'False'
[0.592s] DEBUG:colcon.colcon_core.verb:Building package 'f112th_2501_control_teleop' with the following arguments: {'ament_cmake_args': None, 'build_base': '/root/f112th_2501_camel/build/f112th_2501_control_teleop', 'catkin_cmake_args': None, 'catkin_skip_building_tests': False, 'cmake_args': None, 'cmake_clean_cache': False, 'cmake_clean_first': False, 'cmake_force_configure': False, 'cmake_target': None, 'cmake_target_skip_unavailable': False, 'install_base': '/root/f112th_2501_camel/install/f112th_2501_control_teleop', 'merge_install': False, 'path': '/root/f112th_2501_camel/src/f112th_2501_control_teleop', 'symlink_install': True, 'test_result_base': None}
[0.593s] Level 5:colcon.colcon_core.verb:set package 'f112th_sim_2501_camel' build argument 'cmake_args' from command line to 'None'
[0.593s] Level 5:colcon.colcon_core.verb:set package 'f112th_sim_2501_camel' build argument 'cmake_target' from command line to 'None'
[0.593s] Level 5:colcon.colcon_core.verb:set package 'f112th_sim_2501_camel' build argument 'cmake_target_skip_unavailable' from command line to 'False'
[0.593s] Level 5:colcon.colcon_core.verb:set package 'f112th_sim_2501_camel' build argument 'cmake_clean_cache' from command line to 'False'
[0.593s] Level 5:colcon.colcon_core.verb:set package 'f112th_sim_2501_camel' build argument 'cmake_clean_first' from command line to 'False'
[0.593s] Level 5:colcon.colcon_core.verb:set package 'f112th_sim_2501_camel' build argument 'cmake_force_configure' from command line to 'False'
[0.593s] Level 5:colcon.colcon_core.verb:set package 'f112th_sim_2501_camel' build argument 'ament_cmake_args' from command line to 'None'
[0.593s] Level 5:colcon.colcon_core.verb:set package 'f112th_sim_2501_camel' build argument 'catkin_cmake_args' from command line to 'None'
[0.593s] Level 5:colcon.colcon_core.verb:set package 'f112th_sim_2501_camel' build argument 'catkin_skip_building_tests' from command line to 'False'
[0.593s] DEBUG:colcon.colcon_core.verb:Building package 'f112th_sim_2501_camel' with the following arguments: {'ament_cmake_args': None, 'build_base': '/root/f112th_2501_camel/build/f112th_sim_2501_camel', 'catkin_cmake_args': None, 'catkin_skip_building_tests': False, 'cmake_args': None, 'cmake_clean_cache': False, 'cmake_clean_first': False, 'cmake_force_configure': False, 'cmake_target': None, 'cmake_target_skip_unavailable': False, 'install_base': '/root/f112th_2501_camel/install/f112th_sim_2501_camel', 'merge_install': False, 'path': '/root/f112th_2501_camel/src/f112th_sim_2501_camel', 'symlink_install': True, 'test_result_base': None}
[0.594s] Level 5:colcon.colcon_core.verb:set package 'wall_following_camel' build argument 'cmake_args' from command line to 'None'
[0.594s] Level 5:colcon.colcon_core.verb:set package 'wall_following_camel' build argument 'cmake_target' from command line to 'None'
[0.595s] Level 5:colcon.colcon_core.verb:set package 'wall_following_camel' build argument 'cmake_target_skip_unavailable' from command line to 'False'
[0.595s] Level 5:colcon.colcon_core.verb:set package 'wall_following_camel' build argument 'cmake_clean_cache' from command line to 'False'
[0.595s] Level 5:colcon.colcon_core.verb:set package 'wall_following_camel' build argument 'cmake_clean_first' from command line to 'False'
[0.595s] Level 5:colcon.colcon_core.verb:set package 'wall_following_camel' build argument 'cmake_force_configure' from command line to 'False'
[0.595s] Level 5:colcon.colcon_core.verb:set package 'wall_following_camel' build argument 'ament_cmake_args' from command line to 'None'
[0.595s] Level 5:colcon.colcon_core.verb:set package 'wall_following_camel' build argument 'catkin_cmake_args' from command line to 'None'
[0.596s] Level 5:colcon.colcon_core.verb:set package 'wall_following_camel' build argument 'catkin_skip_building_tests' from command line to 'False'
[0.597s] DEBUG:colcon.colcon_core.verb:Building package 'wall_following_camel' with the following arguments: {'ament_cmake_args': None, 'build_base': '/root/f112th_2501_camel/build/wall_following_camel', 'catkin_cmake_args': None, 'catkin_skip_building_tests': False, 'cmake_args': None, 'cmake_clean_cache': False, 'cmake_clean_first': False, 'cmake_force_configure': False, 'cmake_target': None, 'cmake_target_skip_unavailable': False, 'install_base': '/root/f112th_2501_camel/install/wall_following_camel', 'merge_install': False, 'path': '/root/f112th_2501_camel/src/wall_following_camel', 'symlink_install': True, 'test_result_base': None}
[0.598s] INFO:colcon.colcon_core.executor:Executing jobs using 'parallel' executor
[0.604s] DEBUG:colcon.colcon_parallel_executor.executor.parallel:run_until_complete
[0.605s] INFO:colcon.colcon_ros.task.ament_python.build:Building ROS package in '/root/f112th_2501_camel/src/f112th_2501_control_teleop' with build type 'ament_python'
[0.605s] Level 1:colcon.colcon_core.shell:create_environment_hook('f112th_2501_control_teleop', 'ament_prefix_path')
[0.609s] INFO:colcon.colcon_core.plugin_system:Skipping extension 'colcon_core.shell.bat': Not used on non-Windows systems
[0.610s] INFO:colcon.colcon_core.shell:Creating environment hook '/root/f112th_2501_camel/install/f112th_2501_control_teleop/share/f112th_2501_control_teleop/hook/ament_prefix_path.ps1'
[0.611s] INFO:colcon.colcon_core.shell:Creating environment descriptor '/root/f112th_2501_camel/install/f112th_2501_control_teleop/share/f112th_2501_control_teleop/hook/ament_prefix_path.dsv'
[0.612s] INFO:colcon.colcon_core.shell:Creating environment hook '/root/f112th_2501_camel/install/f112th_2501_control_teleop/share/f112th_2501_control_teleop/hook/ament_prefix_path.sh'
[0.613s] INFO:colcon.colcon_core.shell:Skip shell extension 'powershell' for command environment: Not usable outside of PowerShell
[0.614s] DEBUG:colcon.colcon_core.shell:Skip shell extension 'dsv' for command environment
[0.623s] INFO:colcon.colcon_ros.task.ament_python.build:Building ROS package in '/root/f112th_2501_camel/src/f112th_sim_2501_camel' with build type 'ament_python'
[0.623s] Level 1:colcon.colcon_core.shell:create_environment_hook('f112th_sim_2501_camel', 'ament_prefix_path')
[0.625s] INFO:colcon.colcon_core.shell:Creating environment hook '/root/f112th_2501_camel/install/f112th_sim_2501_camel/share/f112th_sim_2501_camel/hook/ament_prefix_path.ps1'
[0.628s] INFO:colcon.colcon_core.shell:Creating environment descriptor '/root/f112th_2501_camel/install/f112th_sim_2501_camel/share/f112th_sim_2501_camel/hook/ament_prefix_path.dsv'
[0.629s] INFO:colcon.colcon_core.shell:Creating environment hook '/root/f112th_2501_camel/install/f112th_sim_2501_camel/share/f112th_sim_2501_camel/hook/ament_prefix_path.sh'
[0.631s] INFO:colcon.colcon_core.shell:Skip shell extension 'powershell' for command environment: Not usable outside of PowerShell
[0.631s] DEBUG:colcon.colcon_core.shell:Skip shell extension 'dsv' for command environment
[0.638s] INFO:colcon.colcon_ros.task.ament_python.build:Building ROS package in '/root/f112th_2501_camel/src/wall_following_camel' with build type 'ament_python'
[0.638s] Level 1:colcon.colcon_core.shell:create_environment_hook('wall_following_camel', 'ament_prefix_path')
[0.639s] INFO:colcon.colcon_core.shell:Creating environment hook '/root/f112th_2501_camel/install/wall_following_camel/share/wall_following_camel/hook/ament_prefix_path.ps1'
[0.640s] INFO:colcon.colcon_core.shell:Creating environment descriptor '/root/f112th_2501_camel/install/wall_following_camel/share/wall_following_camel/hook/ament_prefix_path.dsv'
[0.641s] INFO:colcon.colcon_core.shell:Creating environment hook '/root/f112th_2501_camel/install/wall_following_camel/share/wall_following_camel/hook/ament_prefix_path.sh'
[0.641s] INFO:colcon.colcon_core.shell:Skip shell extension 'powershell' for command environment: Not usable outside of PowerShell
[0.641s] DEBUG:colcon.colcon_core.shell:Skip shell extension 'dsv' for command environment
[1.112s] INFO:colcon.colcon_core.task.python.build:Building Python package in '/root/f112th_2501_camel/src/f112th_2501_control_teleop'
[1.112s] INFO:colcon.colcon_core.shell:Skip shell extension 'powershell' for command environment: Not usable outside of PowerShell
[1.112s] DEBUG:colcon.colcon_core.shell:Skip shell extension 'dsv' for command environment
[1.512s] INFO:colcon.colcon_core.task.python.build:Building Python package in '/root/f112th_2501_camel/src/f112th_sim_2501_camel'
[1.513s] INFO:colcon.colcon_core.shell:Skip shell extension 'powershell' for command environment: Not usable outside of PowerShell
[1.513s] DEBUG:colcon.colcon_core.shell:Skip shell extension 'dsv' for command environment
[2.023s] INFO:colcon.colcon_core.task.python.build:Building Python package in '/root/f112th_2501_camel/src/wall_following_camel'
[2.023s] INFO:colcon.colcon_core.shell:Skip shell extension 'powershell' for command environment: Not usable outside of PowerShell
[2.024s] DEBUG:colcon.colcon_core.shell:Skip shell extension 'dsv' for command environment
[2.777s] DEBUG:colcon.colcon_core.event_handler.log_command:Invoking command in '/root/f112th_2501_camel/build/wall_following_camel': PYTHONPATH=/root/f112th_2501_camel/build/wall_following_camel/prefix_override:/usr/lib/python3/dist-packages/colcon_core/task/python/colcon_distutils_commands:/root/f112th_2501_camel/install/wall_following_camel/lib/python3.10/site-packages:${PYTHONPATH} /usr/bin/python3 -W ignore:setup.py install is deprecated -W ignore:easy_install command is deprecated setup.py develop --editable --build-directory /root/f112th_2501_camel/build/wall_following_camel/build --no-deps symlink_data
[2.794s] DEBUG:colcon.colcon_core.event_handler.log_command:Invoking command in '/root/f112th_2501_camel/build/f112th_2501_control_teleop': PYTHONPATH=/root/f112th_2501_camel/build/f112th_2501_control_teleop/prefix_override:/usr/lib/python3/dist-packages/colcon_core/task/python/colcon_distutils_commands:/root/f112th_2501_camel/install/f112th_2501_control_teleop/lib/python3.10/site-packages:${PYTHONPATH} /usr/bin/python3 -W ignore:setup.py install is deprecated -W ignore:easy_install command is deprecated setup.py develop --editable --build-directory /root/f112th_2501_camel/build/f112th_2501_control_teleop/build --no-deps symlink_data
[2.801s] DEBUG:colcon.colcon_core.event_handler.log_command:Invoking command in '/root/f112th_2501_camel/build/f112th_sim_2501_camel': PYTHONPATH=/root/f112th_2501_camel/build/f112th_sim_2501_camel/prefix_override:/usr/lib/python3/dist-packages/colcon_core/task/python/colcon_distutils_commands:/root/f112th_2501_camel/install/f112th_sim_2501_camel/lib/python3.10/site-packages:${PYTHONPATH} /usr/bin/python3 -W ignore:setup.py install is deprecated -W ignore:easy_install command is deprecated setup.py develop --editable --build-directory /root/f112th_2501_camel/build/f112th_sim_2501_camel/build --no-deps symlink_data
[3.916s] Level 1:colcon.colcon_core.shell:create_environment_hook('f112th_2501_control_teleop', 'pythonpath_develop')
[3.917s] INFO:colcon.colcon_core.shell:Creating environment hook '/root/f112th_2501_camel/build/f112th_2501_control_teleop/share/f112th_2501_control_teleop/hook/pythonpath_develop.ps1'
[3.919s] INFO:colcon.colcon_core.shell:Creating environment descriptor '/root/f112th_2501_camel/build/f112th_2501_control_teleop/share/f112th_2501_control_teleop/hook/pythonpath_develop.dsv'
[3.920s] INFO:colcon.colcon_core.shell:Creating environment hook '/root/f112th_2501_camel/build/f112th_2501_control_teleop/share/f112th_2501_control_teleop/hook/pythonpath_develop.sh'
[3.925s] Level 1:colcon.colcon_core.environment:checking '/root/f112th_2501_camel/install/f112th_2501_control_teleop' for CMake module files
[3.926s] Level 1:colcon.colcon_core.environment:checking '/root/f112th_2501_camel/install/f112th_2501_control_teleop' for CMake config files
[3.927s] Level 1:colcon.colcon_core.environment:checking '/root/f112th_2501_camel/install/f112th_2501_control_teleop/lib'
[3.927s] Level 1:colcon.colcon_core.environment:checking '/root/f112th_2501_camel/install/f112th_2501_control_teleop/bin'
[3.928s] Level 1:colcon.colcon_core.environment:checking '/root/f112th_2501_camel/install/f112th_2501_control_teleop/lib/pkgconfig/f112th_2501_control_teleop.pc'
[3.929s] Level 1:colcon.colcon_core.environment:checking '/root/f112th_2501_camel/install/f112th_2501_control_teleop/lib/python3.10/site-packages'
[3.929s] Level 1:colcon.colcon_core.shell:create_environment_hook('f112th_2501_control_teleop', 'pythonpath')
[3.929s] INFO:colcon.colcon_core.shell:Creating environment hook '/root/f112th_2501_camel/install/f112th_2501_control_teleop/share/f112th_2501_control_teleop/hook/pythonpath.ps1'
[3.931s] INFO:colcon.colcon_core.shell:Creating environment descriptor '/root/f112th_2501_camel/install/f112th_2501_control_teleop/share/f112th_2501_control_teleop/hook/pythonpath.dsv'
[3.934s] INFO:colcon.colcon_core.shell:Creating environment hook '/root/f112th_2501_camel/install/f112th_2501_control_teleop/share/f112th_2501_control_teleop/hook/pythonpath.sh'
[3.935s] DEBUG:colcon.colcon_core.event_handler.log_command:Invoked command in '/root/f112th_2501_camel/build/f112th_2501_control_teleop' returned '0': PYTHONPATH=/root/f112th_2501_camel/build/f112th_2501_control_teleop/prefix_override:/usr/lib/python3/dist-packages/colcon_core/task/python/colcon_distutils_commands:/root/f112th_2501_camel/install/f112th_2501_control_teleop/lib/python3.10/site-packages:${PYTHONPATH} /usr/bin/python3 -W ignore:setup.py install is deprecated -W ignore:easy_install command is deprecated setup.py develop --editable --build-directory /root/f112th_2501_camel/build/f112th_2501_control_teleop/build --no-deps symlink_data
[3.940s] Level 1:colcon.colcon_core.environment:checking '/root/f112th_2501_camel/install/f112th_2501_control_teleop/bin'
[3.940s] Level 1:colcon.colcon_core.environment:create_environment_scripts_only(f112th_2501_control_teleop)
[3.941s] INFO:colcon.colcon_core.shell:Creating package script '/root/f112th_2501_camel/install/f112th_2501_control_teleop/share/f112th_2501_control_teleop/package.ps1'
[3.943s] INFO:colcon.colcon_core.shell:Creating package descriptor '/root/f112th_2501_camel/install/f112th_2501_control_teleop/share/f112th_2501_control_teleop/package.dsv'
[3.944s] INFO:colcon.colcon_core.shell:Creating package script '/root/f112th_2501_camel/install/f112th_2501_control_teleop/share/f112th_2501_control_teleop/package.sh'
[3.946s] INFO:colcon.colcon_core.shell:Creating package script '/root/f112th_2501_camel/install/f112th_2501_control_teleop/share/f112th_2501_control_teleop/package.bash'
[3.950s] INFO:colcon.colcon_core.shell:Creating package script '/root/f112th_2501_camel/install/f112th_2501_control_teleop/share/f112th_2501_control_teleop/package.zsh'
[3.952s] Level 1:colcon.colcon_core.environment:create_file_with_runtime_dependencies(/root/f112th_2501_camel/install/f112th_2501_control_teleop/share/colcon-core/packages/f112th_2501_control_teleop)
[3.961s] Level 1:colcon.colcon_core.shell:create_environment_hook('wall_following_camel', 'pythonpath_develop')
[3.962s] INFO:colcon.colcon_core.shell:Creating environment hook '/root/f112th_2501_camel/build/wall_following_camel/share/wall_following_camel/hook/pythonpath_develop.ps1'
[3.964s] DEBUG:colcon.colcon_core.event_handler.log_command:Invoked command in '/root/f112th_2501_camel/build/wall_following_camel' returned '0': PYTHONPATH=/root/f112th_2501_camel/build/wall_following_camel/prefix_override:/usr/lib/python3/dist-packages/colcon_core/task/python/colcon_distutils_commands:/root/f112th_2501_camel/install/wall_following_camel/lib/python3.10/site-packages:${PYTHONPATH} /usr/bin/python3 -W ignore:setup.py install is deprecated -W ignore:easy_install command is deprecated setup.py develop --editable --build-directory /root/f112th_2501_camel/build/wall_following_camel/build --no-deps symlink_data
[3.964s] INFO:colcon.colcon_core.shell:Creating environment descriptor '/root/f112th_2501_camel/build/wall_following_camel/share/wall_following_camel/hook/pythonpath_develop.dsv'
[3.967s] INFO:colcon.colcon_core.shell:Creating environment hook '/root/f112th_2501_camel/build/wall_following_camel/share/wall_following_camel/hook/pythonpath_develop.sh'
[3.969s] Level 1:colcon.colcon_core.environment:checking '/root/f112th_2501_camel/install/wall_following_camel' for CMake module files
[3.970s] Level 1:colcon.colcon_core.environment:checking '/root/f112th_2501_camel/install/wall_following_camel' for CMake config files
[3.971s] Level 1:colcon.colcon_core.environment:checking '/root/f112th_2501_camel/install/wall_following_camel/lib'
[3.971s] Level 1:colcon.colcon_core.environment:checking '/root/f112th_2501_camel/install/wall_following_camel/bin'
[3.972s] Level 1:colcon.colcon_core.environment:checking '/root/f112th_2501_camel/install/wall_following_camel/lib/pkgconfig/wall_following_camel.pc'
[3.972s] Level 1:colcon.colcon_core.environment:checking '/root/f112th_2501_camel/install/wall_following_camel/lib/python3.10/site-packages'
[3.972s] Level 1:colcon.colcon_core.shell:create_environment_hook('wall_following_camel', 'pythonpath')
[3.973s] INFO:colcon.colcon_core.shell:Creating environment hook '/root/f112th_2501_camel/install/wall_following_camel/share/wall_following_camel/hook/pythonpath.ps1'
[3.975s] INFO:colcon.colcon_core.shell:Creating environment descriptor '/root/f112th_2501_camel/install/wall_following_camel/share/wall_following_camel/hook/pythonpath.dsv'
[3.977s] INFO:colcon.colcon_core.shell:Creating environment hook '/root/f112th_2501_camel/install/wall_following_camel/share/wall_following_camel/hook/pythonpath.sh'
[3.979s] Level 1:colcon.colcon_core.environment:checking '/root/f112th_2501_camel/install/wall_following_camel/bin'
[3.979s] Level 1:colcon.colcon_core.environment:create_environment_scripts_only(wall_following_camel)
[3.981s] INFO:colcon.colcon_core.shell:Creating package script '/root/f112th_2501_camel/install/wall_following_camel/share/wall_following_camel/package.ps1'
[3.983s] INFO:colcon.colcon_core.shell:Creating package descriptor '/root/f112th_2501_camel/install/wall_following_camel/share/wall_following_camel/package.dsv'
[3.984s] INFO:colcon.colcon_core.shell:Creating package script '/root/f112th_2501_camel/install/wall_following_camel/share/wall_following_camel/package.sh'
[3.988s] INFO:colcon.colcon_core.shell:Creating package script '/root/f112th_2501_camel/install/wall_following_camel/share/wall_following_camel/package.bash'
[3.988s] INFO:colcon.colcon_core.shell:Creating package script '/root/f112th_2501_camel/install/wall_following_camel/share/wall_following_camel/package.zsh'
[3.989s] Level 1:colcon.colcon_core.environment:create_file_with_runtime_dependencies(/root/f112th_2501_camel/install/wall_following_camel/share/colcon-core/packages/wall_following_camel)
[3.993s] Level 1:colcon.colcon_core.shell:create_environment_hook('f112th_sim_2501_camel', 'pythonpath_develop')
[3.994s] INFO:colcon.colcon_core.shell:Creating environment hook '/root/f112th_2501_camel/build/f112th_sim_2501_camel/share/f112th_sim_2501_camel/hook/pythonpath_develop.ps1'
[3.994s] DEBUG:colcon.colcon_core.event_handler.log_command:Invoked command in '/root/f112th_2501_camel/build/f112th_sim_2501_camel' returned '0': PYTHONPATH=/root/f112th_2501_camel/build/f112th_sim_2501_camel/prefix_override:/usr/lib/python3/dist-packages/colcon_core/task/python/colcon_distutils_commands:/root/f112th_2501_camel/install/f112th_sim_2501_camel/lib/python3.10/site-packages:${PYTHONPATH} /usr/bin/python3 -W ignore:setup.py install is deprecated -W ignore:easy_install command is deprecated setup.py develop --editable --build-directory /root/f112th_2501_camel/build/f112th_sim_2501_camel/build --no-deps symlink_data
[3.995s] INFO:colcon.colcon_core.shell:Creating environment descriptor '/root/f112th_2501_camel/build/f112th_sim_2501_camel/share/f112th_sim_2501_camel/hook/pythonpath_develop.dsv'
[3.999s] INFO:colcon.colcon_core.shell:Creating environment hook '/root/f112th_2501_camel/build/f112th_sim_2501_camel/share/f112th_sim_2501_camel/hook/pythonpath_develop.sh'
[4.000s] Level 1:colcon.colcon_core.environment:checking '/root/f112th_2501_camel/install/f112th_sim_2501_camel' for CMake module files
[4.001s] Level 1:colcon.colcon_core.environment:checking '/root/f112th_2501_camel/install/f112th_sim_2501_camel' for CMake config files
[4.002s] Level 1:colcon.colcon_core.environment:checking '/root/f112th_2501_camel/install/f112th_sim_2501_camel/lib'
[4.003s] Level 1:colcon.colcon_core.environment:checking '/root/f112th_2501_camel/install/f112th_sim_2501_camel/bin'
[4.003s] Level 1:colcon.colcon_core.environment:checking '/root/f112th_2501_camel/install/f112th_sim_2501_camel/lib/pkgconfig/f112th_sim_2501_camel.pc'
[4.003s] Level 1:colcon.colcon_core.environment:checking '/root/f112th_2501_camel/install/f112th_sim_2501_camel/lib/python3.10/site-packages'
[4.003s] Level 1:colcon.colcon_core.shell:create_environment_hook('f112th_sim_2501_camel', 'pythonpath')
[4.004s] INFO:colcon.colcon_core.shell:Creating environment hook '/root/f112th_2501_camel/install/f112th_sim_2501_camel/share/f112th_sim_2501_camel/hook/pythonpath.ps1'
[4.005s] INFO:colcon.colcon_core.shell:Creating environment descriptor '/root/f112th_2501_camel/install/f112th_sim_2501_camel/share/f112th_sim_2501_camel/hook/pythonpath.dsv'
[4.006s] INFO:colcon.colcon_core.shell:Creating environment hook '/root/f112th_2501_camel/install/f112th_sim_2501_camel/share/f112th_sim_2501_camel/hook/pythonpath.sh'
[4.008s] Level 1:colcon.colcon_core.environment:checking '/root/f112th_2501_camel/install/f112th_sim_2501_camel/bin'
[4.008s] Level 1:colcon.colcon_core.environment:create_environment_scripts_only(f112th_sim_2501_camel)
[4.009s] INFO:colcon.colcon_core.shell:Creating package script '/root/f112th_2501_camel/install/f112th_sim_2501_camel/share/f112th_sim_2501_camel/package.ps1'
[4.012s] INFO:colcon.colcon_core.shell:Creating package descriptor '/root/f112th_2501_camel/install/f112th_sim_2501_camel/share/f112th_sim_2501_camel/package.dsv'
[4.015s] INFO:colcon.colcon_core.shell:Creating package script '/root/f112th_2501_camel/install/f112th_sim_2501_camel/share/f112th_sim_2501_camel/package.sh'
[4.018s] INFO:colcon.colcon_core.shell:Creating package script '/root/f112th_2501_camel/install/f112th_sim_2501_camel/share/f112th_sim_2501_camel/package.bash'
[4.021s] INFO:colcon.colcon_core.shell:Creating package script '/root/f112th_2501_camel/install/f112th_sim_2501_camel/share/f112th_sim_2501_camel/package.zsh'
[4.022s] Level 1:colcon.colcon_core.environment:create_file_with_runtime_dependencies(/root/f112th_2501_camel/install/f112th_sim_2501_camel/share/colcon-core/packages/f112th_sim_2501_camel)
[4.022s] DEBUG:colcon.colcon_parallel_executor.executor.parallel:closing loop
[4.024s] DEBUG:colcon.colcon_parallel_executor.executor.parallel:loop closed
[4.024s] DEBUG:colcon.colcon_parallel_executor.executor.parallel:run_until_complete finished with '0'
[4.024s] DEBUG:colcon.colcon_core.event_reactor:joining thread
[4.031s] INFO:colcon.colcon_core.plugin_system:Skipping extension 'colcon_notification.desktop_notification.notify_send': Could not find 'notify-send'
[4.031s] INFO:colcon.colcon_core.plugin_system:Skipping extension 'colcon_notification.desktop_notification.terminal_notifier': Not used on non-Darwin systems
[4.031s] INFO:colcon.colcon_core.plugin_system:Skipping extension 'colcon_notification.desktop_notification.win32': Not used on non-Windows systems
[4.031s] INFO:colcon.colcon_notification.desktop_notification:Sending desktop notification using 'notify2'
[4.034s] DEBUG:colcon.colcon_notification.desktop_notification.notify2:Failed to initialize notify2: org.freedesktop.DBus.Error.Spawn.ExecFailed: /usr/bin/dbus-launch terminated abnormally without any error message
[4.035s] DEBUG:colcon.colcon_core.event_reactor:joined thread
[4.035s] INFO:colcon.colcon_core.shell:Creating prefix script '/root/f112th_2501_camel/install/local_setup.ps1'
[4.037s] INFO:colcon.colcon_core.shell:Creating prefix util module '/root/f112th_2501_camel/install/_local_setup_util_ps1.py'
[4.040s] INFO:colcon.colcon_core.shell:Creating prefix chain script '/root/f112th_2501_camel/install/setup.ps1'
[4.042s] INFO:colcon.colcon_core.shell:Creating prefix script '/root/f112th_2501_camel/install/local_setup.sh'
[4.043s] INFO:colcon.colcon_core.shell:Creating prefix util module '/root/f112th_2501_camel/install/_local_setup_util_sh.py'
[4.044s] INFO:colcon.colcon_core.shell:Creating prefix chain script '/root/f112th_2501_camel/install/setup.sh'
[4.052s] INFO:colcon.colcon_core.shell:Creating prefix script '/root/f112th_2501_camel/install/local_setup.bash'
[4.053s] INFO:colcon.colcon_core.shell:Creating prefix chain script '/root/f112th_2501_camel/install/setup.bash'
[4.056s] INFO:colcon.colcon_core.shell:Creating prefix script '/root/f112th_2501_camel/install/local_setup.zsh'
[4.057s] INFO:colcon.colcon_core.shell:Creating prefix chain script '/root/f112th_2501_camel/install/setup.zsh'
