[0.849s] Invoking command in '/home/laxted/f112th_2501_camel/build/f112th_2501_control_teleop': PYTHONPATH=/home/laxted/f112th_2501_camel/build/f112th_2501_control_teleop/prefix_override:/usr/lib/python3/dist-packages/colcon_core/task/python/colcon_distutils_commands:/home/laxted/f112th_2501_camel/install/f112th_2501_control_teleop/lib/python3.10/site-packages:${PYTHONPATH} /usr/bin/python3 -W ignore:setup.py install is deprecated -W ignore:easy_install command is deprecated setup.py develop --editable --build-directory /home/laxted/f112th_2501_camel/build/f112th_2501_control_teleop/build --no-deps symlink_data
[1.109s] running develop
[1.274s] running egg_info
[1.274s] creating f112th_2501_control_teleop.egg-info
[1.274s] writing f112th_2501_control_teleop.egg-info/PKG-INFO
[1.274s] writing dependency_links to f112th_2501_control_teleop.egg-info/dependency_links.txt
[1.274s] writing entry points to f112th_2501_control_teleop.egg-info/entry_points.txt
[1.275s] writing requirements to f112th_2501_control_teleop.egg-info/requires.txt
[1.275s] writing top-level names to f112th_2501_control_teleop.egg-info/top_level.txt
[1.275s] writing manifest file 'f112th_2501_control_teleop.egg-info/SOURCES.txt'
[1.278s] reading manifest file 'f112th_2501_control_teleop.egg-info/SOURCES.txt'
[1.279s] writing manifest file 'f112th_2501_control_teleop.egg-info/SOURCES.txt'
[1.281s] running build_ext
[1.281s] Creating /home/laxted/f112th_2501_camel/install/f112th_2501_control_teleop/lib/python3.10/site-packages/f112th-2501-control-teleop.egg-link (link to .)
[1.282s] Installing control_teleop script to /home/laxted/f112th_2501_camel/install/f112th_2501_control_teleop/lib/f112th_2501_control_teleop
[1.282s] 
[1.282s] Installed /home/laxted/f112th_2501_camel/build/f112th_2501_control_teleop
[1.283s] running symlink_data
[1.283s] creating /home/laxted/f112th_2501_camel/install/f112th_2501_control_teleop/share/ament_index
[1.283s] creating /home/laxted/f112th_2501_camel/install/f112th_2501_control_teleop/share/ament_index/resource_index
[1.283s] creating /home/laxted/f112th_2501_camel/install/f112th_2501_control_teleop/share/ament_index/resource_index/packages
[1.283s] symbolically linking /home/laxted/f112th_2501_camel/build/f112th_2501_control_teleop/resource/f112th_2501_control_teleop -> /home/laxted/f112th_2501_camel/install/f112th_2501_control_teleop/share/ament_index/resource_index/packages
[1.283s] symbolically linking /home/laxted/f112th_2501_camel/build/f112th_2501_control_teleop/package.xml -> /home/laxted/f112th_2501_camel/install/f112th_2501_control_teleop/share/f112th_2501_control_teleop
[1.283s] creating /home/laxted/f112th_2501_camel/install/f112th_2501_control_teleop/share/f112th_2501_control_teleop/launch
[1.284s] symbolically linking /home/laxted/f112th_2501_camel/build/f112th_2501_control_teleop/launch/launch_joy_input_launch.py -> /home/laxted/f112th_2501_camel/install/f112th_2501_control_teleop/share/f112th_2501_control_teleop/launch
[1.327s] Invoked command in '/home/laxted/f112th_2501_camel/build/f112th_2501_control_teleop' returned '0': PYTHONPATH=/home/laxted/f112th_2501_camel/build/f112th_2501_control_teleop/prefix_override:/usr/lib/python3/dist-packages/colcon_core/task/python/colcon_distutils_commands:/home/laxted/f112th_2501_camel/install/f112th_2501_control_teleop/lib/python3.10/site-packages:${PYTHONPATH} /usr/bin/python3 -W ignore:setup.py install is deprecated -W ignore:easy_install command is deprecated setup.py develop --editable --build-directory /home/laxted/f112th_2501_camel/build/f112th_2501_control_teleop/build --no-deps symlink_data
