running develop
running egg_info
creating f112th_sim_2501_camel.egg-info
writing f112th_sim_2501_camel.egg-info/PKG-INFO
writing dependency_links to f112th_sim_2501_camel.egg-info/dependency_links.txt
writing entry points to f112th_sim_2501_camel.egg-info/entry_points.txt
writing requirements to f112th_sim_2501_camel.egg-info/requires.txt
writing top-level names to f112th_sim_2501_camel.egg-info/top_level.txt
writing manifest file 'f112th_sim_2501_camel.egg-info/SOURCES.txt'
reading manifest file 'f112th_sim_2501_camel.egg-info/SOURCES.txt'
writing manifest file 'f112th_sim_2501_camel.egg-info/SOURCES.txt'
running build_ext
Creating /root/f112th_2501_camel/install/f112th_sim_2501_camel/lib/python3.10/site-packages/f112th-sim-2501-camel.egg-link (link to .)
Installing aeb_brake script to /root/f112th_2501_camel/install/f112th_sim_2501_camel/lib/f112th_sim_2501_camel

Installed /root/f112th_2501_camel/build/f112th_sim_2501_camel
running symlink_data
creating /root/f112th_2501_camel/install/f112th_sim_2501_camel/share/ament_index
creating /root/f112th_2501_camel/install/f112th_sim_2501_camel/share/ament_index/resource_index
creating /root/f112th_2501_camel/install/f112th_sim_2501_camel/share/ament_index/resource_index/packages
symbolically linking /root/f112th_2501_camel/build/f112th_sim_2501_camel/resource/f112th_sim_2501_camel -> /root/f112th_2501_camel/install/f112th_sim_2501_camel/share/ament_index/resource_index/packages
symbolically linking /root/f112th_2501_camel/build/f112th_sim_2501_camel/package.xml -> /root/f112th_2501_camel/install/f112th_sim_2501_camel/share/f112th_sim_2501_camel
creating /root/f112th_2501_camel/install/f112th_sim_2501_camel/share/f112th_sim_2501_camel/launch
symbolically linking /root/f112th_2501_camel/build/f112th_sim_2501_camel/launch/robot_description_launch.py -> /root/f112th_2501_camel/install/f112th_sim_2501_camel/share/f112th_sim_2501_camel/launch
symbolically linking /root/f112th_2501_camel/build/f112th_sim_2501_camel/launch/launch_sim_launch.py -> /root/f112th_2501_camel/install/f112th_sim_2501_camel/share/f112th_sim_2501_camel/launch
creating /root/f112th_2501_camel/install/f112th_sim_2501_camel/share/f112th_sim_2501_camel/description
symbolically linking /root/f112th_2501_camel/build/f112th_sim_2501_camel/description/inertial_macros.xacro -> /root/f112th_2501_camel/install/f112th_sim_2501_camel/share/f112th_sim_2501_camel/description
symbolically linking /root/f112th_2501_camel/build/f112th_sim_2501_camel/description/gazebo_control.xacro -> /root/f112th_2501_camel/install/f112th_sim_2501_camel/share/f112th_sim_2501_camel/description
symbolically linking /root/f112th_2501_camel/build/f112th_sim_2501_camel/description/robot_core.xacro -> /root/f112th_2501_camel/install/f112th_sim_2501_camel/share/f112th_sim_2501_camel/description
symbolically linking /root/f112th_2501_camel/build/f112th_sim_2501_camel/description/properties.xacro -> /root/f112th_2501_camel/install/f112th_sim_2501_camel/share/f112th_sim_2501_camel/description
symbolically linking /root/f112th_2501_camel/build/f112th_sim_2501_camel/description/lidar.xacro -> /root/f112th_2501_camel/install/f112th_sim_2501_camel/share/f112th_sim_2501_camel/description
symbolically linking /root/f112th_2501_camel/build/f112th_sim_2501_camel/description/ros2_control.xacro -> /root/f112th_2501_camel/install/f112th_sim_2501_camel/share/f112th_sim_2501_camel/description
symbolically linking /root/f112th_2501_camel/build/f112th_sim_2501_camel/description/robot.urdf.xacro -> /root/f112th_2501_camel/install/f112th_sim_2501_camel/share/f112th_sim_2501_camel/description
creating /root/f112th_2501_camel/install/f112th_sim_2501_camel/share/f112th_sim_2501_camel/worlds
creating /root/f112th_2501_camel/install/f112th_sim_2501_camel/share/f112th_sim_2501_camel/config
symbolically linking /root/f112th_2501_camel/build/f112th_sim_2501_camel/config/gazebo_params.yaml -> /root/f112th_2501_camel/install/f112th_sim_2501_camel/share/f112th_sim_2501_camel/config
symbolically linking /root/f112th_2501_camel/build/f112th_sim_2501_camel/config/my_controllers.yaml -> /root/f112th_2501_camel/install/f112th_sim_2501_camel/share/f112th_sim_2501_camel/config
