[1.053s] Invoking command in '/root/f112th_2501_camel/build/f112th_sim_2501_camel': PYTHONPATH=/root/f112th_2501_camel/build/f112th_sim_2501_camel/prefix_override:/usr/lib/python3/dist-packages/colcon_core/task/python/colcon_distutils_commands:/root/f112th_2501_camel/install/f112th_sim_2501_camel/lib/python3.10/site-packages:${PYTHONPATH} /usr/bin/python3 -W ignore:setup.py install is deprecated -W ignore:easy_install command is deprecated setup.py develop --editable --build-directory /root/f112th_2501_camel/build/f112th_sim_2501_camel/build --no-deps symlink_data
[1.334s] running develop
[1.485s] running egg_info
[1.485s] creating f112th_sim_2501_camel.egg-info
[1.486s] writing f112th_sim_2501_camel.egg-info/PKG-INFO
[1.487s] writing dependency_links to f112th_sim_2501_camel.egg-info/dependency_links.txt
[1.487s] writing entry points to f112th_sim_2501_camel.egg-info/entry_points.txt
[1.487s] writing requirements to f112th_sim_2501_camel.egg-info/requires.txt
[1.487s] writing top-level names to f112th_sim_2501_camel.egg-info/top_level.txt
[1.487s] writing manifest file 'f112th_sim_2501_camel.egg-info/SOURCES.txt'
[1.488s] reading manifest file 'f112th_sim_2501_camel.egg-info/SOURCES.txt'
[1.489s] writing manifest file 'f112th_sim_2501_camel.egg-info/SOURCES.txt'
[1.490s] running build_ext
[1.491s] Creating /root/f112th_2501_camel/install/f112th_sim_2501_camel/lib/python3.10/site-packages/f112th-sim-2501-camel.egg-link (link to .)
[1.491s] Installing aeb_brake script to /root/f112th_2501_camel/install/f112th_sim_2501_camel/lib/f112th_sim_2501_camel
[1.492s] 
[1.492s] Installed /root/f112th_2501_camel/build/f112th_sim_2501_camel
[1.493s] running symlink_data
[1.494s] creating /root/f112th_2501_camel/install/f112th_sim_2501_camel/share/ament_index
[1.494s] creating /root/f112th_2501_camel/install/f112th_sim_2501_camel/share/ament_index/resource_index
[1.495s] creating /root/f112th_2501_camel/install/f112th_sim_2501_camel/share/ament_index/resource_index/packages
[1.495s] symbolically linking /root/f112th_2501_camel/build/f112th_sim_2501_camel/resource/f112th_sim_2501_camel -> /root/f112th_2501_camel/install/f112th_sim_2501_camel/share/ament_index/resource_index/packages
[1.495s] symbolically linking /root/f112th_2501_camel/build/f112th_sim_2501_camel/package.xml -> /root/f112th_2501_camel/install/f112th_sim_2501_camel/share/f112th_sim_2501_camel
[1.495s] creating /root/f112th_2501_camel/install/f112th_sim_2501_camel/share/f112th_sim_2501_camel/launch
[1.496s] symbolically linking /root/f112th_2501_camel/build/f112th_sim_2501_camel/launch/robot_description_launch.py -> /root/f112th_2501_camel/install/f112th_sim_2501_camel/share/f112th_sim_2501_camel/launch
[1.496s] symbolically linking /root/f112th_2501_camel/build/f112th_sim_2501_camel/launch/launch_sim_launch.py -> /root/f112th_2501_camel/install/f112th_sim_2501_camel/share/f112th_sim_2501_camel/launch
[1.496s] creating /root/f112th_2501_camel/install/f112th_sim_2501_camel/share/f112th_sim_2501_camel/description
[1.496s] symbolically linking /root/f112th_2501_camel/build/f112th_sim_2501_camel/description/inertial_macros.xacro -> /root/f112th_2501_camel/install/f112th_sim_2501_camel/share/f112th_sim_2501_camel/description
[1.497s] symbolically linking /root/f112th_2501_camel/build/f112th_sim_2501_camel/description/gazebo_control.xacro -> /root/f112th_2501_camel/install/f112th_sim_2501_camel/share/f112th_sim_2501_camel/description
[1.497s] symbolically linking /root/f112th_2501_camel/build/f112th_sim_2501_camel/description/robot_core.xacro -> /root/f112th_2501_camel/install/f112th_sim_2501_camel/share/f112th_sim_2501_camel/description
[1.497s] symbolically linking /root/f112th_2501_camel/build/f112th_sim_2501_camel/description/properties.xacro -> /root/f112th_2501_camel/install/f112th_sim_2501_camel/share/f112th_sim_2501_camel/description
[1.497s] symbolically linking /root/f112th_2501_camel/build/f112th_sim_2501_camel/description/lidar.xacro -> /root/f112th_2501_camel/install/f112th_sim_2501_camel/share/f112th_sim_2501_camel/description
[1.497s] symbolically linking /root/f112th_2501_camel/build/f112th_sim_2501_camel/description/ros2_control.xacro -> /root/f112th_2501_camel/install/f112th_sim_2501_camel/share/f112th_sim_2501_camel/description
[1.498s] symbolically linking /root/f112th_2501_camel/build/f112th_sim_2501_camel/description/robot.urdf.xacro -> /root/f112th_2501_camel/install/f112th_sim_2501_camel/share/f112th_sim_2501_camel/description
[1.498s] creating /root/f112th_2501_camel/install/f112th_sim_2501_camel/share/f112th_sim_2501_camel/worlds
[1.499s] creating /root/f112th_2501_camel/install/f112th_sim_2501_camel/share/f112th_sim_2501_camel/config
[1.499s] symbolically linking /root/f112th_2501_camel/build/f112th_sim_2501_camel/config/gazebo_params.yaml -> /root/f112th_2501_camel/install/f112th_sim_2501_camel/share/f112th_sim_2501_camel/config
[1.499s] symbolically linking /root/f112th_2501_camel/build/f112th_sim_2501_camel/config/my_controllers.yaml -> /root/f112th_2501_camel/install/f112th_sim_2501_camel/share/f112th_sim_2501_camel/config
[1.549s] Invoked command in '/root/f112th_2501_camel/build/f112th_sim_2501_camel' returned '0': PYTHONPATH=/root/f112th_2501_camel/build/f112th_sim_2501_camel/prefix_override:/usr/lib/python3/dist-packages/colcon_core/task/python/colcon_distutils_commands:/root/f112th_2501_camel/install/f112th_sim_2501_camel/lib/python3.10/site-packages:${PYTHONPATH} /usr/bin/python3 -W ignore:setup.py install is deprecated -W ignore:easy_install command is deprecated setup.py develop --editable --build-directory /root/f112th_2501_camel/build/f112th_sim_2501_camel/build --no-deps symlink_data
