[0.242s] DEBUG:colcon:Command line arguments: ['/usr/bin/colcon', 'build', '--symlink-install']
[0.243s] DEBUG:colcon:Parsed command line arguments: Namespace(log_base=None, log_level=None, verb_name='build', build_base='build', install_base='install', merge_install=False, symlink_install=True, test_result_base=None, continue_on_error=False, executor='parallel', parallel_workers=12, event_handlers=None, ignore_user_meta=False, metas=['./colcon.meta'], base_paths=['.'], packages_ignore=None, packages_ignore_regex=None, paths=None, packages_up_to=None, packages_up_to_regex=None, packages_above=None, packages_above_and_dependencies=None, packages_above_depth=None, packages_select_by_dep=None, packages_skip_by_dep=None, packages_skip_up_to=None, packages_select_build_failed=False, packages_skip_build_finished=False, packages_select_test_failures=False, packages_skip_test_passed=False, packages_select=None, packages_skip=None, packages_select_regex=None, packages_skip_regex=None, packages_start=None, packages_end=None, cmake_args=None, cmake_target=None, cmake_target_skip_unavailable=False, cmake_clean_cache=False, cmake_clean_first=False, cmake_force_configure=False, ament_cmake_args=None, catkin_cmake_args=None, catkin_skip_building_tests=False, mixin_files=None, mixin=None, verb_parser=<colcon_mixin.mixin.mixin_argument.MixinArgumentDecorator object at 0x7f17cb900850>, verb_extension=<colcon_core.verb.build.BuildVerb object at 0x7f17cba256f0>, main=<bound method BuildVerb.main of <colcon_core.verb.build.BuildVerb object at 0x7f17cba256f0>>, mixin_verb=('build',))
[0.554s] Level 1:colcon.colcon_core.package_discovery:discover_packages(colcon_meta) check parameters
[0.556s] INFO:colcon.colcon_metadata.package_discovery.colcon_meta:Using configuration from '/root/.colcon/metadata/default/Gazebo.meta'
[0.557s] INFO:colcon.colcon_metadata.package_discovery.colcon_meta:Using configuration from '/root/.colcon/metadata/default/fastrtps.meta'
[0.557s] Level 1:colcon.colcon_core.package_discovery:discover_packages(recursive) check parameters
[0.557s] Level 1:colcon.colcon_core.package_discovery:discover_packages(ignore) check parameters
[0.557s] Level 1:colcon.colcon_core.package_discovery:discover_packages(path) check parameters
[0.557s] Level 1:colcon.colcon_core.package_discovery:discover_packages(colcon_meta) discover
[0.557s] Level 1:colcon.colcon_core.package_discovery:discover_packages(recursive) discover
[0.557s] INFO:colcon.colcon_core.package_discovery:Crawling recursively for packages in '/root/f112th_2501_camel'
[0.557s] Level 1:colcon.colcon_core.package_identification:_identify(.) by extensions ['ignore', 'ignore_ament_install']
[0.557s] Level 1:colcon.colcon_core.package_identification:_identify(.) by extension 'ignore'
[0.557s] Level 1:colcon.colcon_core.package_identification:_identify(.) by extension 'ignore_ament_install'
[0.558s] Level 1:colcon.colcon_core.package_identification:_identify(.) by extensions ['colcon_pkg']
[0.558s] Level 1:colcon.colcon_core.package_identification:_identify(.) by extension 'colcon_pkg'
[0.558s] Level 1:colcon.colcon_core.package_identification:_identify(.) by extensions ['colcon_meta']
[0.558s] Level 1:colcon.colcon_core.package_identification:_identify(.) by extension 'colcon_meta'
[0.558s] Level 1:colcon.colcon_core.package_identification:_identify(.) by extensions ['ros']
[0.558s] Level 1:colcon.colcon_core.package_identification:_identify(.) by extension 'ros'
[0.575s] Level 1:colcon.colcon_core.package_identification:_identify(.) by extensions ['cmake', 'python']
[0.575s] Level 1:colcon.colcon_core.package_identification:_identify(.) by extension 'cmake'
[0.575s] Level 1:colcon.colcon_core.package_identification:_identify(.) by extension 'python'
[0.575s] Level 1:colcon.colcon_core.package_identification:_identify(.) by extensions ['python_setup_py']
[0.575s] Level 1:colcon.colcon_core.package_identification:_identify(.) by extension 'python_setup_py'
[0.576s] Level 1:colcon.colcon_core.package_identification:_identify(Resources) by extensions ['ignore', 'ignore_ament_install']
[0.576s] Level 1:colcon.colcon_core.package_identification:_identify(Resources) by extension 'ignore'
[0.576s] Level 1:colcon.colcon_core.package_identification:_identify(Resources) by extension 'ignore_ament_install'
[0.576s] Level 1:colcon.colcon_core.package_identification:_identify(Resources) by extensions ['colcon_pkg']
[0.576s] Level 1:colcon.colcon_core.package_identification:_identify(Resources) by extension 'colcon_pkg'
[0.576s] Level 1:colcon.colcon_core.package_identification:_identify(Resources) by extensions ['colcon_meta']
[0.576s] Level 1:colcon.colcon_core.package_identification:_identify(Resources) by extension 'colcon_meta'
[0.576s] Level 1:colcon.colcon_core.package_identification:_identify(Resources) by extensions ['ros']
[0.576s] Level 1:colcon.colcon_core.package_identification:_identify(Resources) by extension 'ros'
[0.576s] Level 1:colcon.colcon_core.package_identification:_identify(Resources) by extensions ['cmake', 'python']
[0.576s] Level 1:colcon.colcon_core.package_identification:_identify(Resources) by extension 'cmake'
[0.576s] Level 1:colcon.colcon_core.package_identification:_identify(Resources) by extension 'python'
[0.577s] Level 1:colcon.colcon_core.package_identification:_identify(Resources) by extensions ['python_setup_py']
[0.577s] Level 1:colcon.colcon_core.package_identification:_identify(Resources) by extension 'python_setup_py'
[0.577s] Level 1:colcon.colcon_core.package_identification:_identify(build) by extensions ['ignore', 'ignore_ament_install']
[0.577s] Level 1:colcon.colcon_core.package_identification:_identify(build) by extension 'ignore'
[0.577s] Level 1:colcon.colcon_core.package_identification:_identify(build) ignored
[0.577s] Level 1:colcon.colcon_core.package_identification:_identify(install) by extensions ['ignore', 'ignore_ament_install']
[0.577s] Level 1:colcon.colcon_core.package_identification:_identify(install) by extension 'ignore'
[0.577s] Level 1:colcon.colcon_core.package_identification:_identify(install) ignored
[0.577s] Level 1:colcon.colcon_core.package_identification:_identify(log) by extensions ['ignore', 'ignore_ament_install']
[0.578s] Level 1:colcon.colcon_core.package_identification:_identify(log) by extension 'ignore'
[0.578s] Level 1:colcon.colcon_core.package_identification:_identify(log) ignored
[0.578s] Level 1:colcon.colcon_core.package_identification:_identify(src) by extensions ['ignore', 'ignore_ament_install']
[0.578s] Level 1:colcon.colcon_core.package_identification:_identify(src) by extension 'ignore'
[0.578s] Level 1:colcon.colcon_core.package_identification:_identify(src) by extension 'ignore_ament_install'
[0.579s] Level 1:colcon.colcon_core.package_identification:_identify(src) by extensions ['colcon_pkg']
[0.579s] Level 1:colcon.colcon_core.package_identification:_identify(src) by extension 'colcon_pkg'
[0.579s] Level 1:colcon.colcon_core.package_identification:_identify(src) by extensions ['colcon_meta']
[0.579s] Level 1:colcon.colcon_core.package_identification:_identify(src) by extension 'colcon_meta'
[0.579s] Level 1:colcon.colcon_core.package_identification:_identify(src) by extensions ['ros']
[0.579s] Level 1:colcon.colcon_core.package_identification:_identify(src) by extension 'ros'
[0.579s] Level 1:colcon.colcon_core.package_identification:_identify(src) by extensions ['cmake', 'python']
[0.580s] Level 1:colcon.colcon_core.package_identification:_identify(src) by extension 'cmake'
[0.580s] Level 1:colcon.colcon_core.package_identification:_identify(src) by extension 'python'
[0.580s] Level 1:colcon.colcon_core.package_identification:_identify(src) by extensions ['python_setup_py']
[0.580s] Level 1:colcon.colcon_core.package_identification:_identify(src) by extension 'python_setup_py'
[0.580s] Level 1:colcon.colcon_core.package_identification:_identify(src/f112th_2501_control_teleop) by extensions ['ignore', 'ignore_ament_install']
[0.580s] Level 1:colcon.colcon_core.package_identification:_identify(src/f112th_2501_control_teleop) by extension 'ignore'
[0.580s] Level 1:colcon.colcon_core.package_identification:_identify(src/f112th_2501_control_teleop) by extension 'ignore_ament_install'
[0.580s] Level 1:colcon.colcon_core.package_identification:_identify(src/f112th_2501_control_teleop) by extensions ['colcon_pkg']
[0.580s] Level 1:colcon.colcon_core.package_identification:_identify(src/f112th_2501_control_teleop) by extension 'colcon_pkg'
[0.580s] Level 1:colcon.colcon_core.package_identification:_identify(src/f112th_2501_control_teleop) by extensions ['colcon_meta']
[0.581s] Level 1:colcon.colcon_core.package_identification:_identify(src/f112th_2501_control_teleop) by extension 'colcon_meta'
[0.581s] Level 1:colcon.colcon_core.package_identification:_identify(src/f112th_2501_control_teleop) by extensions ['ros']
[0.581s] Level 1:colcon.colcon_core.package_identification:_identify(src/f112th_2501_control_teleop) by extension 'ros'
[0.585s] DEBUG:colcon.colcon_core.package_identification:Package 'src/f112th_2501_control_teleop' with type 'ros.ament_python' and name 'f112th_2501_control_teleop'
[0.585s] Level 1:colcon.colcon_core.package_identification:_identify(src/f112th_sim_2501_camel) by extensions ['ignore', 'ignore_ament_install']
[0.585s] Level 1:colcon.colcon_core.package_identification:_identify(src/f112th_sim_2501_camel) by extension 'ignore'
[0.586s] Level 1:colcon.colcon_core.package_identification:_identify(src/f112th_sim_2501_camel) by extension 'ignore_ament_install'
[0.586s] Level 1:colcon.colcon_core.package_identification:_identify(src/f112th_sim_2501_camel) by extensions ['colcon_pkg']
[0.586s] Level 1:colcon.colcon_core.package_identification:_identify(src/f112th_sim_2501_camel) by extension 'colcon_pkg'
[0.586s] Level 1:colcon.colcon_core.package_identification:_identify(src/f112th_sim_2501_camel) by extensions ['colcon_meta']
[0.586s] Level 1:colcon.colcon_core.package_identification:_identify(src/f112th_sim_2501_camel) by extension 'colcon_meta'
[0.586s] Level 1:colcon.colcon_core.package_identification:_identify(src/f112th_sim_2501_camel) by extensions ['ros']
[0.586s] Level 1:colcon.colcon_core.package_identification:_identify(src/f112th_sim_2501_camel) by extension 'ros'
[0.587s] DEBUG:colcon.colcon_core.package_identification:Package 'src/f112th_sim_2501_camel' with type 'ros.ament_python' and name 'f112th_sim_2501_camel'
[0.587s] Level 1:colcon.colcon_core.package_identification:_identify(src/wall_following_camel) by extensions ['ignore', 'ignore_ament_install']
[0.587s] Level 1:colcon.colcon_core.package_identification:_identify(src/wall_following_camel) by extension 'ignore'
[0.587s] Level 1:colcon.colcon_core.package_identification:_identify(src/wall_following_camel) by extension 'ignore_ament_install'
[0.588s] Level 1:colcon.colcon_core.package_identification:_identify(src/wall_following_camel) by extensions ['colcon_pkg']
[0.588s] Level 1:colcon.colcon_core.package_identification:_identify(src/wall_following_camel) by extension 'colcon_pkg'
[0.588s] Level 1:colcon.colcon_core.package_identification:_identify(src/wall_following_camel) by extensions ['colcon_meta']
[0.588s] Level 1:colcon.colcon_core.package_identification:_identify(src/wall_following_camel) by extension 'colcon_meta'
[0.588s] Level 1:colcon.colcon_core.package_identification:_identify(src/wall_following_camel) by extensions ['ros']
[0.588s] Level 1:colcon.colcon_core.package_identification:_identify(src/wall_following_camel) by extension 'ros'
[0.589s] DEBUG:colcon.colcon_core.package_identification:Package 'src/wall_following_camel' with type 'ros.ament_python' and name 'wall_following_camel'
[0.589s] Level 1:colcon.colcon_core.package_discovery:discover_packages(recursive) using defaults
[0.589s] Level 1:colcon.colcon_core.package_discovery:discover_packages(ignore) discover
[0.589s] Level 1:colcon.colcon_core.package_discovery:discover_packages(ignore) using defaults
[0.589s] Level 1:colcon.colcon_core.package_discovery:discover_packages(path) discover
[0.589s] Level 1:colcon.colcon_core.package_discovery:discover_packages(path) using defaults
[0.622s] Level 5:colcon.colcon_core.verb:set package 'f112th_2501_control_teleop' build argument 'cmake_args' from command line to 'None'
[0.622s] Level 5:colcon.colcon_core.verb:set package 'f112th_2501_control_teleop' build argument 'cmake_target' from command line to 'None'
[0.622s] Level 5:colcon.colcon_core.verb:set package 'f112th_2501_control_teleop' build argument 'cmake_target_skip_unavailable' from command line to 'False'
[0.622s] Level 5:colcon.colcon_core.verb:set package 'f112th_2501_control_teleop' build argument 'cmake_clean_cache' from command line to 'False'
[0.622s] Level 5:colcon.colcon_core.verb:set package 'f112th_2501_control_teleop' build argument 'cmake_clean_first' from command line to 'False'
[0.622s] Level 5:colcon.colcon_core.verb:set package 'f112th_2501_control_teleop' build argument 'cmake_force_configure' from command line to 'False'
[0.622s] Level 5:colcon.colcon_core.verb:set package 'f112th_2501_control_teleop' build argument 'ament_cmake_args' from command line to 'None'
[0.622s] Level 5:colcon.colcon_core.verb:set package 'f112th_2501_control_teleop' build argument 'catkin_cmake_args' from command line to 'None'
[0.622s] Level 5:colcon.colcon_core.verb:set package 'f112th_2501_control_teleop' build argument 'catkin_skip_building_tests' from command line to 'False'
[0.622s] DEBUG:colcon.colcon_core.verb:Building package 'f112th_2501_control_teleop' with the following arguments: {'ament_cmake_args': None, 'build_base': '/root/f112th_2501_camel/build/f112th_2501_control_teleop', 'catkin_cmake_args': None, 'catkin_skip_building_tests': False, 'cmake_args': None, 'cmake_clean_cache': False, 'cmake_clean_first': False, 'cmake_force_configure': False, 'cmake_target': None, 'cmake_target_skip_unavailable': False, 'install_base': '/root/f112th_2501_camel/install/f112th_2501_control_teleop', 'merge_install': False, 'path': '/root/f112th_2501_camel/src/f112th_2501_control_teleop', 'symlink_install': True, 'test_result_base': None}
[0.623s] Level 5:colcon.colcon_core.verb:set package 'f112th_sim_2501_camel' build argument 'cmake_args' from command line to 'None'
[0.623s] Level 5:colcon.colcon_core.verb:set package 'f112th_sim_2501_camel' build argument 'cmake_target' from command line to 'None'
[0.623s] Level 5:colcon.colcon_core.verb:set package 'f112th_sim_2501_camel' build argument 'cmake_target_skip_unavailable' from command line to 'False'
[0.623s] Level 5:colcon.colcon_core.verb:set package 'f112th_sim_2501_camel' build argument 'cmake_clean_cache' from command line to 'False'
[0.623s] Level 5:colcon.colcon_core.verb:set package 'f112th_sim_2501_camel' build argument 'cmake_clean_first' from command line to 'False'
[0.623s] Level 5:colcon.colcon_core.verb:set package 'f112th_sim_2501_camel' build argument 'cmake_force_configure' from command line to 'False'
[0.623s] Level 5:colcon.colcon_core.verb:set package 'f112th_sim_2501_camel' build argument 'ament_cmake_args' from command line to 'None'
[0.623s] Level 5:colcon.colcon_core.verb:set package 'f112th_sim_2501_camel' build argument 'catkin_cmake_args' from command line to 'None'
[0.623s] Level 5:colcon.colcon_core.verb:set package 'f112th_sim_2501_camel' build argument 'catkin_skip_building_tests' from command line to 'False'
[0.623s] DEBUG:colcon.colcon_core.verb:Building package 'f112th_sim_2501_camel' with the following arguments: {'ament_cmake_args': None, 'build_base': '/root/f112th_2501_camel/build/f112th_sim_2501_camel', 'catkin_cmake_args': None, 'catkin_skip_building_tests': False, 'cmake_args': None, 'cmake_clean_cache': False, 'cmake_clean_first': False, 'cmake_force_configure': False, 'cmake_target': None, 'cmake_target_skip_unavailable': False, 'install_base': '/root/f112th_2501_camel/install/f112th_sim_2501_camel', 'merge_install': False, 'path': '/root/f112th_2501_camel/src/f112th_sim_2501_camel', 'symlink_install': True, 'test_result_base': None}
[0.624s] Level 5:colcon.colcon_core.verb:set package 'wall_following_camel' build argument 'cmake_args' from command line to 'None'
[0.624s] Level 5:colcon.colcon_core.verb:set package 'wall_following_camel' build argument 'cmake_target' from command line to 'None'
[0.624s] Level 5:colcon.colcon_core.verb:set package 'wall_following_camel' build argument 'cmake_target_skip_unavailable' from command line to 'False'
[0.624s] Level 5:colcon.colcon_core.verb:set package 'wall_following_camel' build argument 'cmake_clean_cache' from command line to 'False'
[0.624s] Level 5:colcon.colcon_core.verb:set package 'wall_following_camel' build argument 'cmake_clean_first' from command line to 'False'
[0.624s] Level 5:colcon.colcon_core.verb:set package 'wall_following_camel' build argument 'cmake_force_configure' from command line to 'False'
[0.624s] Level 5:colcon.colcon_core.verb:set package 'wall_following_camel' build argument 'ament_cmake_args' from command line to 'None'
[0.624s] Level 5:colcon.colcon_core.verb:set package 'wall_following_camel' build argument 'catkin_cmake_args' from command line to 'None'
[0.624s] Level 5:colcon.colcon_core.verb:set package 'wall_following_camel' build argument 'catkin_skip_building_tests' from command line to 'False'
[0.624s] DEBUG:colcon.colcon_core.verb:Building package 'wall_following_camel' with the following arguments: {'ament_cmake_args': None, 'build_base': '/root/f112th_2501_camel/build/wall_following_camel', 'catkin_cmake_args': None, 'catkin_skip_building_tests': False, 'cmake_args': None, 'cmake_clean_cache': False, 'cmake_clean_first': False, 'cmake_force_configure': False, 'cmake_target': None, 'cmake_target_skip_unavailable': False, 'install_base': '/root/f112th_2501_camel/install/wall_following_camel', 'merge_install': False, 'path': '/root/f112th_2501_camel/src/wall_following_camel', 'symlink_install': True, 'test_result_base': None}
[0.624s] INFO:colcon.colcon_core.executor:Executing jobs using 'parallel' executor
[0.626s] DEBUG:colcon.colcon_parallel_executor.executor.parallel:run_until_complete
[0.627s] INFO:colcon.colcon_ros.task.ament_python.build:Building ROS package in '/root/f112th_2501_camel/src/f112th_2501_control_teleop' with build type 'ament_python'
[0.627s] Level 1:colcon.colcon_core.shell:create_environment_hook('f112th_2501_control_teleop', 'ament_prefix_path')
[0.635s] INFO:colcon.colcon_core.plugin_system:Skipping extension 'colcon_core.shell.bat': Not used on non-Windows systems
[0.635s] INFO:colcon.colcon_core.shell:Creating environment hook '/root/f112th_2501_camel/install/f112th_2501_control_teleop/share/f112th_2501_control_teleop/hook/ament_prefix_path.ps1'
[0.636s] INFO:colcon.colcon_core.shell:Creating environment descriptor '/root/f112th_2501_camel/install/f112th_2501_control_teleop/share/f112th_2501_control_teleop/hook/ament_prefix_path.dsv'
[0.637s] INFO:colcon.colcon_core.shell:Creating environment hook '/root/f112th_2501_camel/install/f112th_2501_control_teleop/share/f112th_2501_control_teleop/hook/ament_prefix_path.sh'
[0.638s] INFO:colcon.colcon_core.shell:Skip shell extension 'powershell' for command environment: Not usable outside of PowerShell
[0.638s] DEBUG:colcon.colcon_core.shell:Skip shell extension 'dsv' for command environment
[0.647s] INFO:colcon.colcon_ros.task.ament_python.build:Building ROS package in '/root/f112th_2501_camel/src/f112th_sim_2501_camel' with build type 'ament_python'
[0.648s] Level 1:colcon.colcon_core.shell:create_environment_hook('f112th_sim_2501_camel', 'ament_prefix_path')
[0.648s] INFO:colcon.colcon_core.shell:Creating environment hook '/root/f112th_2501_camel/install/f112th_sim_2501_camel/share/f112th_sim_2501_camel/hook/ament_prefix_path.ps1'
[0.649s] INFO:colcon.colcon_core.shell:Creating environment descriptor '/root/f112th_2501_camel/install/f112th_sim_2501_camel/share/f112th_sim_2501_camel/hook/ament_prefix_path.dsv'
[0.650s] INFO:colcon.colcon_core.shell:Creating environment hook '/root/f112th_2501_camel/install/f112th_sim_2501_camel/share/f112th_sim_2501_camel/hook/ament_prefix_path.sh'
[0.650s] INFO:colcon.colcon_core.shell:Skip shell extension 'powershell' for command environment: Not usable outside of PowerShell
[0.650s] DEBUG:colcon.colcon_core.shell:Skip shell extension 'dsv' for command environment
[0.654s] INFO:colcon.colcon_ros.task.ament_python.build:Building ROS package in '/root/f112th_2501_camel/src/wall_following_camel' with build type 'ament_python'
[0.654s] Level 1:colcon.colcon_core.shell:create_environment_hook('wall_following_camel', 'ament_prefix_path')
[0.655s] INFO:colcon.colcon_core.shell:Creating environment hook '/root/f112th_2501_camel/install/wall_following_camel/share/wall_following_camel/hook/ament_prefix_path.ps1'
[0.656s] INFO:colcon.colcon_core.shell:Creating environment descriptor '/root/f112th_2501_camel/install/wall_following_camel/share/wall_following_camel/hook/ament_prefix_path.dsv'
[0.656s] INFO:colcon.colcon_core.shell:Creating environment hook '/root/f112th_2501_camel/install/wall_following_camel/share/wall_following_camel/hook/ament_prefix_path.sh'
[0.657s] INFO:colcon.colcon_core.shell:Skip shell extension 'powershell' for command environment: Not usable outside of PowerShell
[0.658s] DEBUG:colcon.colcon_core.shell:Skip shell extension 'dsv' for command environment
[1.010s] INFO:colcon.colcon_core.task.python.build:Building Python package in '/root/f112th_2501_camel/src/f112th_2501_control_teleop'
[1.011s] INFO:colcon.colcon_core.shell:Skip shell extension 'powershell' for command environment: Not usable outside of PowerShell
[1.011s] DEBUG:colcon.colcon_core.shell:Skip shell extension 'dsv' for command environment
[1.386s] INFO:colcon.colcon_core.task.python.build:Building Python package in '/root/f112th_2501_camel/src/f112th_sim_2501_camel'
[1.387s] INFO:colcon.colcon_core.shell:Skip shell extension 'powershell' for command environment: Not usable outside of PowerShell
[1.387s] DEBUG:colcon.colcon_core.shell:Skip shell extension 'dsv' for command environment
[1.732s] INFO:colcon.colcon_core.task.python.build:Building Python package in '/root/f112th_2501_camel/src/wall_following_camel'
[1.733s] INFO:colcon.colcon_core.shell:Skip shell extension 'powershell' for command environment: Not usable outside of PowerShell
[1.733s] DEBUG:colcon.colcon_core.shell:Skip shell extension 'dsv' for command environment
[2.400s] DEBUG:colcon.colcon_core.event_handler.log_command:Invoking command in '/root/f112th_2501_camel/build/f112th_sim_2501_camel': PYTHONPATH=/root/f112th_2501_camel/build/f112th_sim_2501_camel/prefix_override:/usr/lib/python3/dist-packages/colcon_core/task/python/colcon_distutils_commands:/root/f112th_2501_camel/install/f112th_sim_2501_camel/lib/python3.10/site-packages:${PYTHONPATH} /usr/bin/python3 -W ignore:setup.py install is deprecated -W ignore:easy_install command is deprecated setup.py develop --editable --build-directory /root/f112th_2501_camel/build/f112th_sim_2501_camel/build --no-deps symlink_data
[2.404s] DEBUG:colcon.colcon_core.event_handler.log_command:Invoking command in '/root/f112th_2501_camel/build/wall_following_camel': PYTHONPATH=/root/f112th_2501_camel/build/wall_following_camel/prefix_override:/usr/lib/python3/dist-packages/colcon_core/task/python/colcon_distutils_commands:/root/f112th_2501_camel/install/wall_following_camel/lib/python3.10/site-packages:${PYTHONPATH} /usr/bin/python3 -W ignore:setup.py install is deprecated -W ignore:easy_install command is deprecated setup.py develop --editable --build-directory /root/f112th_2501_camel/build/wall_following_camel/build --no-deps symlink_data
[2.408s] DEBUG:colcon.colcon_core.event_handler.log_command:Invoking command in '/root/f112th_2501_camel/build/f112th_2501_control_teleop': PYTHONPATH=/root/f112th_2501_camel/build/f112th_2501_control_teleop/prefix_override:/usr/lib/python3/dist-packages/colcon_core/task/python/colcon_distutils_commands:/root/f112th_2501_camel/install/f112th_2501_control_teleop/lib/python3.10/site-packages:${PYTHONPATH} /usr/bin/python3 -W ignore:setup.py install is deprecated -W ignore:easy_install command is deprecated setup.py develop --editable --build-directory /root/f112th_2501_camel/build/f112th_2501_control_teleop/build --no-deps symlink_data
[3.016s] Level 1:colcon.colcon_core.shell:create_environment_hook('wall_following_camel', 'pythonpath_develop')
[3.017s] INFO:colcon.colcon_core.shell:Creating environment hook '/root/f112th_2501_camel/build/wall_following_camel/share/wall_following_camel/hook/pythonpath_develop.ps1'
[3.018s] DEBUG:colcon.colcon_core.event_handler.log_command:Invoked command in '/root/f112th_2501_camel/build/wall_following_camel' returned '0': PYTHONPATH=/root/f112th_2501_camel/build/wall_following_camel/prefix_override:/usr/lib/python3/dist-packages/colcon_core/task/python/colcon_distutils_commands:/root/f112th_2501_camel/install/wall_following_camel/lib/python3.10/site-packages:${PYTHONPATH} /usr/bin/python3 -W ignore:setup.py install is deprecated -W ignore:easy_install command is deprecated setup.py develop --editable --build-directory /root/f112th_2501_camel/build/wall_following_camel/build --no-deps symlink_data
[3.020s] INFO:colcon.colcon_core.shell:Creating environment descriptor '/root/f112th_2501_camel/build/wall_following_camel/share/wall_following_camel/hook/pythonpath_develop.dsv'
[3.020s] INFO:colcon.colcon_core.shell:Creating environment hook '/root/f112th_2501_camel/build/wall_following_camel/share/wall_following_camel/hook/pythonpath_develop.sh'
[3.030s] Level 1:colcon.colcon_core.environment:checking '/root/f112th_2501_camel/install/wall_following_camel' for CMake module files
[3.031s] Level 1:colcon.colcon_core.environment:checking '/root/f112th_2501_camel/install/wall_following_camel' for CMake config files
[3.032s] Level 1:colcon.colcon_core.environment:checking '/root/f112th_2501_camel/install/wall_following_camel/lib'
[3.032s] Level 1:colcon.colcon_core.environment:checking '/root/f112th_2501_camel/install/wall_following_camel/bin'
[3.032s] Level 1:colcon.colcon_core.environment:checking '/root/f112th_2501_camel/install/wall_following_camel/lib/pkgconfig/wall_following_camel.pc'
[3.033s] Level 1:colcon.colcon_core.environment:checking '/root/f112th_2501_camel/install/wall_following_camel/lib/python3.10/site-packages'
[3.033s] Level 1:colcon.colcon_core.shell:create_environment_hook('wall_following_camel', 'pythonpath')
[3.033s] INFO:colcon.colcon_core.shell:Creating environment hook '/root/f112th_2501_camel/install/wall_following_camel/share/wall_following_camel/hook/pythonpath.ps1'
[3.034s] INFO:colcon.colcon_core.shell:Creating environment descriptor '/root/f112th_2501_camel/install/wall_following_camel/share/wall_following_camel/hook/pythonpath.dsv'
[3.035s] INFO:colcon.colcon_core.shell:Creating environment hook '/root/f112th_2501_camel/install/wall_following_camel/share/wall_following_camel/hook/pythonpath.sh'
[3.036s] Level 1:colcon.colcon_core.environment:checking '/root/f112th_2501_camel/install/wall_following_camel/bin'
[3.036s] Level 1:colcon.colcon_core.environment:create_environment_scripts_only(wall_following_camel)
[3.037s] INFO:colcon.colcon_core.shell:Creating package script '/root/f112th_2501_camel/install/wall_following_camel/share/wall_following_camel/package.ps1'
[3.039s] INFO:colcon.colcon_core.shell:Creating package descriptor '/root/f112th_2501_camel/install/wall_following_camel/share/wall_following_camel/package.dsv'
[3.041s] INFO:colcon.colcon_core.shell:Creating package script '/root/f112th_2501_camel/install/wall_following_camel/share/wall_following_camel/package.sh'
[3.042s] INFO:colcon.colcon_core.shell:Creating package script '/root/f112th_2501_camel/install/wall_following_camel/share/wall_following_camel/package.bash'
[3.044s] INFO:colcon.colcon_core.shell:Creating package script '/root/f112th_2501_camel/install/wall_following_camel/share/wall_following_camel/package.zsh'
[3.045s] Level 1:colcon.colcon_core.environment:create_file_with_runtime_dependencies(/root/f112th_2501_camel/install/wall_following_camel/share/colcon-core/packages/wall_following_camel)
[3.050s] Level 1:colcon.colcon_core.shell:create_environment_hook('f112th_sim_2501_camel', 'pythonpath_develop')
[3.050s] INFO:colcon.colcon_core.shell:Creating environment hook '/root/f112th_2501_camel/build/f112th_sim_2501_camel/share/f112th_sim_2501_camel/hook/pythonpath_develop.ps1'
[3.051s] DEBUG:colcon.colcon_core.event_handler.log_command:Invoked command in '/root/f112th_2501_camel/build/f112th_sim_2501_camel' returned '0': PYTHONPATH=/root/f112th_2501_camel/build/f112th_sim_2501_camel/prefix_override:/usr/lib/python3/dist-packages/colcon_core/task/python/colcon_distutils_commands:/root/f112th_2501_camel/install/f112th_sim_2501_camel/lib/python3.10/site-packages:${PYTHONPATH} /usr/bin/python3 -W ignore:setup.py install is deprecated -W ignore:easy_install command is deprecated setup.py develop --editable --build-directory /root/f112th_2501_camel/build/f112th_sim_2501_camel/build --no-deps symlink_data
[3.052s] INFO:colcon.colcon_core.shell:Creating environment descriptor '/root/f112th_2501_camel/build/f112th_sim_2501_camel/share/f112th_sim_2501_camel/hook/pythonpath_develop.dsv'
[3.052s] INFO:colcon.colcon_core.shell:Creating environment hook '/root/f112th_2501_camel/build/f112th_sim_2501_camel/share/f112th_sim_2501_camel/hook/pythonpath_develop.sh'
[3.053s] Level 1:colcon.colcon_core.environment:checking '/root/f112th_2501_camel/install/f112th_sim_2501_camel' for CMake module files
[3.054s] Level 1:colcon.colcon_core.environment:checking '/root/f112th_2501_camel/install/f112th_sim_2501_camel' for CMake config files
[3.055s] Level 1:colcon.colcon_core.environment:checking '/root/f112th_2501_camel/install/f112th_sim_2501_camel/lib'
[3.055s] Level 1:colcon.colcon_core.environment:checking '/root/f112th_2501_camel/install/f112th_sim_2501_camel/bin'
[3.055s] Level 1:colcon.colcon_core.environment:checking '/root/f112th_2501_camel/install/f112th_sim_2501_camel/lib/pkgconfig/f112th_sim_2501_camel.pc'
[3.056s] Level 1:colcon.colcon_core.environment:checking '/root/f112th_2501_camel/install/f112th_sim_2501_camel/lib/python3.10/site-packages'
[3.056s] Level 1:colcon.colcon_core.shell:create_environment_hook('f112th_sim_2501_camel', 'pythonpath')
[3.056s] INFO:colcon.colcon_core.shell:Creating environment hook '/root/f112th_2501_camel/install/f112th_sim_2501_camel/share/f112th_sim_2501_camel/hook/pythonpath.ps1'
[3.057s] INFO:colcon.colcon_core.shell:Creating environment descriptor '/root/f112th_2501_camel/install/f112th_sim_2501_camel/share/f112th_sim_2501_camel/hook/pythonpath.dsv'
[3.058s] INFO:colcon.colcon_core.shell:Creating environment hook '/root/f112th_2501_camel/install/f112th_sim_2501_camel/share/f112th_sim_2501_camel/hook/pythonpath.sh'
[3.059s] Level 1:colcon.colcon_core.environment:checking '/root/f112th_2501_camel/install/f112th_sim_2501_camel/bin'
[3.059s] Level 1:colcon.colcon_core.environment:create_environment_scripts_only(f112th_sim_2501_camel)
[3.059s] INFO:colcon.colcon_core.shell:Creating package script '/root/f112th_2501_camel/install/f112th_sim_2501_camel/share/f112th_sim_2501_camel/package.ps1'
[3.060s] INFO:colcon.colcon_core.shell:Creating package descriptor '/root/f112th_2501_camel/install/f112th_sim_2501_camel/share/f112th_sim_2501_camel/package.dsv'
[3.061s] INFO:colcon.colcon_core.shell:Creating package script '/root/f112th_2501_camel/install/f112th_sim_2501_camel/share/f112th_sim_2501_camel/package.sh'
[3.061s] INFO:colcon.colcon_core.shell:Creating package script '/root/f112th_2501_camel/install/f112th_sim_2501_camel/share/f112th_sim_2501_camel/package.bash'
[3.062s] INFO:colcon.colcon_core.shell:Creating package script '/root/f112th_2501_camel/install/f112th_sim_2501_camel/share/f112th_sim_2501_camel/package.zsh'
[3.062s] Level 1:colcon.colcon_core.environment:create_file_with_runtime_dependencies(/root/f112th_2501_camel/install/f112th_sim_2501_camel/share/colcon-core/packages/f112th_sim_2501_camel)
[3.062s] Level 1:colcon.colcon_core.shell:create_environment_hook('f112th_2501_control_teleop', 'pythonpath_develop')
[3.063s] INFO:colcon.colcon_core.shell:Creating environment hook '/root/f112th_2501_camel/build/f112th_2501_control_teleop/share/f112th_2501_control_teleop/hook/pythonpath_develop.ps1'
[3.064s] DEBUG:colcon.colcon_core.event_handler.log_command:Invoked command in '/root/f112th_2501_camel/build/f112th_2501_control_teleop' returned '0': PYTHONPATH=/root/f112th_2501_camel/build/f112th_2501_control_teleop/prefix_override:/usr/lib/python3/dist-packages/colcon_core/task/python/colcon_distutils_commands:/root/f112th_2501_camel/install/f112th_2501_control_teleop/lib/python3.10/site-packages:${PYTHONPATH} /usr/bin/python3 -W ignore:setup.py install is deprecated -W ignore:easy_install command is deprecated setup.py develop --editable --build-directory /root/f112th_2501_camel/build/f112th_2501_control_teleop/build --no-deps symlink_data
[3.064s] INFO:colcon.colcon_core.shell:Creating environment descriptor '/root/f112th_2501_camel/build/f112th_2501_control_teleop/share/f112th_2501_control_teleop/hook/pythonpath_develop.dsv'
[3.065s] INFO:colcon.colcon_core.shell:Creating environment hook '/root/f112th_2501_camel/build/f112th_2501_control_teleop/share/f112th_2501_control_teleop/hook/pythonpath_develop.sh'
[3.066s] Level 1:colcon.colcon_core.environment:checking '/root/f112th_2501_camel/install/f112th_2501_control_teleop' for CMake module files
[3.067s] Level 1:colcon.colcon_core.environment:checking '/root/f112th_2501_camel/install/f112th_2501_control_teleop' for CMake config files
[3.067s] Level 1:colcon.colcon_core.environment:checking '/root/f112th_2501_camel/install/f112th_2501_control_teleop/lib'
[3.067s] Level 1:colcon.colcon_core.environment:checking '/root/f112th_2501_camel/install/f112th_2501_control_teleop/bin'
[3.068s] Level 1:colcon.colcon_core.environment:checking '/root/f112th_2501_camel/install/f112th_2501_control_teleop/lib/pkgconfig/f112th_2501_control_teleop.pc'
[3.068s] Level 1:colcon.colcon_core.environment:checking '/root/f112th_2501_camel/install/f112th_2501_control_teleop/lib/python3.10/site-packages'
[3.068s] Level 1:colcon.colcon_core.shell:create_environment_hook('f112th_2501_control_teleop', 'pythonpath')
[3.069s] INFO:colcon.colcon_core.shell:Creating environment hook '/root/f112th_2501_camel/install/f112th_2501_control_teleop/share/f112th_2501_control_teleop/hook/pythonpath.ps1'
[3.069s] INFO:colcon.colcon_core.shell:Creating environment descriptor '/root/f112th_2501_camel/install/f112th_2501_control_teleop/share/f112th_2501_control_teleop/hook/pythonpath.dsv'
[3.071s] INFO:colcon.colcon_core.shell:Creating environment hook '/root/f112th_2501_camel/install/f112th_2501_control_teleop/share/f112th_2501_control_teleop/hook/pythonpath.sh'
[3.072s] Level 1:colcon.colcon_core.environment:checking '/root/f112th_2501_camel/install/f112th_2501_control_teleop/bin'
[3.072s] Level 1:colcon.colcon_core.environment:create_environment_scripts_only(f112th_2501_control_teleop)
[3.072s] INFO:colcon.colcon_core.shell:Creating package script '/root/f112th_2501_camel/install/f112th_2501_control_teleop/share/f112th_2501_control_teleop/package.ps1'
[3.073s] INFO:colcon.colcon_core.shell:Creating package descriptor '/root/f112th_2501_camel/install/f112th_2501_control_teleop/share/f112th_2501_control_teleop/package.dsv'
[3.074s] INFO:colcon.colcon_core.shell:Creating package script '/root/f112th_2501_camel/install/f112th_2501_control_teleop/share/f112th_2501_control_teleop/package.sh'
[3.075s] INFO:colcon.colcon_core.shell:Creating package script '/root/f112th_2501_camel/install/f112th_2501_control_teleop/share/f112th_2501_control_teleop/package.bash'
[3.075s] INFO:colcon.colcon_core.shell:Creating package script '/root/f112th_2501_camel/install/f112th_2501_control_teleop/share/f112th_2501_control_teleop/package.zsh'
[3.076s] Level 1:colcon.colcon_core.environment:create_file_with_runtime_dependencies(/root/f112th_2501_camel/install/f112th_2501_control_teleop/share/colcon-core/packages/f112th_2501_control_teleop)
[3.076s] DEBUG:colcon.colcon_parallel_executor.executor.parallel:closing loop
[3.077s] DEBUG:colcon.colcon_parallel_executor.executor.parallel:loop closed
[3.077s] DEBUG:colcon.colcon_parallel_executor.executor.parallel:run_until_complete finished with '0'
[3.077s] DEBUG:colcon.colcon_core.event_reactor:joining thread
[3.088s] INFO:colcon.colcon_core.plugin_system:Skipping extension 'colcon_notification.desktop_notification.notify_send': Could not find 'notify-send'
[3.088s] INFO:colcon.colcon_core.plugin_system:Skipping extension 'colcon_notification.desktop_notification.terminal_notifier': Not used on non-Darwin systems
[3.088s] INFO:colcon.colcon_core.plugin_system:Skipping extension 'colcon_notification.desktop_notification.win32': Not used on non-Windows systems
[3.088s] INFO:colcon.colcon_notification.desktop_notification:Sending desktop notification using 'notify2'
[3.093s] DEBUG:colcon.colcon_notification.desktop_notification.notify2:Failed to initialize notify2: org.freedesktop.DBus.Error.Spawn.ExecFailed: /usr/bin/dbus-launch terminated abnormally without any error message
[3.093s] DEBUG:colcon.colcon_core.event_reactor:joined thread
[3.094s] INFO:colcon.colcon_core.shell:Creating prefix script '/root/f112th_2501_camel/install/local_setup.ps1'
[3.096s] INFO:colcon.colcon_core.shell:Creating prefix util module '/root/f112th_2501_camel/install/_local_setup_util_ps1.py'
[3.098s] INFO:colcon.colcon_core.shell:Creating prefix chain script '/root/f112th_2501_camel/install/setup.ps1'
[3.101s] INFO:colcon.colcon_core.shell:Creating prefix script '/root/f112th_2501_camel/install/local_setup.sh'
[3.102s] INFO:colcon.colcon_core.shell:Creating prefix util module '/root/f112th_2501_camel/install/_local_setup_util_sh.py'
[3.103s] INFO:colcon.colcon_core.shell:Creating prefix chain script '/root/f112th_2501_camel/install/setup.sh'
[3.105s] INFO:colcon.colcon_core.shell:Creating prefix script '/root/f112th_2501_camel/install/local_setup.bash'
[3.106s] INFO:colcon.colcon_core.shell:Creating prefix chain script '/root/f112th_2501_camel/install/setup.bash'
[3.108s] INFO:colcon.colcon_core.shell:Creating prefix script '/root/f112th_2501_camel/install/local_setup.zsh'
[3.109s] INFO:colcon.colcon_core.shell:Creating prefix chain script '/root/f112th_2501_camel/install/setup.zsh'
