[0.115s] DEBUG:colcon:Command line arguments: ['/usr/bin/colcon', 'build', '--symlink-install']
[0.115s] DEBUG:colcon:Parsed command line arguments: Namespace(log_base=None, log_level=None, verb_name='build', build_base='build', install_base='install', merge_install=False, symlink_install=True, test_result_base=None, continue_on_error=False, executor='parallel', parallel_workers=12, event_handlers=None, ignore_user_meta=False, metas=['./colcon.meta'], base_paths=['.'], packages_ignore=None, packages_ignore_regex=None, paths=None, packages_up_to=None, packages_up_to_regex=None, packages_above=None, packages_above_and_dependencies=None, packages_above_depth=None, packages_select_by_dep=None, packages_skip_by_dep=None, packages_skip_up_to=None, packages_select_build_failed=False, packages_skip_build_finished=False, packages_select_test_failures=False, packages_skip_test_passed=False, packages_select=None, packages_skip=None, packages_select_regex=None, packages_skip_regex=None, packages_start=None, packages_end=None, cmake_args=None, cmake_target=None, cmake_target_skip_unavailable=False, cmake_clean_cache=False, cmake_clean_first=False, cmake_force_configure=False, ament_cmake_args=None, catkin_cmake_args=None, catkin_skip_building_tests=False, mixin_files=None, mixin=None, verb_parser=<colcon_mixin.mixin.mixin_argument.MixinArgumentDecorator object at 0x7efe77d2c400>, verb_extension=<colcon_core.verb.build.BuildVerb object at 0x7efe77e55060>, main=<bound method BuildVerb.main of <colcon_core.verb.build.BuildVerb object at 0x7efe77e55060>>, mixin_verb=('build',))
[0.266s] Level 1:colcon.colcon_core.package_discovery:discover_packages(colcon_meta) check parameters
[0.266s] INFO:colcon.colcon_metadata.package_discovery.colcon_meta:Using configuration from '/root/.colcon/metadata/default/Gazebo.meta'
[0.267s] INFO:colcon.colcon_metadata.package_discovery.colcon_meta:Using configuration from '/root/.colcon/metadata/default/fastrtps.meta'
[0.267s] Level 1:colcon.colcon_core.package_discovery:discover_packages(recursive) check parameters
[0.267s] Level 1:colcon.colcon_core.package_discovery:discover_packages(ignore) check parameters
[0.267s] Level 1:colcon.colcon_core.package_discovery:discover_packages(path) check parameters
[0.267s] Level 1:colcon.colcon_core.package_discovery:discover_packages(colcon_meta) discover
[0.267s] Level 1:colcon.colcon_core.package_discovery:discover_packages(recursive) discover
[0.267s] INFO:colcon.colcon_core.package_discovery:Crawling recursively for packages in '/root/f112th_2501_camel'
[0.267s] Level 1:colcon.colcon_core.package_identification:_identify(.) by extensions ['ignore', 'ignore_ament_install']
[0.267s] Level 1:colcon.colcon_core.package_identification:_identify(.) by extension 'ignore'
[0.268s] Level 1:colcon.colcon_core.package_identification:_identify(.) by extension 'ignore_ament_install'
[0.268s] Level 1:colcon.colcon_core.package_identification:_identify(.) by extensions ['colcon_pkg']
[0.268s] Level 1:colcon.colcon_core.package_identification:_identify(.) by extension 'colcon_pkg'
[0.268s] Level 1:colcon.colcon_core.package_identification:_identify(.) by extensions ['colcon_meta']
[0.268s] Level 1:colcon.colcon_core.package_identification:_identify(.) by extension 'colcon_meta'
[0.268s] Level 1:colcon.colcon_core.package_identification:_identify(.) by extensions ['ros']
[0.268s] Level 1:colcon.colcon_core.package_identification:_identify(.) by extension 'ros'
[0.277s] Level 1:colcon.colcon_core.package_identification:_identify(.) by extensions ['cmake', 'python']
[0.277s] Level 1:colcon.colcon_core.package_identification:_identify(.) by extension 'cmake'
[0.277s] Level 1:colcon.colcon_core.package_identification:_identify(.) by extension 'python'
[0.277s] Level 1:colcon.colcon_core.package_identification:_identify(.) by extensions ['python_setup_py']
[0.277s] Level 1:colcon.colcon_core.package_identification:_identify(.) by extension 'python_setup_py'
[0.278s] Level 1:colcon.colcon_core.package_identification:_identify(Resources) by extensions ['ignore', 'ignore_ament_install']
[0.278s] Level 1:colcon.colcon_core.package_identification:_identify(Resources) by extension 'ignore'
[0.278s] Level 1:colcon.colcon_core.package_identification:_identify(Resources) by extension 'ignore_ament_install'
[0.278s] Level 1:colcon.colcon_core.package_identification:_identify(Resources) by extensions ['colcon_pkg']
[0.278s] Level 1:colcon.colcon_core.package_identification:_identify(Resources) by extension 'colcon_pkg'
[0.278s] Level 1:colcon.colcon_core.package_identification:_identify(Resources) by extensions ['colcon_meta']
[0.278s] Level 1:colcon.colcon_core.package_identification:_identify(Resources) by extension 'colcon_meta'
[0.278s] Level 1:colcon.colcon_core.package_identification:_identify(Resources) by extensions ['ros']
[0.278s] Level 1:colcon.colcon_core.package_identification:_identify(Resources) by extension 'ros'
[0.278s] Level 1:colcon.colcon_core.package_identification:_identify(Resources) by extensions ['cmake', 'python']
[0.278s] Level 1:colcon.colcon_core.package_identification:_identify(Resources) by extension 'cmake'
[0.278s] Level 1:colcon.colcon_core.package_identification:_identify(Resources) by extension 'python'
[0.278s] Level 1:colcon.colcon_core.package_identification:_identify(Resources) by extensions ['python_setup_py']
[0.278s] Level 1:colcon.colcon_core.package_identification:_identify(Resources) by extension 'python_setup_py'
[0.278s] Level 1:colcon.colcon_core.package_identification:_identify(build) by extensions ['ignore', 'ignore_ament_install']
[0.278s] Level 1:colcon.colcon_core.package_identification:_identify(build) by extension 'ignore'
[0.278s] Level 1:colcon.colcon_core.package_identification:_identify(build) ignored
[0.279s] Level 1:colcon.colcon_core.package_identification:_identify(install) by extensions ['ignore', 'ignore_ament_install']
[0.279s] Level 1:colcon.colcon_core.package_identification:_identify(install) by extension 'ignore'
[0.279s] Level 1:colcon.colcon_core.package_identification:_identify(install) ignored
[0.279s] Level 1:colcon.colcon_core.package_identification:_identify(log) by extensions ['ignore', 'ignore_ament_install']
[0.279s] Level 1:colcon.colcon_core.package_identification:_identify(log) by extension 'ignore'
[0.279s] Level 1:colcon.colcon_core.package_identification:_identify(log) ignored
[0.279s] Level 1:colcon.colcon_core.package_identification:_identify(src) by extensions ['ignore', 'ignore_ament_install']
[0.279s] Level 1:colcon.colcon_core.package_identification:_identify(src) by extension 'ignore'
[0.279s] Level 1:colcon.colcon_core.package_identification:_identify(src) by extension 'ignore_ament_install'
[0.279s] Level 1:colcon.colcon_core.package_identification:_identify(src) by extensions ['colcon_pkg']
[0.279s] Level 1:colcon.colcon_core.package_identification:_identify(src) by extension 'colcon_pkg'
[0.279s] Level 1:colcon.colcon_core.package_identification:_identify(src) by extensions ['colcon_meta']
[0.279s] Level 1:colcon.colcon_core.package_identification:_identify(src) by extension 'colcon_meta'
[0.279s] Level 1:colcon.colcon_core.package_identification:_identify(src) by extensions ['ros']
[0.279s] Level 1:colcon.colcon_core.package_identification:_identify(src) by extension 'ros'
[0.279s] Level 1:colcon.colcon_core.package_identification:_identify(src) by extensions ['cmake', 'python']
[0.280s] Level 1:colcon.colcon_core.package_identification:_identify(src) by extension 'cmake'
[0.280s] Level 1:colcon.colcon_core.package_identification:_identify(src) by extension 'python'
[0.280s] Level 1:colcon.colcon_core.package_identification:_identify(src) by extensions ['python_setup_py']
[0.280s] Level 1:colcon.colcon_core.package_identification:_identify(src) by extension 'python_setup_py'
[0.280s] Level 1:colcon.colcon_core.package_identification:_identify(src/f112th_2501_control_teleop) by extensions ['ignore', 'ignore_ament_install']
[0.280s] Level 1:colcon.colcon_core.package_identification:_identify(src/f112th_2501_control_teleop) by extension 'ignore'
[0.280s] Level 1:colcon.colcon_core.package_identification:_identify(src/f112th_2501_control_teleop) by extension 'ignore_ament_install'
[0.280s] Level 1:colcon.colcon_core.package_identification:_identify(src/f112th_2501_control_teleop) by extensions ['colcon_pkg']
[0.280s] Level 1:colcon.colcon_core.package_identification:_identify(src/f112th_2501_control_teleop) by extension 'colcon_pkg'
[0.280s] Level 1:colcon.colcon_core.package_identification:_identify(src/f112th_2501_control_teleop) by extensions ['colcon_meta']
[0.280s] Level 1:colcon.colcon_core.package_identification:_identify(src/f112th_2501_control_teleop) by extension 'colcon_meta'
[0.280s] Level 1:colcon.colcon_core.package_identification:_identify(src/f112th_2501_control_teleop) by extensions ['ros']
[0.280s] Level 1:colcon.colcon_core.package_identification:_identify(src/f112th_2501_control_teleop) by extension 'ros'
[0.284s] DEBUG:colcon.colcon_core.package_identification:Package 'src/f112th_2501_control_teleop' with type 'ros.ament_python' and name 'f112th_2501_control_teleop'
[0.284s] Level 1:colcon.colcon_core.package_identification:_identify(src/f112th_sim_2501_camel) by extensions ['ignore', 'ignore_ament_install']
[0.284s] Level 1:colcon.colcon_core.package_identification:_identify(src/f112th_sim_2501_camel) by extension 'ignore'
[0.284s] Level 1:colcon.colcon_core.package_identification:_identify(src/f112th_sim_2501_camel) by extension 'ignore_ament_install'
[0.284s] Level 1:colcon.colcon_core.package_identification:_identify(src/f112th_sim_2501_camel) by extensions ['colcon_pkg']
[0.284s] Level 1:colcon.colcon_core.package_identification:_identify(src/f112th_sim_2501_camel) by extension 'colcon_pkg'
[0.284s] Level 1:colcon.colcon_core.package_identification:_identify(src/f112th_sim_2501_camel) by extensions ['colcon_meta']
[0.284s] Level 1:colcon.colcon_core.package_identification:_identify(src/f112th_sim_2501_camel) by extension 'colcon_meta'
[0.284s] Level 1:colcon.colcon_core.package_identification:_identify(src/f112th_sim_2501_camel) by extensions ['ros']
[0.284s] Level 1:colcon.colcon_core.package_identification:_identify(src/f112th_sim_2501_camel) by extension 'ros'
[0.285s] DEBUG:colcon.colcon_core.package_identification:Package 'src/f112th_sim_2501_camel' with type 'ros.ament_python' and name 'f112th_sim_2501_camel'
[0.285s] Level 1:colcon.colcon_core.package_discovery:discover_packages(recursive) using defaults
[0.285s] Level 1:colcon.colcon_core.package_discovery:discover_packages(ignore) discover
[0.285s] Level 1:colcon.colcon_core.package_discovery:discover_packages(ignore) using defaults
[0.285s] Level 1:colcon.colcon_core.package_discovery:discover_packages(path) discover
[0.285s] Level 1:colcon.colcon_core.package_discovery:discover_packages(path) using defaults
[0.303s] Level 5:colcon.colcon_core.verb:set package 'f112th_2501_control_teleop' build argument 'cmake_args' from command line to 'None'
[0.303s] Level 5:colcon.colcon_core.verb:set package 'f112th_2501_control_teleop' build argument 'cmake_target' from command line to 'None'
[0.303s] Level 5:colcon.colcon_core.verb:set package 'f112th_2501_control_teleop' build argument 'cmake_target_skip_unavailable' from command line to 'False'
[0.303s] Level 5:colcon.colcon_core.verb:set package 'f112th_2501_control_teleop' build argument 'cmake_clean_cache' from command line to 'False'
[0.303s] Level 5:colcon.colcon_core.verb:set package 'f112th_2501_control_teleop' build argument 'cmake_clean_first' from command line to 'False'
[0.303s] Level 5:colcon.colcon_core.verb:set package 'f112th_2501_control_teleop' build argument 'cmake_force_configure' from command line to 'False'
[0.303s] Level 5:colcon.colcon_core.verb:set package 'f112th_2501_control_teleop' build argument 'ament_cmake_args' from command line to 'None'
[0.303s] Level 5:colcon.colcon_core.verb:set package 'f112th_2501_control_teleop' build argument 'catkin_cmake_args' from command line to 'None'
[0.303s] Level 5:colcon.colcon_core.verb:set package 'f112th_2501_control_teleop' build argument 'catkin_skip_building_tests' from command line to 'False'
[0.303s] DEBUG:colcon.colcon_core.verb:Building package 'f112th_2501_control_teleop' with the following arguments: {'ament_cmake_args': None, 'build_base': '/root/f112th_2501_camel/build/f112th_2501_control_teleop', 'catkin_cmake_args': None, 'catkin_skip_building_tests': False, 'cmake_args': None, 'cmake_clean_cache': False, 'cmake_clean_first': False, 'cmake_force_configure': False, 'cmake_target': None, 'cmake_target_skip_unavailable': False, 'install_base': '/root/f112th_2501_camel/install/f112th_2501_control_teleop', 'merge_install': False, 'path': '/root/f112th_2501_camel/src/f112th_2501_control_teleop', 'symlink_install': True, 'test_result_base': None}
[0.303s] Level 5:colcon.colcon_core.verb:set package 'f112th_sim_2501_camel' build argument 'cmake_args' from command line to 'None'
[0.303s] Level 5:colcon.colcon_core.verb:set package 'f112th_sim_2501_camel' build argument 'cmake_target' from command line to 'None'
[0.303s] Level 5:colcon.colcon_core.verb:set package 'f112th_sim_2501_camel' build argument 'cmake_target_skip_unavailable' from command line to 'False'
[0.304s] Level 5:colcon.colcon_core.verb:set package 'f112th_sim_2501_camel' build argument 'cmake_clean_cache' from command line to 'False'
[0.304s] Level 5:colcon.colcon_core.verb:set package 'f112th_sim_2501_camel' build argument 'cmake_clean_first' from command line to 'False'
[0.304s] Level 5:colcon.colcon_core.verb:set package 'f112th_sim_2501_camel' build argument 'cmake_force_configure' from command line to 'False'
[0.304s] Level 5:colcon.colcon_core.verb:set package 'f112th_sim_2501_camel' build argument 'ament_cmake_args' from command line to 'None'
[0.304s] Level 5:colcon.colcon_core.verb:set package 'f112th_sim_2501_camel' build argument 'catkin_cmake_args' from command line to 'None'
[0.304s] Level 5:colcon.colcon_core.verb:set package 'f112th_sim_2501_camel' build argument 'catkin_skip_building_tests' from command line to 'False'
[0.304s] DEBUG:colcon.colcon_core.verb:Building package 'f112th_sim_2501_camel' with the following arguments: {'ament_cmake_args': None, 'build_base': '/root/f112th_2501_camel/build/f112th_sim_2501_camel', 'catkin_cmake_args': None, 'catkin_skip_building_tests': False, 'cmake_args': None, 'cmake_clean_cache': False, 'cmake_clean_first': False, 'cmake_force_configure': False, 'cmake_target': None, 'cmake_target_skip_unavailable': False, 'install_base': '/root/f112th_2501_camel/install/f112th_sim_2501_camel', 'merge_install': False, 'path': '/root/f112th_2501_camel/src/f112th_sim_2501_camel', 'symlink_install': True, 'test_result_base': None}
[0.304s] INFO:colcon.colcon_core.executor:Executing jobs using 'parallel' executor
[0.305s] DEBUG:colcon.colcon_parallel_executor.executor.parallel:run_until_complete
[0.305s] INFO:colcon.colcon_ros.task.ament_python.build:Building ROS package in '/root/f112th_2501_camel/src/f112th_2501_control_teleop' with build type 'ament_python'
[0.305s] Level 1:colcon.colcon_core.shell:create_environment_hook('f112th_2501_control_teleop', 'ament_prefix_path')
[0.308s] INFO:colcon.colcon_core.plugin_system:Skipping extension 'colcon_core.shell.bat': Not used on non-Windows systems
[0.308s] INFO:colcon.colcon_core.shell:Creating environment hook '/root/f112th_2501_camel/install/f112th_2501_control_teleop/share/f112th_2501_control_teleop/hook/ament_prefix_path.ps1'
[0.311s] INFO:colcon.colcon_core.shell:Creating environment descriptor '/root/f112th_2501_camel/install/f112th_2501_control_teleop/share/f112th_2501_control_teleop/hook/ament_prefix_path.dsv'
[0.312s] INFO:colcon.colcon_core.shell:Creating environment hook '/root/f112th_2501_camel/install/f112th_2501_control_teleop/share/f112th_2501_control_teleop/hook/ament_prefix_path.sh'
[0.313s] INFO:colcon.colcon_core.shell:Skip shell extension 'powershell' for command environment: Not usable outside of PowerShell
[0.313s] DEBUG:colcon.colcon_core.shell:Skip shell extension 'dsv' for command environment
[0.313s] WARNING:colcon.colcon_ros.prefix_path.ament:The path '/root/f112th_2501_camel/install/f112th_sim_2501_camel' in the environment variable AMENT_PREFIX_PATH doesn't exist
[0.320s] INFO:colcon.colcon_ros.task.ament_python.build:Building ROS package in '/root/f112th_2501_camel/src/f112th_sim_2501_camel' with build type 'ament_python'
[0.320s] Level 1:colcon.colcon_core.shell:create_environment_hook('f112th_sim_2501_camel', 'ament_prefix_path')
[0.320s] INFO:colcon.colcon_core.shell:Creating environment hook '/root/f112th_2501_camel/install/f112th_sim_2501_camel/share/f112th_sim_2501_camel/hook/ament_prefix_path.ps1'
[0.322s] INFO:colcon.colcon_core.shell:Creating environment descriptor '/root/f112th_2501_camel/install/f112th_sim_2501_camel/share/f112th_sim_2501_camel/hook/ament_prefix_path.dsv'
[0.322s] INFO:colcon.colcon_core.shell:Creating environment hook '/root/f112th_2501_camel/install/f112th_sim_2501_camel/share/f112th_sim_2501_camel/hook/ament_prefix_path.sh'
[0.323s] INFO:colcon.colcon_core.shell:Skip shell extension 'powershell' for command environment: Not usable outside of PowerShell
[0.323s] DEBUG:colcon.colcon_core.shell:Skip shell extension 'dsv' for command environment
[0.568s] INFO:colcon.colcon_core.task.python.build:Building Python package in '/root/f112th_2501_camel/src/f112th_2501_control_teleop'
[0.569s] INFO:colcon.colcon_core.shell:Skip shell extension 'powershell' for command environment: Not usable outside of PowerShell
[0.569s] DEBUG:colcon.colcon_core.shell:Skip shell extension 'dsv' for command environment
[0.823s] INFO:colcon.colcon_core.task.python.build:Building Python package in '/root/f112th_2501_camel/src/f112th_sim_2501_camel'
[0.823s] INFO:colcon.colcon_core.shell:Skip shell extension 'powershell' for command environment: Not usable outside of PowerShell
[0.823s] DEBUG:colcon.colcon_core.shell:Skip shell extension 'dsv' for command environment
[1.338s] DEBUG:colcon.colcon_core.event_handler.log_command:Invoking command in '/root/f112th_2501_camel/build/f112th_sim_2501_camel': PYTHONPATH=/root/f112th_2501_camel/build/f112th_sim_2501_camel/prefix_override:/usr/lib/python3/dist-packages/colcon_core/task/python/colcon_distutils_commands:/root/f112th_2501_camel/install/f112th_sim_2501_camel/lib/python3.10/site-packages:${PYTHONPATH} /usr/bin/python3 -W ignore:setup.py install is deprecated -W ignore:easy_install command is deprecated setup.py develop --editable --build-directory /root/f112th_2501_camel/build/f112th_sim_2501_camel/build --no-deps symlink_data
[1.344s] DEBUG:colcon.colcon_core.event_handler.log_command:Invoking command in '/root/f112th_2501_camel/build/f112th_2501_control_teleop': PYTHONPATH=/root/f112th_2501_camel/build/f112th_2501_control_teleop/prefix_override:/usr/lib/python3/dist-packages/colcon_core/task/python/colcon_distutils_commands:/root/f112th_2501_camel/install/f112th_2501_control_teleop/lib/python3.10/site-packages:${PYTHONPATH} /usr/bin/python3 -W ignore:setup.py install is deprecated -W ignore:easy_install command is deprecated setup.py develop --editable --build-directory /root/f112th_2501_camel/build/f112th_2501_control_teleop/build --no-deps symlink_data
[1.863s] Level 1:colcon.colcon_core.shell:create_environment_hook('f112th_2501_control_teleop', 'pythonpath_develop')
[1.863s] INFO:colcon.colcon_core.shell:Creating environment hook '/root/f112th_2501_camel/build/f112th_2501_control_teleop/share/f112th_2501_control_teleop/hook/pythonpath_develop.ps1'
[1.864s] DEBUG:colcon.colcon_core.event_handler.log_command:Invoked command in '/root/f112th_2501_camel/build/f112th_2501_control_teleop' returned '0': PYTHONPATH=/root/f112th_2501_camel/build/f112th_2501_control_teleop/prefix_override:/usr/lib/python3/dist-packages/colcon_core/task/python/colcon_distutils_commands:/root/f112th_2501_camel/install/f112th_2501_control_teleop/lib/python3.10/site-packages:${PYTHONPATH} /usr/bin/python3 -W ignore:setup.py install is deprecated -W ignore:easy_install command is deprecated setup.py develop --editable --build-directory /root/f112th_2501_camel/build/f112th_2501_control_teleop/build --no-deps symlink_data
[1.866s] INFO:colcon.colcon_core.shell:Creating environment descriptor '/root/f112th_2501_camel/build/f112th_2501_control_teleop/share/f112th_2501_control_teleop/hook/pythonpath_develop.dsv'
[1.866s] INFO:colcon.colcon_core.shell:Creating environment hook '/root/f112th_2501_camel/build/f112th_2501_control_teleop/share/f112th_2501_control_teleop/hook/pythonpath_develop.sh'
[1.872s] Level 1:colcon.colcon_core.environment:checking '/root/f112th_2501_camel/install/f112th_2501_control_teleop' for CMake module files
[1.873s] Level 1:colcon.colcon_core.environment:checking '/root/f112th_2501_camel/install/f112th_2501_control_teleop' for CMake config files
[1.874s] Level 1:colcon.colcon_core.environment:checking '/root/f112th_2501_camel/install/f112th_2501_control_teleop/lib'
[1.874s] Level 1:colcon.colcon_core.environment:checking '/root/f112th_2501_camel/install/f112th_2501_control_teleop/bin'
[1.874s] Level 1:colcon.colcon_core.environment:checking '/root/f112th_2501_camel/install/f112th_2501_control_teleop/lib/pkgconfig/f112th_2501_control_teleop.pc'
[1.874s] Level 1:colcon.colcon_core.environment:checking '/root/f112th_2501_camel/install/f112th_2501_control_teleop/lib/python3.10/site-packages'
[1.874s] Level 1:colcon.colcon_core.shell:create_environment_hook('f112th_2501_control_teleop', 'pythonpath')
[1.875s] INFO:colcon.colcon_core.shell:Creating environment hook '/root/f112th_2501_camel/install/f112th_2501_control_teleop/share/f112th_2501_control_teleop/hook/pythonpath.ps1'
[1.875s] INFO:colcon.colcon_core.shell:Creating environment descriptor '/root/f112th_2501_camel/install/f112th_2501_control_teleop/share/f112th_2501_control_teleop/hook/pythonpath.dsv'
[1.875s] INFO:colcon.colcon_core.shell:Creating environment hook '/root/f112th_2501_camel/install/f112th_2501_control_teleop/share/f112th_2501_control_teleop/hook/pythonpath.sh'
[1.876s] Level 1:colcon.colcon_core.environment:checking '/root/f112th_2501_camel/install/f112th_2501_control_teleop/bin'
[1.876s] Level 1:colcon.colcon_core.environment:create_environment_scripts_only(f112th_2501_control_teleop)
[1.877s] INFO:colcon.colcon_core.shell:Creating package script '/root/f112th_2501_camel/install/f112th_2501_control_teleop/share/f112th_2501_control_teleop/package.ps1'
[1.878s] INFO:colcon.colcon_core.shell:Creating package descriptor '/root/f112th_2501_camel/install/f112th_2501_control_teleop/share/f112th_2501_control_teleop/package.dsv'
[1.879s] INFO:colcon.colcon_core.shell:Creating package script '/root/f112th_2501_camel/install/f112th_2501_control_teleop/share/f112th_2501_control_teleop/package.sh'
[1.880s] INFO:colcon.colcon_core.shell:Creating package script '/root/f112th_2501_camel/install/f112th_2501_control_teleop/share/f112th_2501_control_teleop/package.bash'
[1.881s] INFO:colcon.colcon_core.shell:Creating package script '/root/f112th_2501_camel/install/f112th_2501_control_teleop/share/f112th_2501_control_teleop/package.zsh'
[1.882s] Level 1:colcon.colcon_core.environment:create_file_with_runtime_dependencies(/root/f112th_2501_camel/install/f112th_2501_control_teleop/share/colcon-core/packages/f112th_2501_control_teleop)
[1.885s] Level 1:colcon.colcon_core.shell:create_environment_hook('f112th_sim_2501_camel', 'pythonpath_develop')
[1.885s] INFO:colcon.colcon_core.shell:Creating environment hook '/root/f112th_2501_camel/build/f112th_sim_2501_camel/share/f112th_sim_2501_camel/hook/pythonpath_develop.ps1'
[1.886s] DEBUG:colcon.colcon_core.event_handler.log_command:Invoked command in '/root/f112th_2501_camel/build/f112th_sim_2501_camel' returned '0': PYTHONPATH=/root/f112th_2501_camel/build/f112th_sim_2501_camel/prefix_override:/usr/lib/python3/dist-packages/colcon_core/task/python/colcon_distutils_commands:/root/f112th_2501_camel/install/f112th_sim_2501_camel/lib/python3.10/site-packages:${PYTHONPATH} /usr/bin/python3 -W ignore:setup.py install is deprecated -W ignore:easy_install command is deprecated setup.py develop --editable --build-directory /root/f112th_2501_camel/build/f112th_sim_2501_camel/build --no-deps symlink_data
[1.887s] INFO:colcon.colcon_core.shell:Creating environment descriptor '/root/f112th_2501_camel/build/f112th_sim_2501_camel/share/f112th_sim_2501_camel/hook/pythonpath_develop.dsv'
[1.888s] INFO:colcon.colcon_core.shell:Creating environment hook '/root/f112th_2501_camel/build/f112th_sim_2501_camel/share/f112th_sim_2501_camel/hook/pythonpath_develop.sh'
[1.888s] Level 1:colcon.colcon_core.environment:checking '/root/f112th_2501_camel/install/f112th_sim_2501_camel' for CMake module files
[1.889s] Level 1:colcon.colcon_core.environment:checking '/root/f112th_2501_camel/install/f112th_sim_2501_camel' for CMake config files
[1.889s] Level 1:colcon.colcon_core.environment:checking '/root/f112th_2501_camel/install/f112th_sim_2501_camel/lib'
[1.889s] Level 1:colcon.colcon_core.environment:checking '/root/f112th_2501_camel/install/f112th_sim_2501_camel/bin'
[1.890s] Level 1:colcon.colcon_core.environment:checking '/root/f112th_2501_camel/install/f112th_sim_2501_camel/lib/pkgconfig/f112th_sim_2501_camel.pc'
[1.890s] Level 1:colcon.colcon_core.environment:checking '/root/f112th_2501_camel/install/f112th_sim_2501_camel/lib/python3.10/site-packages'
[1.890s] Level 1:colcon.colcon_core.shell:create_environment_hook('f112th_sim_2501_camel', 'pythonpath')
[1.890s] INFO:colcon.colcon_core.shell:Creating environment hook '/root/f112th_2501_camel/install/f112th_sim_2501_camel/share/f112th_sim_2501_camel/hook/pythonpath.ps1'
[1.891s] INFO:colcon.colcon_core.shell:Creating environment descriptor '/root/f112th_2501_camel/install/f112th_sim_2501_camel/share/f112th_sim_2501_camel/hook/pythonpath.dsv'
[1.892s] INFO:colcon.colcon_core.shell:Creating environment hook '/root/f112th_2501_camel/install/f112th_sim_2501_camel/share/f112th_sim_2501_camel/hook/pythonpath.sh'
[1.892s] Level 1:colcon.colcon_core.environment:checking '/root/f112th_2501_camel/install/f112th_sim_2501_camel/bin'
[1.893s] Level 1:colcon.colcon_core.environment:create_environment_scripts_only(f112th_sim_2501_camel)
[1.893s] INFO:colcon.colcon_core.shell:Creating package script '/root/f112th_2501_camel/install/f112th_sim_2501_camel/share/f112th_sim_2501_camel/package.ps1'
[1.894s] INFO:colcon.colcon_core.shell:Creating package descriptor '/root/f112th_2501_camel/install/f112th_sim_2501_camel/share/f112th_sim_2501_camel/package.dsv'
[1.894s] INFO:colcon.colcon_core.shell:Creating package script '/root/f112th_2501_camel/install/f112th_sim_2501_camel/share/f112th_sim_2501_camel/package.sh'
[1.895s] INFO:colcon.colcon_core.shell:Creating package script '/root/f112th_2501_camel/install/f112th_sim_2501_camel/share/f112th_sim_2501_camel/package.bash'
[1.895s] INFO:colcon.colcon_core.shell:Creating package script '/root/f112th_2501_camel/install/f112th_sim_2501_camel/share/f112th_sim_2501_camel/package.zsh'
[1.895s] Level 1:colcon.colcon_core.environment:create_file_with_runtime_dependencies(/root/f112th_2501_camel/install/f112th_sim_2501_camel/share/colcon-core/packages/f112th_sim_2501_camel)
[1.897s] DEBUG:colcon.colcon_parallel_executor.executor.parallel:closing loop
[1.897s] DEBUG:colcon.colcon_parallel_executor.executor.parallel:loop closed
[1.897s] DEBUG:colcon.colcon_parallel_executor.executor.parallel:run_until_complete finished with '0'
[1.898s] DEBUG:colcon.colcon_core.event_reactor:joining thread
[1.903s] INFO:colcon.colcon_core.plugin_system:Skipping extension 'colcon_notification.desktop_notification.notify_send': Could not find 'notify-send'
[1.903s] INFO:colcon.colcon_core.plugin_system:Skipping extension 'colcon_notification.desktop_notification.terminal_notifier': Not used on non-Darwin systems
[1.903s] INFO:colcon.colcon_core.plugin_system:Skipping extension 'colcon_notification.desktop_notification.win32': Not used on non-Windows systems
[1.903s] INFO:colcon.colcon_notification.desktop_notification:Sending desktop notification using 'notify2'
[1.905s] DEBUG:colcon.colcon_notification.desktop_notification.notify2:Failed to initialize notify2: org.freedesktop.DBus.Error.Spawn.ExecFailed: /usr/bin/dbus-launch terminated abnormally without any error message
[1.905s] DEBUG:colcon.colcon_core.event_reactor:joined thread
[1.908s] INFO:colcon.colcon_core.shell:Creating prefix script '/root/f112th_2501_camel/install/local_setup.ps1'
[1.909s] INFO:colcon.colcon_core.shell:Creating prefix util module '/root/f112th_2501_camel/install/_local_setup_util_ps1.py'
[1.911s] INFO:colcon.colcon_core.shell:Creating prefix chain script '/root/f112th_2501_camel/install/setup.ps1'
[1.912s] INFO:colcon.colcon_core.shell:Creating prefix script '/root/f112th_2501_camel/install/local_setup.sh'
[1.913s] INFO:colcon.colcon_core.shell:Creating prefix util module '/root/f112th_2501_camel/install/_local_setup_util_sh.py'
[1.913s] INFO:colcon.colcon_core.shell:Creating prefix chain script '/root/f112th_2501_camel/install/setup.sh'
[1.915s] INFO:colcon.colcon_core.shell:Creating prefix script '/root/f112th_2501_camel/install/local_setup.bash'
[1.915s] INFO:colcon.colcon_core.shell:Creating prefix chain script '/root/f112th_2501_camel/install/setup.bash'
[1.916s] INFO:colcon.colcon_core.shell:Creating prefix script '/root/f112th_2501_camel/install/local_setup.zsh'
[1.917s] INFO:colcon.colcon_core.shell:Creating prefix chain script '/root/f112th_2501_camel/install/setup.zsh'
